[2022-09-30T01:01:28.000Z] Log level: Info
[2022-09-30T01:01:28.030Z] [info] Validating found git in: git
[2022-09-30T01:01:28.092Z] [info] Using git 2.25.1 from git
[2022-09-30T01:01:28.143Z] > git rev-parse --show-toplevel [11ms]
[2022-09-30T01:01:28.162Z] > git rev-parse --git-dir --git-common-dir [2ms]
[2022-09-30T01:01:28.185Z] [info] Open repository: /home/vitor
[2022-09-30T01:01:28.640Z] > git status -z -uall [437ms]
[2022-09-30T01:01:28.652Z] > git symbolic-ref --short HEAD [3ms]
[2022-09-30T01:01:28.661Z] > git for-each-ref --format=%(refname)%00%(upstream:short)%00%(objectname)%00%(upstream:track)%00%(upstream:remotename)%00%(upstream:remoteref) refs/heads/master refs/remotes/master [1ms]
[2022-09-30T01:01:28.699Z] > git show --textconv :.bash_history [16ms]
[2022-09-30T01:01:28.701Z] > git remote --verbose [26ms]
[2022-09-30T01:01:28.702Z] > git for-each-ref --sort -committerdate --format %(refname) %(objectname) %(*objectname) [33ms]
[2022-09-30T01:01:30.147Z] > git ls-files --stage -- /home/vitor/.bash_history [1453ms]
[2022-09-30T01:01:30.182Z] > git check-ignore -v -z --stdin [1246ms]
[2022-09-30T01:01:30.187Z] > git cat-file -s 251429c79e935e64516f6a3dd897e1104ff3b1f9 [29ms]
[2022-09-30T01:01:30.188Z] > git config --get commit.template [48ms]
[2022-09-30T01:01:30.530Z] > git status -z -uall [323ms]
[2022-09-30T01:01:30.539Z] > git symbolic-ref --short HEAD [1ms]
[2022-09-30T01:01:30.549Z] > git for-each-ref --format=%(refname)%00%(upstream:short)%00%(objectname)%00%(upstream:track)%00%(upstream:remotename)%00%(upstream:remoteref) refs/heads/master refs/remotes/master [3ms]
[2022-09-30T01:01:30.572Z] > git for-each-ref --sort -committerdate --format %(refname) %(objectname) %(*objectname) [16ms]
[2022-09-30T01:01:30.574Z] > git remote --verbose [9ms]
[2022-09-30T01:01:30.669Z] > git config --get commit.template [7ms]
[2022-09-30T01:01:33.673Z] > git status -z -uall [245ms]
[2022-09-30T01:01:33.678Z] > git symbolic-ref --short HEAD [0ms]
[2022-09-30T01:01:33.683Z] > git for-each-ref --format=%(refname)%00%(upstream:short)%00%(objectname)%00%(upstream:track)%00%(upstream:remotename)%00%(upstream:remoteref) refs/heads/master refs/remotes/master [1ms]
[2022-09-30T01:01:33.697Z] > git remote --verbose [2ms]
[2022-09-30T01:01:33.697Z] > git for-each-ref --sort -committerdate --format %(refname) %(objectname) %(*objectname) [9ms]
[2022-09-30T01:01:33.760Z] > git config --get commit.template [6ms]
[2022-09-30T01:01:39.035Z] > git status -z -uall [259ms]
[2022-09-30T01:01:39.055Z] > git symbolic-ref --short HEAD [2ms]
[2022-09-30T01:01:39.072Z] > git for-each-ref --format=%(refname)%00%(upstream:short)%00%(objectname)%00%(upstream:track)%00%(upstream:remotename)%00%(upstream:remoteref) refs/heads/master refs/remotes/master [3ms]
[2022-09-30T01:01:39.094Z] > git for-each-ref --sort -committerdate --format %(refname) %(objectname) %(*objectname) [10ms]
[2022-09-30T01:01:39.095Z] > git remote --verbose [2ms]
[2022-09-30T01:01:39.157Z] > git config --get commit.template [1ms]
[2022-09-30T01:02:09.120Z] > git status -z -uall [200ms]
[2022-09-30T01:02:09.129Z] > git symbolic-ref --short HEAD [1ms]
[2022-09-30T01:02:09.134Z] > git for-each-ref --format=%(refname)%00%(upstream:short)%00%(objectname)%00%(upstream:track)%00%(upstream:remotename)%00%(upstream:remoteref) refs/heads/master refs/remotes/master [0ms]
[2022-09-30T01:02:09.147Z] > git remote --verbose [2ms]
[2022-09-30T01:02:09.147Z] > git for-each-ref --sort -committerdate --format %(refname) %(objectname) %(*objectname) [6ms]
[2022-09-30T01:02:09.211Z] > git config --get commit.template [2ms]
[2022-09-30T01:02:14.385Z] > git status -z -uall [168ms]
[2022-09-30T01:02:14.393Z] > git symbolic-ref --short HEAD [0ms]
[2022-09-30T01:02:14.400Z] > git for-each-ref --format=%(refname)%00%(upstream:short)%00%(objectname)%00%(upstream:track)%00%(upstream:remotename)%00%(upstream:remoteref) refs/heads/master refs/remotes/master [1ms]
[2022-09-30T01:02:14.409Z] > git remote --verbose [1ms]
[2022-09-30T01:02:14.409Z] > git for-each-ref --sort -committerdate --format %(refname) %(objectname) %(*objectname) [6ms]
[2022-09-30T01:02:14.448Z] > git config --get commit.template [2ms]
[2022-09-30T01:02:19.652Z] > git status -z -uall [192ms]
[2022-09-30T01:02:19.659Z] > git symbolic-ref --short HEAD [1ms]
[2022-09-30T01:02:19.670Z] > git for-each-ref --format=%(refname)%00%(upstream:short)%00%(objectname)%00%(upstream:track)%00%(upstream:remotename)%00%(upstream:remoteref) refs/heads/master refs/remotes/master [1ms]
[2022-09-30T01:02:19.688Z] > git for-each-ref --sort -committerdate --format %(refname) %(objectname) %(*objectname) [10ms]
[2022-09-30T01:02:19.696Z] > git remote --verbose [9ms]
[2022-09-30T01:02:19.739Z] > git config --get commit.template [1ms]
[2022-09-30T01:02:24.466Z] > git show --textconv :.bash_history [6ms]
[2022-09-30T01:02:24.468Z] > git ls-files --stage -- /home/vitor/.bash_history [3ms]
[2022-09-30T01:02:24.474Z] > git cat-file -s 251429c79e935e64516f6a3dd897e1104ff3b1f9 [1ms]
[2022-09-30T01:02:25.226Z] > git status -z -uall [466ms]
[2022-09-30T01:02:25.269Z] > git symbolic-ref --short HEAD [10ms]
[2022-09-30T01:02:25.300Z] > git for-each-ref --format=%(refname)%00%(upstream:short)%00%(objectname)%00%(upstream:track)%00%(upstream:remotename)%00%(upstream:remoteref) refs/heads/master refs/remotes/master [1ms]
[2022-09-30T01:02:25.336Z] > git for-each-ref --sort -committerdate --format %(refname) %(objectname) %(*objectname) [22ms]
[2022-09-30T01:02:25.347Z] > git remote --verbose [13ms]
[2022-09-30T01:02:25.428Z] > git config --get commit.template [8ms]
[2022-09-30T01:02:30.589Z] > git status -z -uall [154ms]
[2022-09-30T01:02:30.593Z] > git symbolic-ref --short HEAD [0ms]
[2022-09-30T01:02:30.599Z] > git for-each-ref --format=%(refname)%00%(upstream:short)%00%(objectname)%00%(upstream:track)%00%(upstream:remotename)%00%(upstream:remoteref) refs/heads/master refs/remotes/master [1ms]
[2022-09-30T01:02:30.608Z] > git remote --verbose [1ms]
[2022-09-30T01:02:30.608Z] > git for-each-ref --sort -committerdate --format %(refname) %(objectname) %(*objectname) [5ms]
[2022-09-30T01:02:30.652Z] > git config --get commit.template [1ms]
[2022-09-30T01:02:35.825Z] > git show --textconv :.bash_history [6ms]
[2022-09-30T01:02:35.826Z] > git ls-files --stage -- /home/vitor/.bash_history [2ms]
[2022-09-30T01:02:35.831Z] > git cat-file -s 251429c79e935e64516f6a3dd897e1104ff3b1f9 [0ms]
[2022-09-30T01:02:35.857Z] > git status -z -uall [186ms]
[2022-09-30T01:02:35.861Z] > git symbolic-ref --short HEAD [1ms]
[2022-09-30T01:02:35.867Z] > git for-each-ref --format=%(refname)%00%(upstream:short)%00%(objectname)%00%(upstream:track)%00%(upstream:remotename)%00%(upstream:remoteref) refs/heads/master refs/remotes/master [1ms]
[2022-09-30T01:02:35.878Z] > git remote --verbose [1ms]
[2022-09-30T01:02:35.878Z] > git for-each-ref --sort -committerdate --format %(refname) %(objectname) %(*objectname) [7ms]
[2022-09-30T01:02:35.920Z] > git config --get commit.template [5ms]
[2022-09-30T01:02:37.761Z] > git check-ignore -v -z --stdin [4ms]
[2022-09-30T01:02:40.423Z] > git check-ignore -v -z --stdin [15ms]
[2022-09-30T01:02:41.257Z] > git status -z -uall [328ms]
[2022-09-30T01:02:41.281Z] > git symbolic-ref --short HEAD [3ms]
[2022-09-30T01:02:41.302Z] > git for-each-ref --format=%(refname)%00%(upstream:short)%00%(objectname)%00%(upstream:track)%00%(upstream:remotename)%00%(upstream:remoteref) refs/heads/master refs/remotes/master [2ms]
[2022-09-30T01:02:41.348Z] > git for-each-ref --sort -committerdate --format %(refname) %(objectname) %(*objectname) [29ms]
[2022-09-30T01:02:41.367Z] > git remote --verbose [22ms]
[2022-09-30T01:02:41.495Z] > git config --get commit.template [1ms]
[2022-09-30T01:02:43.001Z] > git check-ignore -v -z --stdin [27ms]
[2022-09-30T01:02:46.707Z] > git status -z -uall [203ms]
[2022-09-30T01:02:46.716Z] > git symbolic-ref --short HEAD [1ms]
[2022-09-30T01:02:46.730Z] > git for-each-ref --format=%(refname)%00%(upstream:short)%00%(objectname)%00%(upstream:track)%00%(upstream:remotename)%00%(upstream:remoteref) refs/heads/master refs/remotes/master [1ms]
[2022-09-30T01:02:46.749Z] > git remote --verbose [3ms]
[2022-09-30T01:02:46.750Z] > git for-each-ref --sort -committerdate --format %(refname) %(objectname) %(*objectname) [12ms]
[2022-09-30T01:02:46.819Z] > git config --get commit.template [1ms]
[2022-09-30T01:02:52.032Z] > git status -z -uall [196ms]
[2022-09-30T01:02:52.044Z] > git symbolic-ref --short HEAD [1ms]
[2022-09-30T01:02:52.061Z] > git for-each-ref --format=%(refname)%00%(upstream:short)%00%(objectname)%00%(upstream:track)%00%(upstream:remotename)%00%(upstream:remoteref) refs/heads/master refs/remotes/master [1ms]
[2022-09-30T01:02:52.092Z] > git remote --verbose [1ms]
[2022-09-30T01:02:52.093Z] > git for-each-ref --sort -committerdate --format %(refname) %(objectname) %(*objectname) [16ms]
[2022-09-30T01:02:53.251Z] > git config --get commit.template [59ms]
[2022-09-30T01:02:54.650Z] > git check-ignore -v -z --stdin [2ms]
[2022-09-30T01:02:57.549Z] > git check-ignore -v -z --stdin [66ms]
[2022-09-30T01:02:58.465Z] > git status -z -uall [205ms]
[2022-09-30T01:02:58.483Z] > git symbolic-ref --short HEAD [1ms]
[2022-09-30T01:02:58.500Z] > git for-each-ref --format=%(refname)%00%(upstream:short)%00%(objectname)%00%(upstream:track)%00%(upstream:remotename)%00%(upstream:remoteref) refs/heads/master refs/remotes/master [4ms]
[2022-09-30T01:02:58.534Z] > git for-each-ref --sort -committerdate --format %(refname) %(objectname) %(*objectname) [15ms]
[2022-09-30T01:02:58.535Z] > git remote --verbose [1ms]
[2022-09-30T01:02:58.638Z] > git config --get commit.template [6ms]
[2022-09-30T01:03:07.979Z] > git status -z -uall [401ms]
[2022-09-30T01:03:08.011Z] > git symbolic-ref --short HEAD [4ms]
[2022-09-30T01:03:08.065Z] > git for-each-ref --format=%(refname)%00%(upstream:short)%00%(objectname)%00%(upstream:track)%00%(upstream:remotename)%00%(upstream:remoteref) refs/heads/master refs/remotes/master [25ms]
[2022-09-30T01:03:08.104Z] > git for-each-ref --sort -committerdate --format %(refname) %(objectname) %(*objectname) [23ms]
[2022-09-30T01:03:08.104Z] > git remote --verbose [5ms]
[2022-09-30T01:03:08.231Z] > git config --get commit.template [3ms]
[2022-09-30T01:03:13.410Z] > git status -z -uall [169ms]
[2022-09-30T01:03:13.416Z] > git symbolic-ref --short HEAD [1ms]
[2022-09-30T01:03:13.423Z] > git for-each-ref --format=%(refname)%00%(upstream:short)%00%(objectname)%00%(upstream:track)%00%(upstream:remotename)%00%(upstream:remoteref) refs/heads/master refs/remotes/master [1ms]
[2022-09-30T01:03:13.435Z] > git for-each-ref --sort -committerdate --format %(refname) %(objectname) %(*objectname) [5ms]
[2022-09-30T01:03:13.435Z] > git remote --verbose [1ms]
[2022-09-30T01:03:13.481Z] > git config --get commit.template [1ms]
[2022-09-30T01:03:18.741Z] > git status -z -uall [252ms]
[2022-09-30T01:03:18.760Z] > git symbolic-ref --short HEAD [4ms]
[2022-09-30T01:03:18.776Z] > git for-each-ref --format=%(refname)%00%(upstream:short)%00%(objectname)%00%(upstream:track)%00%(upstream:remotename)%00%(upstream:remoteref) refs/heads/master refs/remotes/master [3ms]
[2022-09-30T01:03:18.812Z] > git remote --verbose [2ms]
[2022-09-30T01:03:18.812Z] > git for-each-ref --sort -committerdate --format %(refname) %(objectname) %(*objectname) [16ms]
[2022-09-30T01:03:19.474Z] > git config --get commit.template [546ms]
[2022-09-30T01:03:24.659Z] > git status -z -uall [176ms]
[2022-09-30T01:03:24.665Z] > git symbolic-ref --short HEAD [1ms]
[2022-09-30T01:03:24.672Z] > git for-each-ref --format=%(refname)%00%(upstream:short)%00%(objectname)%00%(upstream:track)%00%(upstream:remotename)%00%(upstream:remoteref) refs/heads/master refs/remotes/master [1ms]
[2022-09-30T01:03:24.685Z] > git for-each-ref --sort -committerdate --format %(refname) %(objectname) %(*objectname) [7ms]
[2022-09-30T01:03:24.685Z] > git remote --verbose [1ms]
[2022-09-30T01:03:24.728Z] > git config --get commit.template [1ms]
[2022-09-30T01:03:29.893Z] > git status -z -uall [158ms]
[2022-09-30T01:03:29.901Z] > git symbolic-ref --short HEAD [1ms]
[2022-09-30T01:03:29.907Z] > git for-each-ref --format=%(refname)%00%(upstream:short)%00%(objectname)%00%(upstream:track)%00%(upstream:remotename)%00%(upstream:remoteref) refs/heads/master refs/remotes/master [1ms]
[2022-09-30T01:03:29.915Z] > git remote --verbose [1ms]
[2022-09-30T01:03:29.915Z] > git for-each-ref --sort -committerdate --format %(refname) %(objectname) %(*objectname) [4ms]
[2022-09-30T01:03:29.953Z] > git config --get commit.template [2ms]
[2022-09-30T01:03:31.180Z] > git check-ignore -v -z --stdin [4ms]
[2022-09-30T01:03:35.122Z] > git status -z -uall [164ms]
[2022-09-30T01:03:35.128Z] > git symbolic-ref --short HEAD [1ms]
[2022-09-30T01:03:35.134Z] > git for-each-ref --format=%(refname)%00%(upstream:short)%00%(objectname)%00%(upstream:track)%00%(upstream:remotename)%00%(upstream:remoteref) refs/heads/master refs/remotes/master [2ms]
[2022-09-30T01:03:35.142Z] > git remote --verbose [0ms]
[2022-09-30T01:03:35.143Z] > git for-each-ref --sort -committerdate --format %(refname) %(objectname) %(*objectname) [5ms]
[2022-09-30T01:03:35.175Z] > git config --get commit.template [0ms]
[2022-09-30T01:03:40.336Z] > git status -z -uall [156ms]
[2022-09-30T01:03:40.343Z] > git symbolic-ref --short HEAD [1ms]
[2022-09-30T01:03:40.348Z] > git for-each-ref --format=%(refname)%00%(upstream:short)%00%(objectname)%00%(upstream:track)%00%(upstream:remotename)%00%(upstream:remoteref) refs/heads/master refs/remotes/master [1ms]
[2022-09-30T01:03:40.356Z] > git for-each-ref --sort -committerdate --format %(refname) %(objectname) %(*objectname) [4ms]
[2022-09-30T01:03:40.356Z] > git remote --verbose [1ms]
[2022-09-30T01:03:40.398Z] > git config --get commit.template [4ms]
[2022-09-30T01:03:45.575Z] > git status -z -uall [171ms]
[2022-09-30T01:03:45.581Z] > git symbolic-ref --short HEAD [1ms]
[2022-09-30T01:03:45.587Z] > git for-each-ref --format=%(refname)%00%(upstream:short)%00%(objectname)%00%(upstream:track)%00%(upstream:remotename)%00%(upstream:remoteref) refs/heads/master refs/remotes/master [1ms]
[2022-09-30T01:03:45.599Z] > git for-each-ref --sort -committerdate --format %(refname) %(objectname) %(*objectname) [5ms]
[2022-09-30T01:03:45.600Z] > git remote --verbose [2ms]
[2022-09-30T01:03:45.664Z] > git config --get commit.template [2ms]
[2022-09-30T01:03:48.192Z] > git show --textconv :atividade1.cpp [11ms]
[2022-09-30T01:03:48.197Z] > git ls-files --stage -- /home/vitor/atividade1.cpp [8ms]
[2022-09-30T01:03:48.215Z] > git cat-file -s 78afea1988258bb0c44fe4378fd90d17a254da4a [2ms]
[2022-09-30T01:03:51.100Z] > git show --textconv :exemplo.cpp [10ms]
[2022-09-30T01:03:51.101Z] > git ls-files --stage -- /home/vitor/exemplo.cpp [2ms]
[2022-09-30T01:03:51.107Z] > git cat-file -s b354b76453026155adb1027096edcf2dcb59c75c [1ms]
[2022-09-30T01:03:53.274Z] > git show --textconv :exer.cpp [9ms]
[2022-09-30T01:03:53.274Z] > git ls-files --stage -- /home/vitor/exer.cpp [2ms]
[2022-09-30T01:03:53.281Z] > git cat-file -s 4600dca39a5ca70895add4173fddb0bcb3c77e17 [1ms]
[2022-09-30T01:03:56.612Z] > git status -z -uall [372ms]
[2022-09-30T01:03:56.617Z] > git symbolic-ref --short HEAD [1ms]
[2022-09-30T01:03:56.622Z] > git for-each-ref --format=%(refname)%00%(upstream:short)%00%(objectname)%00%(upstream:track)%00%(upstream:remotename)%00%(upstream:remoteref) refs/heads/master refs/remotes/master [1ms]
[2022-09-30T01:03:56.634Z] > git remote --verbose [1ms]
[2022-09-30T01:03:56.634Z] > git for-each-ref --sort -committerdate --format %(refname) %(objectname) %(*objectname) [7ms]
[2022-09-30T01:03:56.674Z] > git config --get commit.template [0ms]
[2022-09-30T01:04:02.051Z] > git status -z -uall [370ms]
[2022-09-30T01:04:02.057Z] > git symbolic-ref --short HEAD [1ms]
[2022-09-30T01:04:02.063Z] > git for-each-ref --format=%(refname)%00%(upstream:short)%00%(objectname)%00%(upstream:track)%00%(upstream:remotename)%00%(upstream:remoteref) refs/heads/master refs/remotes/master [1ms]
[2022-09-30T01:04:02.075Z] > git remote --verbose [1ms]
[2022-09-30T01:04:02.075Z] > git for-each-ref --sort -committerdate --format %(refname) %(objectname) %(*objectname) [6ms]
[2022-09-30T01:04:02.112Z] > git config --get commit.template [0ms]
[2022-09-30T01:04:07.493Z] > git status -z -uall [374ms]
[2022-09-30T01:04:07.500Z] > git symbolic-ref --short HEAD [1ms]
[2022-09-30T01:04:07.506Z] > git for-each-ref --format=%(refname)%00%(upstream:short)%00%(objectname)%00%(upstream:track)%00%(upstream:remotename)%00%(upstream:remoteref) refs/heads/master refs/remotes/master [1ms]
[2022-09-30T01:04:07.515Z] > git remote --verbose [0ms]
[2022-09-30T01:04:07.516Z] > git for-each-ref --sort -committerdate --format %(refname) %(objectname) %(*objectname) [5ms]
[2022-09-30T01:04:07.552Z] > git config --get commit.template [0ms]
[2022-09-30T01:04:12.957Z] > git status -z -uall [399ms]
[2022-09-30T01:04:12.967Z] > git symbolic-ref --short HEAD [1ms]
[2022-09-30T01:04:12.976Z] > git for-each-ref --format=%(refname)%00%(upstream:short)%00%(objectname)%00%(upstream:track)%00%(upstream:remotename)%00%(upstream:remoteref) refs/heads/master refs/remotes/master [1ms]
[2022-09-30T01:04:13.001Z] > git for-each-ref --sort -committerdate --format %(refname) %(objectname) %(*objectname) [15ms]
[2022-09-30T01:04:13.002Z] > git remote --verbose [3ms]
[2022-09-30T01:04:13.056Z] > git config --get commit.template [6ms]
[2022-09-30T01:04:18.520Z] > git status -z -uall [454ms]
[2022-09-30T01:04:18.532Z] > git symbolic-ref --short HEAD [1ms]
[2022-09-30T01:04:18.542Z] > git for-each-ref --format=%(refname)%00%(upstream:short)%00%(objectname)%00%(upstream:track)%00%(upstream:remotename)%00%(upstream:remoteref) refs/heads/master refs/remotes/master [1ms]
[2022-09-30T01:04:18.562Z] > git remote --verbose [1ms]
[2022-09-30T01:04:18.562Z] > git for-each-ref --sort -committerdate --format %(refname) %(objectname) %(*objectname) [11ms]
[2022-09-30T01:04:18.645Z] > git config --get commit.template [25ms]
[2022-09-30T01:04:24.027Z] > git status -z -uall [373ms]
[2022-09-30T01:04:24.033Z] > git symbolic-ref --short HEAD [1ms]
[2022-09-30T01:04:24.038Z] > git for-each-ref --format=%(refname)%00%(upstream:short)%00%(objectname)%00%(upstream:track)%00%(upstream:remotename)%00%(upstream:remoteref) refs/heads/master refs/remotes/master [0ms]
[2022-09-30T01:04:24.049Z] > git remote --verbose [1ms]
[2022-09-30T01:04:24.049Z] > git for-each-ref --sort -committerdate --format %(refname) %(objectname) %(*objectname) [6ms]
[2022-09-30T01:04:24.083Z] > git config --get commit.template [0ms]
[2022-09-30T01:04:29.550Z] > git status -z -uall [458ms]
[2022-09-30T01:04:29.556Z] > git symbolic-ref --short HEAD [1ms]
[2022-09-30T01:04:29.564Z] > git for-each-ref --format=%(refname)%00%(upstream:short)%00%(objectname)%00%(upstream:track)%00%(upstream:remotename)%00%(upstream:remoteref) refs/heads/master refs/remotes/master [1ms]
[2022-09-30T01:04:29.575Z] > git remote --verbose [1ms]
[2022-09-30T01:04:29.576Z] > git for-each-ref --sort -committerdate --format %(refname) %(objectname) %(*objectname) [6ms]
[2022-09-30T01:04:29.615Z] > git config --get commit.template [1ms]
[2022-09-30T01:04:34.992Z] > git status -z -uall [367ms]
[2022-09-30T01:04:35.000Z] > git symbolic-ref --short HEAD [1ms]
[2022-09-30T01:04:35.007Z] > git for-each-ref --format=%(refname)%00%(upstream:short)%00%(objectname)%00%(upstream:track)%00%(upstream:remotename)%00%(upstream:remoteref) refs/heads/master refs/remotes/master [1ms]
[2022-09-30T01:04:35.021Z] > git for-each-ref --sort -committerdate --format %(refname) %(objectname) %(*objectname) [8ms]
[2022-09-30T01:04:35.021Z] > git remote --verbose [1ms]
[2022-09-30T01:04:35.067Z] > git config --get commit.template [11ms]
[2022-09-30T01:04:40.447Z] > git status -z -uall [373ms]
[2022-09-30T01:04:40.462Z] > git symbolic-ref --short HEAD [1ms]
[2022-09-30T01:04:40.472Z] > git for-each-ref --format=%(refname)%00%(upstream:short)%00%(objectname)%00%(upstream:track)%00%(upstream:remotename)%00%(upstream:remoteref) refs/heads/master refs/remotes/master [1ms]
[2022-09-30T01:04:40.494Z] > git remote --verbose [1ms]
[2022-09-30T01:04:40.494Z] > git for-each-ref --sort -committerdate --format %(refname) %(objectname) %(*objectname) [13ms]
[2022-09-30T01:04:40.571Z] > git config --get commit.template [21ms]
[2022-09-30T01:04:41.872Z] > git show --textconv :.bash_history [9ms]
[2022-09-30T01:04:41.873Z] > git ls-files --stage -- /home/vitor/.bash_history [2ms]
[2022-09-30T01:04:41.882Z] > git cat-file -s 251429c79e935e64516f6a3dd897e1104ff3b1f9 [1ms]
[2022-09-30T01:04:46.400Z] > git status -z -uall [806ms]
[2022-09-30T01:04:46.422Z] > git symbolic-ref --short HEAD [6ms]
[2022-09-30T01:04:46.444Z] > git for-each-ref --format=%(refname)%00%(upstream:short)%00%(objectname)%00%(upstream:track)%00%(upstream:remotename)%00%(upstream:remoteref) refs/heads/master refs/remotes/master [1ms]
[2022-09-30T01:04:46.497Z] > git for-each-ref --sort -committerdate --format %(refname) %(objectname) %(*objectname) [26ms]
[2022-09-30T01:04:46.499Z] > git remote --verbose [6ms]
[2022-09-30T01:04:46.601Z] > git config --get commit.template [17ms]
[2022-09-30T01:04:52.030Z] > git status -z -uall [414ms]
[2022-09-30T01:04:52.036Z] > git symbolic-ref --short HEAD [1ms]
[2022-09-30T01:04:52.042Z] > git for-each-ref --format=%(refname)%00%(upstream:short)%00%(objectname)%00%(upstream:track)%00%(upstream:remotename)%00%(upstream:remoteref) refs/heads/master refs/remotes/master [0ms]
[2022-09-30T01:04:52.054Z] > git for-each-ref --sort -committerdate --format %(refname) %(objectname) %(*objectname) [6ms]
[2022-09-30T01:04:52.054Z] > git remote --verbose [1ms]
[2022-09-30T01:04:52.093Z] > git config --get commit.template [0ms]
[2022-09-30T01:04:57.521Z] > git status -z -uall [411ms]
[2022-09-30T01:04:57.529Z] > git symbolic-ref --short HEAD [1ms]
[2022-09-30T01:04:57.535Z] > git for-each-ref --format=%(refname)%00%(upstream:short)%00%(objectname)%00%(upstream:track)%00%(upstream:remotename)%00%(upstream:remoteref) refs/heads/master refs/remotes/master [1ms]
[2022-09-30T01:04:57.548Z] > git remote --verbose [2ms]
[2022-09-30T01:04:57.548Z] > git for-each-ref --sort -committerdate --format %(refname) %(objectname) %(*objectname) [7ms]
[2022-09-30T01:04:57.588Z] > git config --get commit.template [5ms]
[2022-09-30T01:05:02.972Z] > git status -z -uall [376ms]
[2022-09-30T01:05:03.004Z] > git symbolic-ref --short HEAD [4ms]
[2022-09-30T01:05:03.022Z] > git for-each-ref --format=%(refname)%00%(upstream:short)%00%(objectname)%00%(upstream:track)%00%(upstream:remotename)%00%(upstream:remoteref) refs/heads/master refs/remotes/master [3ms]
[2022-09-30T01:05:03.061Z] > git remote --verbose [4ms]
[2022-09-30T01:05:03.063Z] > git for-each-ref --sort -committerdate --format %(refname) %(objectname) %(*objectname) [25ms]
[2022-09-30T01:05:03.924Z] > git config --get commit.template [730ms]
[2022-09-30T01:05:09.388Z] > git status -z -uall [447ms]
[2022-09-30T01:05:09.396Z] > git symbolic-ref --short HEAD [2ms]
[2022-09-30T01:05:09.412Z] > git for-each-ref --format=%(refname)%00%(upstream:short)%00%(objectname)%00%(upstream:track)%00%(upstream:remotename)%00%(upstream:remoteref) refs/heads/master refs/remotes/master [1ms]
[2022-09-30T01:05:09.431Z] > git remote --verbose [1ms]
[2022-09-30T01:05:09.431Z] > git for-each-ref --sort -committerdate --format %(refname) %(objectname) %(*objectname) [6ms]
[2022-09-30T01:05:09.470Z] > git config --get commit.template [5ms]
[2022-09-30T01:05:14.832Z] > git status -z -uall [355ms]
[2022-09-30T01:05:14.838Z] > git symbolic-ref --short HEAD [1ms]
[2022-09-30T01:05:14.844Z] > git for-each-ref --format=%(refname)%00%(upstream:short)%00%(objectname)%00%(upstream:track)%00%(upstream:remotename)%00%(upstream:remoteref) refs/heads/master refs/remotes/master [0ms]
[2022-09-30T01:05:14.857Z] > git for-each-ref --sort -committerdate --format %(refname) %(objectname) %(*objectname) [6ms]
[2022-09-30T01:05:14.858Z] > git remote --verbose [1ms]
[2022-09-30T01:05:14.896Z] > git config --get commit.template [0ms]
[2022-09-30T01:05:20.272Z] > git status -z -uall [368ms]
[2022-09-30T01:05:20.284Z] > git symbolic-ref --short HEAD [3ms]
[2022-09-30T01:05:20.294Z] > git for-each-ref --format=%(refname)%00%(upstream:short)%00%(objectname)%00%(upstream:track)%00%(upstream:remotename)%00%(upstream:remoteref) refs/heads/master refs/remotes/master [1ms]
[2022-09-30T01:05:20.308Z] > git for-each-ref --sort -committerdate --format %(refname) %(objectname) %(*objectname) [8ms]
[2022-09-30T01:05:20.308Z] > git remote --verbose [1ms]
[2022-09-30T01:05:20.345Z] > git config --get commit.template [1ms]
[2022-09-30T01:05:25.746Z] > git status -z -uall [392ms]
[2022-09-30T01:05:25.761Z] > git symbolic-ref --short HEAD [1ms]
[2022-09-30T01:05:25.772Z] > git for-each-ref --format=%(refname)%00%(upstream:short)%00%(objectname)%00%(upstream:track)%00%(upstream:remotename)%00%(upstream:remoteref) refs/heads/master refs/remotes/master [1ms]
[2022-09-30T01:05:25.792Z] > git for-each-ref --sort -committerdate --format %(refname) %(objectname) %(*objectname) [10ms]
[2022-09-30T01:05:25.792Z] > git remote --verbose [1ms]
[2022-09-30T01:05:25.858Z] > git config --get commit.template [16ms]
[2022-09-30T01:05:31.233Z] > git status -z -uall [365ms]
[2022-09-30T01:05:31.240Z] > git symbolic-ref --short HEAD [0ms]
[2022-09-30T01:05:31.246Z] > git for-each-ref --format=%(refname)%00%(upstream:short)%00%(objectname)%00%(upstream:track)%00%(upstream:remotename)%00%(upstream:remoteref) refs/heads/master refs/remotes/master [0ms]
[2022-09-30T01:05:31.259Z] > git remote --verbose [2ms]
[2022-09-30T01:05:31.259Z] > git for-each-ref --sort -committerdate --format %(refname) %(objectname) %(*objectname) [7ms]
[2022-09-30T01:05:31.297Z] > git config --get commit.template [2ms]
[2022-09-30T01:05:34.091Z] > git ls-files --stage -- /home/vitor/.bash_history [1ms]
[2022-09-30T01:05:34.098Z] > git cat-file -s 251429c79e935e64516f6a3dd897e1104ff3b1f9 [0ms]
[2022-09-30T01:05:34.109Z] > git show --textconv :.bash_history [1ms]
[2022-09-30T01:05:36.705Z] > git status -z -uall [399ms]
[2022-09-30T01:05:36.712Z] > git symbolic-ref --short HEAD [1ms]
[2022-09-30T01:05:36.719Z] > git for-each-ref --format=%(refname)%00%(upstream:short)%00%(objectname)%00%(upstream:track)%00%(upstream:remotename)%00%(upstream:remoteref) refs/heads/master refs/remotes/master [0ms]
[2022-09-30T01:05:36.732Z] > git remote --verbose [1ms]
[2022-09-30T01:05:36.732Z] > git for-each-ref --sort -committerdate --format %(refname) %(objectname) %(*objectname) [8ms]
[2022-09-30T01:05:36.776Z] > git config --get commit.template [1ms]
[2022-09-30T01:05:37.815Z] > git ls-files --stage -- /home/vitor/.bash_history [2ms]
[2022-09-30T01:05:37.821Z] > git cat-file -s 9c46befb44649c59919addc45d78c2339ff46794 [0ms]
[2022-09-30T01:05:37.837Z] > git show --textconv :.bash_history [2ms]
[2022-09-30T01:05:40.981Z] > git ls-files --stage -- /home/vitor/.bash_history [2ms]
[2022-09-30T01:05:40.991Z] > git cat-file -s 9c46befb44649c59919addc45d78c2339ff46794 [0ms]
[2022-09-30T01:05:41.005Z] > git show --textconv :.bash_history [2ms]
[2022-09-30T01:05:41.797Z] > git status -z -uall [14ms]
[2022-09-30T01:05:41.805Z] > git symbolic-ref --short HEAD [1ms]
[2022-09-30T01:05:41.812Z] > git for-each-ref --format=%(refname)%00%(upstream:short)%00%(objectname)%00%(upstream:track)%00%(upstream:remotename)%00%(upstream:remoteref) refs/heads/master refs/remotes/master [0ms]
[2022-09-30T01:05:41.829Z] > git remote --verbose [0ms]
[2022-09-30T01:05:41.829Z] > git for-each-ref --sort -committerdate --format %(refname) %(objectname) %(*objectname) [9ms]
[2022-09-30T01:05:41.875Z] > git config --get commit.template [6ms]
[2022-09-30T01:05:47.001Z] > git show --textconv :.bash_logout [25ms]
[2022-09-30T01:05:47.009Z] > git ls-files --stage -- /home/vitor/.bash_logout [9ms]
[2022-09-30T01:05:47.022Z] > git cat-file -s de4f5f75d7ccd3a5b62bd2ce683ed678a5cb72c2 [1ms]
[2022-09-30T01:05:47.478Z] > git show --textconv :.motd_shown [7ms]
[2022-09-30T01:05:47.479Z] > git ls-files --stage -- /home/vitor/.motd_shown [2ms]
[2022-09-30T01:05:47.491Z] > git cat-file -s e69de29bb2d1d6434b8b29ae775ad8c2e48c5391 [1ms]
[2022-09-30T01:05:49.414Z] > git status -z -uall [28ms]
[2022-09-30T01:05:49.446Z] > git symbolic-ref --short HEAD [6ms]
[2022-09-30T01:05:49.473Z] > git for-each-ref --format=%(refname)%00%(upstream:short)%00%(objectname)%00%(upstream:track)%00%(upstream:remotename)%00%(upstream:remoteref) refs/heads/master refs/remotes/master [4ms]
[2022-09-30T01:05:49.542Z] > git remote --verbose [2ms]
[2022-09-30T01:05:49.542Z] > git for-each-ref --sort -committerdate --format %(refname) %(objectname) %(*objectname) [40ms]
[2022-09-30T01:05:49.670Z] > git config --get commit.template [4ms]
[2022-09-30T01:05:54.734Z] > git status -z -uall [45ms]
[2022-09-30T01:05:54.767Z] > git symbolic-ref --short HEAD [2ms]
[2022-09-30T01:05:54.788Z] > git for-each-ref --format=%(refname)%00%(upstream:short)%00%(objectname)%00%(upstream:track)%00%(upstream:remotename)%00%(upstream:remoteref) refs/heads/master refs/remotes/master [1ms]
[2022-09-30T01:05:54.834Z] > git remote --verbose [2ms]
[2022-09-30T01:05:54.834Z] > git for-each-ref --sort -committerdate --format %(refname) %(objectname) %(*objectname) [20ms]
[2022-09-30T01:05:54.877Z] > git config --get commit.template [6ms]
[2022-09-30T01:05:58.399Z] > git show --textconv :atividade1.cpp [8ms]
[2022-09-30T01:05:58.401Z] > git ls-files --stage -- /home/vitor/atividade1.cpp [2ms]
[2022-09-30T01:05:58.421Z] > git cat-file -s 78afea1988258bb0c44fe4378fd90d17a254da4a [6ms]
[2022-09-30T01:06:00.020Z] > git status -z -uall [132ms]
[2022-09-30T01:06:00.028Z] > git symbolic-ref --short HEAD [1ms]
[2022-09-30T01:06:00.038Z] > git for-each-ref --format=%(refname)%00%(upstream:short)%00%(objectname)%00%(upstream:track)%00%(upstream:remotename)%00%(upstream:remoteref) refs/heads/master refs/remotes/master [1ms]
[2022-09-30T01:06:00.053Z] > git for-each-ref --sort -committerdate --format %(refname) %(objectname) %(*objectname) [9ms]
[2022-09-30T01:06:00.053Z] > git remote --verbose [1ms]
[2022-09-30T01:06:00.094Z] > git config --get commit.template [1ms]
[2022-09-30T01:06:43.271Z] > git status -z -uall [127ms]
[2022-09-30T01:06:43.279Z] > git symbolic-ref --short HEAD [1ms]
[2022-09-30T01:06:43.286Z] > git for-each-ref --format=%(refname)%00%(upstream:short)%00%(objectname)%00%(upstream:track)%00%(upstream:remotename)%00%(upstream:remoteref) refs/heads/master refs/remotes/master [1ms]
[2022-09-30T01:06:43.304Z] > git for-each-ref --sort -committerdate --format %(refname) %(objectname) %(*objectname) [11ms]
[2022-09-30T01:06:43.305Z] > git remote --verbose [4ms]
[2022-09-30T01:06:43.374Z] > git config --get commit.template [2ms]
[2022-09-30T01:06:48.303Z] > git ls-files --stage -- /home/vitor/atividade1.cpp [1ms]
[2022-09-30T01:06:48.310Z] > git cat-file -s 78afea1988258bb0c44fe4378fd90d17a254da4a [1ms]
[2022-09-30T01:06:48.324Z] > git show --textconv :atividade1.cpp [2ms]
[2022-09-30T01:06:48.491Z] > git status -z -uall [109ms]
[2022-09-30T01:06:48.498Z] > git symbolic-ref --short HEAD [0ms]
[2022-09-30T01:06:48.506Z] > git for-each-ref --format=%(refname)%00%(upstream:short)%00%(objectname)%00%(upstream:track)%00%(upstream:remotename)%00%(upstream:remoteref) refs/heads/master refs/remotes/master [1ms]
[2022-09-30T01:06:48.521Z] > git for-each-ref --sort -committerdate --format %(refname) %(objectname) %(*objectname) [10ms]
[2022-09-30T01:06:48.521Z] > git remote --verbose [2ms]
[2022-09-30T01:06:48.562Z] > git config --get commit.template [4ms]
[2022-09-30T01:06:50.589Z] > git ls-files --stage -- /home/vitor/atividade1.cpp [1ms]
[2022-09-30T01:06:50.595Z] > git cat-file -s 78afea1988258bb0c44fe4378fd90d17a254da4a [0ms]
[2022-09-30T01:06:50.607Z] > git show --textconv :atividade1.cpp [2ms]
[2022-09-30T01:07:18.457Z] > git status -z -uall [26ms]
[2022-09-30T01:07:18.463Z] > git symbolic-ref --short HEAD [1ms]
[2022-09-30T01:07:18.469Z] > git for-each-ref --format=%(refname)%00%(upstream:short)%00%(objectname)%00%(upstream:track)%00%(upstream:remotename)%00%(upstream:remoteref) refs/heads/master refs/remotes/master [1ms]
[2022-09-30T01:07:18.479Z] > git remote --verbose [1ms]
[2022-09-30T01:07:18.479Z] > git for-each-ref --sort -committerdate --format %(refname) %(objectname) %(*objectname) [6ms]
[2022-09-30T01:07:18.528Z] > git config --get commit.template [2ms]
[2022-09-30T01:07:23.547Z] > git status -z -uall [13ms]
[2022-09-30T01:07:23.553Z] > git symbolic-ref --short HEAD [2ms]
[2022-09-30T01:07:23.561Z] > git for-each-ref --format=%(refname)%00%(upstream:short)%00%(objectname)%00%(upstream:track)%00%(upstream:remotename)%00%(upstream:remoteref) refs/heads/master refs/remotes/master [1ms]
[2022-09-30T01:07:23.573Z] > git for-each-ref --sort -committerdate --format %(refname) %(objectname) %(*objectname) [7ms]
[2022-09-30T01:07:23.574Z] > git remote --verbose [2ms]
[2022-09-30T01:07:23.634Z] > git config --get commit.template [15ms]
[2022-09-30T01:07:28.654Z] > git status -z -uall [12ms]
[2022-09-30T01:07:28.662Z] > git symbolic-ref --short HEAD [1ms]
[2022-09-30T01:07:28.672Z] > git for-each-ref --format=%(refname)%00%(upstream:short)%00%(objectname)%00%(upstream:track)%00%(upstream:remotename)%00%(upstream:remoteref) refs/heads/master refs/remotes/master [1ms]
[2022-09-30T01:07:28.693Z] > git for-each-ref --sort -committerdate --format %(refname) %(objectname) %(*objectname) [11ms]
[2022-09-30T01:07:28.694Z] > git remote --verbose [2ms]
[2022-09-30T01:07:28.755Z] > git config --get commit.template [12ms]
[2022-09-30T01:07:37.362Z] > git status -z -uall [66ms]
[2022-09-30T01:07:37.376Z] > git symbolic-ref --short HEAD [2ms]
[2022-09-30T01:07:37.387Z] > git for-each-ref --format=%(refname)%00%(upstream:short)%00%(objectname)%00%(upstream:track)%00%(upstream:remotename)%00%(upstream:remoteref) refs/heads/master refs/remotes/master [2ms]
[2022-09-30T01:07:37.418Z] > git remote --verbose [14ms]
[2022-09-30T01:07:37.418Z] > git for-each-ref --sort -committerdate --format %(refname) %(objectname) %(*objectname) [23ms]
[2022-09-30T01:07:37.476Z] > git config --get commit.template [3ms]
[2022-09-30T01:07:39.530Z] > git ls-files --stage -- /home/vitor/atividade1.cpp [1ms]
[2022-09-30T01:07:39.540Z] > git cat-file -s 78afea1988258bb0c44fe4378fd90d17a254da4a [1ms]
[2022-09-30T01:07:39.553Z] > git show --textconv :atividade1.cpp [2ms]
[2022-09-30T01:07:42.499Z] > git status -z -uall [14ms]
[2022-09-30T01:07:42.507Z] > git symbolic-ref --short HEAD [1ms]
[2022-09-30T01:07:42.514Z] > git for-each-ref --format=%(refname)%00%(upstream:short)%00%(objectname)%00%(upstream:track)%00%(upstream:remotename)%00%(upstream:remoteref) refs/heads/master refs/remotes/master [0ms]
[2022-09-30T01:07:42.530Z] > git for-each-ref --sort -committerdate --format %(refname) %(objectname) %(*objectname) [8ms]
[2022-09-30T01:07:42.531Z] > git remote --verbose [1ms]
[2022-09-30T01:07:42.582Z] > git config --get commit.template [9ms]
[2022-09-30T01:07:54.652Z] > git status -z -uall [22ms]
[2022-09-30T01:07:54.668Z] > git symbolic-ref --short HEAD [1ms]
[2022-09-30T01:07:54.677Z] > git for-each-ref --format=%(refname)%00%(upstream:short)%00%(objectname)%00%(upstream:track)%00%(upstream:remotename)%00%(upstream:remoteref) refs/heads/master refs/remotes/master [1ms]
[2022-09-30T01:07:54.694Z] > git remote --verbose [1ms]
[2022-09-30T01:07:54.694Z] > git for-each-ref --sort -committerdate --format %(refname) %(objectname) %(*objectname) [8ms]
[2022-09-30T01:07:54.747Z] > git config --get commit.template [1ms]
[2022-09-30T01:08:08.207Z] > git status -z -uall [85ms]
[2022-09-30T01:08:08.224Z] > git symbolic-ref --short HEAD [1ms]
[2022-09-30T01:08:08.238Z] > git for-each-ref --format=%(refname)%00%(upstream:short)%00%(objectname)%00%(upstream:track)%00%(upstream:remotename)%00%(upstream:remoteref) refs/heads/master refs/remotes/master [2ms]
[2022-09-30T01:08:08.253Z] > git remote --verbose [1ms]
[2022-09-30T01:08:08.253Z] > git for-each-ref --sort -committerdate --format %(refname) %(objectname) %(*objectname) [9ms]
[2022-09-30T01:08:08.316Z] > git config --get commit.template [1ms]
[2022-09-30T01:09:11.992Z] > git status -z -uall [38ms]
[2022-09-30T01:09:12.004Z] > git symbolic-ref --short HEAD [3ms]
[2022-09-30T01:09:12.014Z] > git for-each-ref --format=%(refname)%00%(upstream:short)%00%(objectname)%00%(upstream:track)%00%(upstream:remotename)%00%(upstream:remoteref) refs/heads/master refs/remotes/master [2ms]
[2022-09-30T01:09:12.029Z] > git remote --verbose [1ms]
[2022-09-30T01:09:12.029Z] > git for-each-ref --sort -committerdate --format %(refname) %(objectname) %(*objectname) [7ms]
[2022-09-30T01:09:12.102Z] > git config --get commit.template [3ms]
[2022-09-30T01:09:21.908Z] > git status -z -uall [19ms]
[2022-09-30T01:09:21.920Z] > git symbolic-ref --short HEAD [0ms]
[2022-09-30T01:09:21.929Z] > git for-each-ref --format=%(refname)%00%(upstream:short)%00%(objectname)%00%(upstream:track)%00%(upstream:remotename)%00%(upstream:remoteref) refs/heads/master refs/remotes/master [1ms]
[2022-09-30T01:09:21.947Z] > git remote --verbose [3ms]
[2022-09-30T01:09:21.947Z] > git for-each-ref --sort -committerdate --format %(refname) %(objectname) %(*objectname) [12ms]
[2022-09-30T01:09:21.994Z] > git config --get commit.template [2ms]
[2022-09-30T01:09:42.227Z] > git status -z -uall [44ms]
[2022-09-30T01:09:42.241Z] > git symbolic-ref --short HEAD [1ms]
[2022-09-30T01:09:42.256Z] > git for-each-ref --format=%(refname)%00%(upstream:short)%00%(objectname)%00%(upstream:track)%00%(upstream:remotename)%00%(upstream:remoteref) refs/heads/master refs/remotes/master [1ms]
[2022-09-30T01:09:42.289Z] > git for-each-ref --sort -committerdate --format %(refname) %(objectname) %(*objectname) [23ms]
[2022-09-30T01:09:42.291Z] > git remote --verbose [4ms]
[2022-09-30T01:09:42.860Z] > git config --get commit.template [17ms]
[2022-09-30T01:09:55.209Z] > git status -z -uall [21ms]
[2022-09-30T01:09:55.218Z] > git symbolic-ref --short HEAD [0ms]
[2022-09-30T01:09:55.228Z] > git for-each-ref --format=%(refname)%00%(upstream:short)%00%(objectname)%00%(upstream:track)%00%(upstream:remotename)%00%(upstream:remoteref) refs/heads/master refs/remotes/master [1ms]
[2022-09-30T01:09:55.249Z] > git remote --verbose [1ms]
[2022-09-30T01:09:55.250Z] > git for-each-ref --sort -committerdate --format %(refname) %(objectname) %(*objectname) [10ms]
[2022-09-30T01:09:55.295Z] > git config --get commit.template [5ms]
[2022-09-30T01:10:00.333Z] > git status -z -uall [24ms]
[2022-09-30T01:10:00.346Z] > git symbolic-ref --short HEAD [2ms]
[2022-09-30T01:10:00.355Z] > git for-each-ref --format=%(refname)%00%(upstream:short)%00%(objectname)%00%(upstream:track)%00%(upstream:remotename)%00%(upstream:remoteref) refs/heads/master refs/remotes/master [2ms]
[2022-09-30T01:10:00.372Z] > git remote --verbose [2ms]
[2022-09-30T01:10:00.373Z] > git for-each-ref --sort -committerdate --format %(refname) %(objectname) %(*objectname) [11ms]
[2022-09-30T01:10:00.422Z] > git config --get commit.template [2ms]
[2022-09-30T01:10:05.447Z] > git status -z -uall [18ms]
[2022-09-30T01:10:05.454Z] > git symbolic-ref --short HEAD [0ms]
[2022-09-30T01:10:05.462Z] > git for-each-ref --format=%(refname)%00%(upstream:short)%00%(objectname)%00%(upstream:track)%00%(upstream:remotename)%00%(upstream:remoteref) refs/heads/master refs/remotes/master [1ms]
[2022-09-30T01:10:05.483Z] > git remote --verbose [1ms]
[2022-09-30T01:10:05.483Z] > git for-each-ref --sort -committerdate --format %(refname) %(objectname) %(*objectname) [16ms]
[2022-09-30T01:10:05.522Z] > git config --get commit.template [0ms]
[2022-09-30T01:10:10.546Z] > git status -z -uall [16ms]
[2022-09-30T01:10:10.555Z] > git symbolic-ref --short HEAD [1ms]
[2022-09-30T01:10:10.563Z] > git for-each-ref --format=%(refname)%00%(upstream:short)%00%(objectname)%00%(upstream:track)%00%(upstream:remotename)%00%(upstream:remoteref) refs/heads/master refs/remotes/master [1ms]
[2022-09-30T01:10:10.595Z] > git for-each-ref --sort -committerdate --format %(refname) %(objectname) %(*objectname) [21ms]
[2022-09-30T01:10:10.596Z] > git remote --verbose [6ms]
[2022-09-30T01:10:10.681Z] > git config --get commit.template [28ms]
[2022-09-30T01:10:21.103Z] > git status -z -uall [17ms]
[2022-09-30T01:10:21.116Z] > git symbolic-ref --short HEAD [2ms]
[2022-09-30T01:10:21.124Z] > git for-each-ref --format=%(refname)%00%(upstream:short)%00%(objectname)%00%(upstream:track)%00%(upstream:remotename)%00%(upstream:remoteref) refs/heads/master refs/remotes/master [1ms]
[2022-09-30T01:10:21.144Z] > git for-each-ref --sort -committerdate --format %(refname) %(objectname) %(*objectname) [12ms]
[2022-09-30T01:10:21.145Z] > git remote --verbose [3ms]
[2022-09-30T01:10:21.209Z] > git config --get commit.template [16ms]
[2022-09-30T01:10:26.228Z] > git status -z -uall [11ms]
[2022-09-30T01:10:26.234Z] > git symbolic-ref --short HEAD [1ms]
[2022-09-30T01:10:26.244Z] > git for-each-ref --format=%(refname)%00%(upstream:short)%00%(objectname)%00%(upstream:track)%00%(upstream:remotename)%00%(upstream:remoteref) refs/heads/master refs/remotes/master [1ms]
[2022-09-30T01:10:26.255Z] > git for-each-ref --sort -committerdate --format %(refname) %(objectname) %(*objectname) [6ms]
[2022-09-30T01:10:26.255Z] > git remote --verbose [1ms]
[2022-09-30T01:10:26.291Z] > git config --get commit.template [1ms]
[2022-09-30T01:10:31.311Z] > git status -z -uall [13ms]
[2022-09-30T01:10:31.321Z] > git symbolic-ref --short HEAD [1ms]
[2022-09-30T01:10:31.329Z] > git for-each-ref --format=%(refname)%00%(upstream:short)%00%(objectname)%00%(upstream:track)%00%(upstream:remotename)%00%(upstream:remoteref) refs/heads/master refs/remotes/master [0ms]
[2022-09-30T01:10:31.343Z] > git remote --verbose [1ms]
[2022-09-30T01:10:31.343Z] > git for-each-ref --sort -committerdate --format %(refname) %(objectname) %(*objectname) [8ms]
[2022-09-30T01:10:31.389Z] > git config --get commit.template [3ms]
[2022-09-30T01:10:42.375Z] > git status -z -uall [33ms]
[2022-09-30T01:10:42.393Z] > git symbolic-ref --short HEAD [1ms]
[2022-09-30T01:10:42.406Z] > git for-each-ref --format=%(refname)%00%(upstream:short)%00%(objectname)%00%(upstream:track)%00%(upstream:remotename)%00%(upstream:remoteref) refs/heads/master refs/remotes/master [1ms]
[2022-09-30T01:10:42.432Z] > git for-each-ref --sort -committerdate --format %(refname) %(objectname) %(*objectname) [12ms]
[2022-09-30T01:10:42.432Z] > git remote --verbose [1ms]
[2022-09-30T01:10:42.492Z] > git config --get commit.template [0ms]
[2022-09-30T01:11:06.385Z] > git status -z -uall [25ms]
[2022-09-30T01:11:06.402Z] > git symbolic-ref --short HEAD [1ms]
[2022-09-30T01:11:06.419Z] > git for-each-ref --format=%(refname)%00%(upstream:short)%00%(objectname)%00%(upstream:track)%00%(upstream:remotename)%00%(upstream:remoteref) refs/heads/master refs/remotes/master [1ms]
[2022-09-30T01:11:06.459Z] > git for-each-ref --sort -committerdate --format %(refname) %(objectname) %(*objectname) [23ms]
[2022-09-30T01:11:06.460Z] > git remote --verbose [2ms]
[2022-09-30T01:11:06.559Z] > git config --get commit.template [8ms]
[2022-09-30T01:11:12.709Z] > git status -z -uall [71ms]
[2022-09-30T01:11:12.770Z] > git symbolic-ref --short HEAD [2ms]
[2022-09-30T01:11:12.781Z] > git for-each-ref --format=%(refname)%00%(upstream:short)%00%(objectname)%00%(upstream:track)%00%(upstream:remotename)%00%(upstream:remoteref) refs/heads/master refs/remotes/master [1ms]
[2022-09-30T01:11:12.813Z] > git remote --verbose [2ms]
[2022-09-30T01:11:12.814Z] > git for-each-ref --sort -committerdate --format %(refname) %(objectname) %(*objectname) [17ms]
[2022-09-30T01:11:12.878Z] > git config --get commit.template [7ms]
[2022-09-30T01:12:01.411Z] > git status -z -uall [27ms]
[2022-09-30T01:12:01.424Z] > git symbolic-ref --short HEAD [1ms]
[2022-09-30T01:12:01.436Z] > git for-each-ref --format=%(refname)%00%(upstream:short)%00%(objectname)%00%(upstream:track)%00%(upstream:remotename)%00%(upstream:remoteref) refs/heads/master refs/remotes/master [1ms]
[2022-09-30T01:12:01.455Z] > git for-each-ref --sort -committerdate --format %(refname) %(objectname) %(*objectname) [9ms]
[2022-09-30T01:12:01.455Z] > git remote --verbose [1ms]
[2022-09-30T01:12:01.520Z] > git config --get commit.template [1ms]
[2022-09-30T01:12:10.099Z] > git status -z -uall [35ms]
[2022-09-30T01:12:10.118Z] > git symbolic-ref --short HEAD [3ms]
[2022-09-30T01:12:10.133Z] > git for-each-ref --format=%(refname)%00%(upstream:short)%00%(objectname)%00%(upstream:track)%00%(upstream:remotename)%00%(upstream:remoteref) refs/heads/master refs/remotes/master [1ms]
[2022-09-30T01:12:10.154Z] > git for-each-ref --sort -committerdate --format %(refname) %(objectname) %(*objectname) [12ms]
[2022-09-30T01:12:10.154Z] > git remote --verbose [1ms]
[2022-09-30T01:12:10.225Z] > git config --get commit.template [1ms]
[2022-09-30T01:16:06.273Z] > git status -z -uall [85ms]
[2022-09-30T01:16:06.285Z] > git symbolic-ref --short HEAD [1ms]
[2022-09-30T01:16:06.304Z] > git for-each-ref --format=%(refname)%00%(upstream:short)%00%(objectname)%00%(upstream:track)%00%(upstream:remotename)%00%(upstream:remoteref) refs/heads/master refs/remotes/master [2ms]
[2022-09-30T01:16:06.333Z] > git remote --verbose [2ms]
[2022-09-30T01:16:06.333Z] > git for-each-ref --sort -committerdate --format %(refname) %(objectname) %(*objectname) [12ms]
[2022-09-30T01:16:06.480Z] > git config --get commit.template [11ms]
