[2022-09-29 22:18:12.751] [exthost] [info] Extension host with pid 88 started
[2022-09-29 22:18:12.774] [exthost] [info] Lock '/home/vitor/.vscode-server/data/User/workspaceStorage/4476f47c56689d5053b2ebe8bfe4141f/vscode.lock': Lock acquired.
[2022-09-29 22:18:12.834] [exthost] [info] ExtensionService#_doActivateExtension vscode.debug-auto-launch, startup: true, activationEvent: '*'
[2022-09-29 22:18:12.850] [exthost] [info] ExtensionService#_doActivateExtension vscode.git-base, startup: true, activationEvent: '*', root cause: vscode.git
[2022-09-29 22:18:12.859] [exthost] [info] ExtensionService#_doActivateExtension vscode.ipynb, startup: true, activationEvent: '*'
[2022-09-29 22:18:12.938] [exthost] [info] ExtensionService#_doActivateExtension vscode.git, startup: true, activationEvent: '*'
[2022-09-29 22:18:13.422] [exthost] [info] ExtensionService#_doActivateExtension vscode.github, startup: true, activationEvent: '*'
[2022-09-29 22:18:14.100] [exthost] [info] ExtensionService#_doActivateExtension vscode.emmet, startup: false, activationEvent: 'onStartupFinished'
[2022-09-29 22:18:14.163] [exthost] [info] ExtensionService#_doActivateExtension vscode.merge-conflict, startup: false, activationEvent: 'onStartupFinished'
[2022-09-29 22:18:14.179] [exthost] [info] Eager extensions activated
[2022-09-29 22:18:14.704] [exthost] [warning] [Decorations] CAPPING events from decorations provider vscode.git 3929
[2022-09-29 22:18:15.556] [exthost] [warning] [Decorations] CAPPING events from decorations provider vscode.git 3930
[2022-09-29 22:18:17.775] [exthost] [warning] [Decorations] CAPPING events from decorations provider vscode.git 3930
[2022-09-29 22:18:23.318] [exthost] [warning] [Decorations] CAPPING events from decorations provider vscode.git 3930
[2022-09-29 22:18:28.671] [exthost] [warning] [Decorations] CAPPING events from decorations provider vscode.git 3930
[2022-09-29 22:18:39.386] [exthost] [warning] [Decorations] CAPPING events from decorations provider vscode.git 3930
[2022-09-29 22:18:44.525] [exthost] [warning] [Decorations] CAPPING events from decorations provider vscode.git 3930
[2022-09-29 22:18:54.754] [exthost] [warning] [Decorations] CAPPING events from decorations provider vscode.git 3930
[2022-09-29 22:18:59.895] [exthost] [warning] [Decorations] CAPPING events from decorations provider vscode.git 3930
[2022-09-29 22:19:04.999] [exthost] [warning] [Decorations] CAPPING events from decorations provider vscode.git 3930
[2022-09-29 22:19:10.118] [exthost] [warning] [Decorations] CAPPING events from decorations provider vscode.git 3930
[2022-09-29 22:19:15.275] [exthost] [warning] [Decorations] CAPPING events from decorations provider vscode.git 3930
[2022-09-29 22:19:20.400] [exthost] [warning] [Decorations] CAPPING events from decorations provider vscode.git 3930
[2022-09-29 22:19:25.543] [exthost] [warning] [Decorations] CAPPING events from decorations provider vscode.git 3930
[2022-09-29 22:19:32.703] [exthost] [warning] [Decorations] CAPPING events from decorations provider vscode.git 3930
[2022-09-29 22:19:37.839] [exthost] [warning] [Decorations] CAPPING events from decorations provider vscode.git 3930
[2022-09-29 22:19:42.952] [exthost] [warning] [Decorations] CAPPING events from decorations provider vscode.git 3930
[2022-09-29 22:19:48.077] [exthost] [warning] [Decorations] CAPPING events from decorations provider vscode.git 3930
[2022-09-29 22:19:53.195] [exthost] [warning] [Decorations] CAPPING events from decorations provider vscode.git 3930
[2022-09-29 22:19:58.318] [exthost] [warning] [Decorations] CAPPING events from decorations provider vscode.git 3930
[2022-09-29 22:20:03.425] [exthost] [warning] [Decorations] CAPPING events from decorations provider vscode.git 3930
[2022-09-29 22:20:08.550] [exthost] [warning] [Decorations] CAPPING events from decorations provider vscode.git 3930
[2022-09-29 22:20:13.655] [exthost] [warning] [Decorations] CAPPING events from decorations provider vscode.git 3930
[2022-09-29 22:20:18.774] [exthost] [warning] [Decorations] CAPPING events from decorations provider vscode.git 3930
[2022-09-29 22:20:23.880] [exthost] [warning] [Decorations] CAPPING events from decorations provider vscode.git 3930
[2022-09-29 22:20:29.400] [exthost] [warning] [Decorations] CAPPING events from decorations provider vscode.git 3930
[2022-09-29 22:20:34.511] [exthost] [warning] [Decorations] CAPPING events from decorations provider vscode.git 3930
[2022-09-29 22:20:40.415] [exthost] [warning] [Decorations] CAPPING events from decorations provider vscode.git 3930
[2022-09-29 22:20:45.536] [exthost] [warning] [Decorations] CAPPING events from decorations provider vscode.git 3930
[2022-09-29 22:20:50.671] [exthost] [warning] [Decorations] CAPPING events from decorations provider vscode.git 3930
[2022-09-29 22:20:59.367] [exthost] [warning] [Decorations] CAPPING events from decorations provider vscode.git 3930
[2022-09-29 22:21:04.492] [exthost] [warning] [Decorations] CAPPING events from decorations provider vscode.git 3930
[2022-09-29 22:21:09.622] [exthost] [warning] [Decorations] CAPPING events from decorations provider vscode.git 3930
[2022-09-29 22:21:14.735] [exthost] [warning] [Decorations] CAPPING events from decorations provider vscode.git 3931
[2022-09-29 22:21:19.847] [exthost] [warning] [Decorations] CAPPING events from decorations provider vscode.git 3931
[2022-09-29 22:21:24.954] [exthost] [warning] [Decorations] CAPPING events from decorations provider vscode.git 3931
[2022-09-29 22:21:30.064] [exthost] [warning] [Decorations] CAPPING events from decorations provider vscode.git 3931
[2022-09-29 22:21:35.189] [exthost] [warning] [Decorations] CAPPING events from decorations provider vscode.git 3931
[2022-09-29 22:22:17.830] [exthost] [warning] [Decorations] CAPPING events from decorations provider vscode.git 3931
[2022-09-29 22:22:22.952] [exthost] [warning] [Decorations] CAPPING events from decorations provider vscode.git 3931
[2022-09-29 22:22:29.859] [exthost] [warning] [Decorations] CAPPING events from decorations provider vscode.git 3931
[2022-09-29 22:22:34.981] [exthost] [warning] [Decorations] CAPPING events from decorations provider vscode.git 3931
[2022-09-29 22:22:44.652] [exthost] [warning] [Decorations] CAPPING events from decorations provider vscode.git 3931
[2022-09-29 22:22:49.769] [exthost] [warning] [Decorations] CAPPING events from decorations provider vscode.git 3931
[2022-09-29 22:22:54.878] [exthost] [warning] [Decorations] CAPPING events from decorations provider vscode.git 3931
[2022-09-29 22:22:59.988] [exthost] [warning] [Decorations] CAPPING events from decorations provider vscode.git 3931
[2022-09-29 22:23:05.155] [exthost] [warning] [Decorations] CAPPING events from decorations provider vscode.git 3931
[2022-09-29 22:23:10.273] [exthost] [warning] [Decorations] CAPPING events from decorations provider vscode.git 3931
[2022-09-29 22:23:16.348] [exthost] [warning] [Decorations] CAPPING events from decorations provider vscode.git 3931
[2022-09-29 22:26:58.403] [exthost] [warning] [Decorations] CAPPING events from decorations provider vscode.git 3931
[2022-09-29 22:27:00.690] [exthost] [info] ExtensionService#_doActivateExtension cschlosser.doxdocgen, startup: false, activationEvent: 'onLanguage:cpp'
[2022-09-29 22:27:00.909] [exthost] [info] ExtensionService#_doActivateExtension ms-vscode.cpptools, startup: false, activationEvent: 'onLanguage:cpp'
[2022-09-29 22:27:04.256] [exthost] [warning] [Decorations] CAPPING events from decorations provider vscode.git 3932
[2022-09-29 22:27:09.536] [exthost] [warning] [Decorations] CAPPING events from decorations provider vscode.git 3932
[2022-09-29 22:27:14.774] [exthost] [warning] [Decorations] CAPPING events from decorations provider vscode.git 3932
[2022-09-29 22:27:20.027] [exthost] [warning] [Decorations] CAPPING events from decorations provider vscode.git 3932
[2022-09-29 22:27:25.377] [exthost] [warning] [Decorations] CAPPING events from decorations provider vscode.git 3932
[2022-09-29 22:27:33.660] [exthost] [warning] [Decorations] CAPPING events from decorations provider vscode.git 3935
[2022-09-29 22:27:41.663] [exthost] [warning] [Decorations] CAPPING events from decorations provider vscode.git 3935
[2022-09-29 22:27:46.894] [exthost] [warning] [Decorations] CAPPING events from decorations provider vscode.git 3935
