[2022-09-17T17:05:50.724Z] Log level: Info
[2022-09-17T17:05:50.742Z] [info] Validating found git in: git
[2022-09-17T17:05:50.815Z] [info] Using git 2.25.1 from git
[2022-09-17T17:05:50.858Z] > git rev-parse --show-toplevel [21ms]
[2022-09-17T17:05:50.858Z] fatal: not a git repository (or any of the parent directories): .git
[2022-09-17T17:05:50.867Z] > git rev-parse --show-toplevel [1ms]
[2022-09-17T17:05:50.867Z] fatal: not a git repository (or any of the parent directories): .git
[2022-09-17T17:05:50.871Z] > git rev-parse --show-toplevel [1ms]
[2022-09-17T17:05:50.871Z] fatal: not a git repository (or any of the parent directories): .git
[2022-09-17T17:05:50.878Z] > git rev-parse --show-toplevel [1ms]
[2022-09-17T17:05:50.878Z] fatal: not a git repository (or any of the parent directories): .git
[2022-09-17T17:05:50.884Z] > git rev-parse --show-toplevel [2ms]
[2022-09-17T17:05:50.884Z] fatal: not a git repository (or any of the parent directories): .git
[2022-09-17T17:05:50.936Z] > git rev-parse --show-toplevel [45ms]
[2022-09-17T17:05:50.936Z] fatal: not a git repository (or any of the parent directories): .git
[2022-09-17T17:05:50.950Z] > git rev-parse --show-toplevel [7ms]
[2022-09-17T17:05:50.950Z] fatal: not a git repository (or any of the parent directories): .git
[2022-09-17T17:16:05.423Z] > git rev-parse --show-toplevel [6ms]
[2022-09-17T17:16:05.423Z] fatal: not a git repository (or any of the parent directories): .git
[2022-09-17T17:16:09.533Z] > git rev-parse --show-toplevel [12ms]
[2022-09-17T17:16:09.533Z] fatal: not a git repository (or any of the parent directories): .git
[2022-09-17T17:16:14.441Z] > git rev-parse --show-toplevel [4ms]
[2022-09-17T17:16:14.441Z] fatal: not a git repository (or any of the parent directories): .git
[2022-09-17T17:16:17.534Z] > git rev-parse --show-toplevel [3ms]
[2022-09-17T17:16:17.534Z] fatal: not a git repository (or any of the parent directories): .git
[2022-09-17T17:16:25.132Z] > git rev-parse --show-toplevel [7ms]
[2022-09-17T17:16:25.132Z] fatal: not a git repository (or any of the parent directories): .git
[2022-09-17T17:16:25.722Z] > git rev-parse --show-toplevel [4ms]
[2022-09-17T17:16:25.722Z] fatal: not a git repository (or any of the parent directories): .git
[2022-09-17T17:16:28.081Z] > git rev-parse --show-toplevel [10ms]
[2022-09-17T17:16:28.081Z] fatal: not a git repository (or any of the parent directories): .git
[2022-09-17T17:16:31.531Z] > git rev-parse --show-toplevel [10ms]
[2022-09-17T17:16:31.531Z] fatal: not a git repository (or any of the parent directories): .git
[2022-09-17T17:40:31.016Z] > git rev-parse --show-toplevel [12ms]
[2022-09-17T17:40:31.016Z] fatal: not a git repository (or any of the parent directories): .git
[2022-09-17T17:41:47.464Z] > git rev-parse --show-toplevel [4ms]
[2022-09-17T17:41:47.464Z] fatal: not a git repository (or any of the parent directories): .git
[2022-09-17T17:42:25.542Z] > git rev-parse --show-toplevel [5ms]
[2022-09-17T17:42:25.542Z] fatal: not a git repository (or any of the parent directories): .git
[2022-09-17T17:42:26.292Z] > git rev-parse --show-toplevel [1ms]
[2022-09-17T17:42:26.292Z] fatal: not a git repository (or any of the parent directories): .git
[2022-09-17T17:42:30.184Z] > git rev-parse --show-toplevel [3ms]
[2022-09-17T17:42:30.184Z] fatal: not a git repository (or any of the parent directories): .git
[2022-09-17T17:42:30.949Z] > git rev-parse --show-toplevel [3ms]
[2022-09-17T17:42:30.949Z] fatal: not a git repository (or any of the parent directories): .git
[2022-09-17T17:42:37.326Z] > git rev-parse --show-toplevel [5ms]
[2022-09-17T17:42:37.326Z] fatal: not a git repository (or any of the parent directories): .git
[2022-09-17T17:42:39.089Z] > git rev-parse --show-toplevel [5ms]
[2022-09-17T17:42:39.090Z] fatal: not a git repository (or any of the parent directories): .git
[2022-09-17T17:42:39.474Z] > git rev-parse --show-toplevel [2ms]
[2022-09-17T17:42:39.474Z] fatal: not a git repository (or any of the parent directories): .git
[2022-09-17T17:42:43.680Z] > git rev-parse --show-toplevel [5ms]
[2022-09-17T17:42:43.680Z] fatal: not a git repository (or any of the parent directories): .git
