[2022-09-29 22:01:26.306] [exthost] [info] Extension host with pid 629 started
[2022-09-29 22:01:26.413] [exthost] [info] Lock '/home/vitor/.vscode-server/data/User/workspaceStorage/4476f47c56689d5053b2ebe8bfe4141f/vscode.lock': Lock acquired.
[2022-09-29 22:01:26.890] [exthost] [info] ExtensionService#_doActivateExtension vscode.debug-auto-launch, startup: true, activationEvent: '*'
[2022-09-29 22:01:26.914] [exthost] [info] ExtensionService#_doActivateExtension vscode.git-base, startup: true, activationEvent: '*', root cause: vscode.git
[2022-09-29 22:01:26.934] [exthost] [info] ExtensionService#_doActivateExtension vscode.ipynb, startup: true, activationEvent: '*'
[2022-09-29 22:01:27.526] [exthost] [info] ExtensionService#_doActivateExtension vscode.git, startup: true, activationEvent: '*'
[2022-09-29 22:01:27.894] [exthost] [info] ExtensionService#_doActivateExtension vscode.github, startup: true, activationEvent: '*'
[2022-09-29 22:01:28.213] [exthost] [info] ExtensionService#_doActivateExtension vscode.emmet, startup: false, activationEvent: 'onStartupFinished'
[2022-09-29 22:01:28.292] [exthost] [info] ExtensionService#_doActivateExtension vscode.merge-conflict, startup: false, activationEvent: 'onStartupFinished'
[2022-09-29 22:01:28.302] [exthost] [info] Eager extensions activated
[2022-09-29 22:01:28.896] [exthost] [warning] [Decorations] CAPPING events from decorations provider vscode.git 3936
[2022-09-29 22:01:30.642] [exthost] [warning] [Decorations] CAPPING events from decorations provider vscode.git 3936
[2022-09-29 22:01:33.741] [exthost] [warning] [Decorations] CAPPING events from decorations provider vscode.git 3936
[2022-09-29 22:01:39.142] [exthost] [warning] [Decorations] CAPPING events from decorations provider vscode.git 3936
[2022-09-29 22:02:09.195] [exthost] [warning] [Decorations] CAPPING events from decorations provider vscode.git 3936
[2022-09-29 22:02:14.435] [exthost] [warning] [Decorations] CAPPING events from decorations provider vscode.git 3936
[2022-09-29 22:02:19.727] [exthost] [warning] [Decorations] CAPPING events from decorations provider vscode.git 3936
[2022-09-29 22:02:25.400] [exthost] [warning] [Decorations] CAPPING events from decorations provider vscode.git 3936
[2022-09-29 22:02:30.635] [exthost] [warning] [Decorations] CAPPING events from decorations provider vscode.git 3936
[2022-09-29 22:02:35.900] [exthost] [warning] [Decorations] CAPPING events from decorations provider vscode.git 3936
[2022-09-29 22:02:41.463] [exthost] [warning] [Decorations] CAPPING events from decorations provider vscode.git 3936
[2022-09-29 22:02:46.798] [exthost] [warning] [Decorations] CAPPING events from decorations provider vscode.git 3936
[2022-09-29 22:02:52.223] [exthost] [warning] [Decorations] CAPPING events from decorations provider vscode.git 3936
[2022-09-29 22:02:58.604] [exthost] [warning] [Decorations] CAPPING events from decorations provider vscode.git 3936
[2022-09-29 22:03:08.172] [exthost] [warning] [Decorations] CAPPING events from decorations provider vscode.git 3936
[2022-09-29 22:03:13.467] [exthost] [warning] [Decorations] CAPPING events from decorations provider vscode.git 3936
[2022-09-29 22:03:18.861] [exthost] [warning] [Decorations] CAPPING events from decorations provider vscode.git 3936
[2022-09-29 22:03:24.711] [exthost] [warning] [Decorations] CAPPING events from decorations provider vscode.git 3936
[2022-09-29 22:03:29.942] [exthost] [warning] [Decorations] CAPPING events from decorations provider vscode.git 3936
[2022-09-29 22:03:35.164] [exthost] [warning] [Decorations] CAPPING events from decorations provider vscode.git 3936
[2022-09-29 22:03:40.381] [exthost] [warning] [Decorations] CAPPING events from decorations provider vscode.git 3936
[2022-09-29 22:03:45.639] [exthost] [warning] [Decorations] CAPPING events from decorations provider vscode.git 3936
[2022-09-29 22:03:47.586] [exthost] [info] ExtensionService#_doActivateExtension cschlosser.doxdocgen, startup: false, activationEvent: 'onLanguage:cpp'
[2022-09-29 22:03:47.781] [exthost] [info] ExtensionService#_doActivateExtension ms-vscode.cpptools, startup: false, activationEvent: 'onLanguage:cpp'
[2022-09-29 22:03:56.663] [exthost] [warning] [Decorations] CAPPING events from decorations provider vscode.git 3937
[2022-09-29 22:04:02.099] [exthost] [warning] [Decorations] CAPPING events from decorations provider vscode.git 3937
[2022-09-29 22:04:07.541] [exthost] [warning] [Decorations] CAPPING events from decorations provider vscode.git 3937
[2022-09-29 22:04:13.037] [exthost] [warning] [Decorations] CAPPING events from decorations provider vscode.git 3937
[2022-09-29 22:04:18.605] [exthost] [warning] [Decorations] CAPPING events from decorations provider vscode.git 3937
[2022-09-29 22:04:24.072] [exthost] [warning] [Decorations] CAPPING events from decorations provider vscode.git 3937
[2022-09-29 22:04:29.604] [exthost] [warning] [Decorations] CAPPING events from decorations provider vscode.git 3937
[2022-09-29 22:04:35.044] [exthost] [warning] [Decorations] CAPPING events from decorations provider vscode.git 3937
[2022-09-29 22:04:40.533] [exthost] [warning] [Decorations] CAPPING events from decorations provider vscode.git 3937
[2022-09-29 22:04:46.557] [exthost] [warning] [Decorations] CAPPING events from decorations provider vscode.git 3937
[2022-09-29 22:04:52.080] [exthost] [warning] [Decorations] CAPPING events from decorations provider vscode.git 3937
[2022-09-29 22:04:57.570] [exthost] [warning] [Decorations] CAPPING events from decorations provider vscode.git 3937
[2022-09-29 22:05:03.164] [exthost] [warning] [Decorations] CAPPING events from decorations provider vscode.git 3937
[2022-09-29 22:05:09.454] [exthost] [warning] [Decorations] CAPPING events from decorations provider vscode.git 3937
[2022-09-29 22:05:14.883] [exthost] [warning] [Decorations] CAPPING events from decorations provider vscode.git 3937
[2022-09-29 22:05:20.333] [exthost] [warning] [Decorations] CAPPING events from decorations provider vscode.git 3937
[2022-09-29 22:05:25.828] [exthost] [warning] [Decorations] CAPPING events from decorations provider vscode.git 3937
[2022-09-29 22:05:31.281] [exthost] [warning] [Decorations] CAPPING events from decorations provider vscode.git 3937
[2022-09-29 22:05:36.760] [exthost] [warning] [Decorations] CAPPING events from decorations provider vscode.git 3937
[2022-09-29 22:05:41.854] [exthost] [warning] [Decorations] CAPPING events from decorations provider vscode.git 3937
[2022-09-29 22:05:49.643] [exthost] [warning] [Decorations] CAPPING events from decorations provider vscode.git 3926
[2022-09-29 22:05:54.859] [exthost] [warning] [Decorations] CAPPING events from decorations provider vscode.git 3926
[2022-09-29 22:06:00.077] [exthost] [warning] [Decorations] CAPPING events from decorations provider vscode.git 3926
[2022-09-29 22:06:43.353] [exthost] [warning] [Decorations] CAPPING events from decorations provider vscode.git 3926
[2022-09-29 22:06:48.544] [exthost] [warning] [Decorations] CAPPING events from decorations provider vscode.git 3926
[2022-09-29 22:07:18.512] [exthost] [warning] [Decorations] CAPPING events from decorations provider vscode.git 3926
[2022-09-29 22:07:23.606] [exthost] [warning] [Decorations] CAPPING events from decorations provider vscode.git 3926
[2022-09-29 22:07:28.731] [exthost] [warning] [Decorations] CAPPING events from decorations provider vscode.git 3926
[2022-09-29 22:07:37.457] [exthost] [warning] [Decorations] CAPPING events from decorations provider vscode.git 3926
[2022-09-29 22:07:42.557] [exthost] [warning] [Decorations] CAPPING events from decorations provider vscode.git 3926
[2022-09-29 22:07:54.732] [exthost] [warning] [Decorations] CAPPING events from decorations provider vscode.git 3926
[2022-09-29 22:08:08.294] [exthost] [warning] [Decorations] CAPPING events from decorations provider vscode.git 3926
[2022-09-29 22:09:12.082] [exthost] [warning] [Decorations] CAPPING events from decorations provider vscode.git 3926
[2022-09-29 22:09:21.972] [exthost] [warning] [Decorations] CAPPING events from decorations provider vscode.git 3926
[2022-09-29 22:09:42.421] [exthost] [warning] [Decorations] CAPPING events from decorations provider vscode.git 3926
[2022-09-29 22:09:55.276] [exthost] [warning] [Decorations] CAPPING events from decorations provider vscode.git 3926
[2022-09-29 22:10:00.407] [exthost] [warning] [Decorations] CAPPING events from decorations provider vscode.git 3926
[2022-09-29 22:10:05.509] [exthost] [warning] [Decorations] CAPPING events from decorations provider vscode.git 3926
[2022-09-29 22:10:10.631] [exthost] [warning] [Decorations] CAPPING events from decorations provider vscode.git 3926
[2022-09-29 22:10:21.179] [exthost] [warning] [Decorations] CAPPING events from decorations provider vscode.git 3926
[2022-09-29 22:10:26.279] [exthost] [warning] [Decorations] CAPPING events from decorations provider vscode.git 3926
[2022-09-29 22:10:31.373] [exthost] [warning] [Decorations] CAPPING events from decorations provider vscode.git 3926
[2022-09-29 22:10:42.468] [exthost] [warning] [Decorations] CAPPING events from decorations provider vscode.git 3926
[2022-09-29 22:11:06.521] [exthost] [warning] [Decorations] CAPPING events from decorations provider vscode.git 3926
[2022-09-29 22:11:12.858] [exthost] [warning] [Decorations] CAPPING events from decorations provider vscode.git 3926
[2022-09-29 22:12:01.500] [exthost] [warning] [Decorations] CAPPING events from decorations provider vscode.git 3926
[2022-09-29 22:12:10.198] [exthost] [warning] [Decorations] CAPPING events from decorations provider vscode.git 3926
[2022-09-29 22:16:06.443] [exthost] [warning] [Decorations] CAPPING events from decorations provider vscode.git 3926
[2022-09-29 22:16:10.707] [exthost] [info] Extension host terminating: received terminate message from renderer
[2022-09-29 22:16:10.710] [exthost] [info] Lock '/home/vitor/.vscode-server/data/User/workspaceStorage/4476f47c56689d5053b2ebe8bfe4141f/vscode.lock': Marking the lockfile as scheduled to be released in 6000 ms.
[2022-09-29 22:16:11.343] [exthost] [info] Extension host with pid 629 exiting with code 0
