[2022-09-29 21:31:13.792] [exthost] [info] Extension host with pid 159 started
[2022-09-29 21:31:13.808] [exthost] [info] Lock '/home/vitor/.vscode-server/data/User/workspaceStorage/4476f47c56689d5053b2ebe8bfe4141f/vscode.lock': Lock acquired.
[2022-09-29 21:31:15.646] [exthost] [info] ExtensionService#_doActivateExtension cschlosser.doxdocgen, startup: false, activationEvent: 'onLanguage:cpp'
[2022-09-29 21:31:16.309] [exthost] [info] ExtensionService#_doActivateExtension ms-vscode.cpptools, startup: false, activationEvent: 'onLanguage:cpp'
[2022-09-29 21:31:16.787] [exthost] [info] ExtensionService#_doActivateExtension vscode.debug-auto-launch, startup: true, activationEvent: '*'
[2022-09-29 21:31:16.805] [exthost] [info] ExtensionService#_doActivateExtension vscode.git-base, startup: true, activationEvent: '*', root cause: vscode.git
[2022-09-29 21:31:16.816] [exthost] [info] ExtensionService#_doActivateExtension vscode.ipynb, startup: true, activationEvent: '*'
[2022-09-29 21:31:17.123] [exthost] [info] ExtensionService#_doActivateExtension vscode.git, startup: true, activationEvent: '*'
[2022-09-29 21:31:17.356] [exthost] [info] ExtensionService#_doActivateExtension vscode.github, startup: true, activationEvent: '*'
[2022-09-29 21:31:18.056] [exthost] [info] ExtensionService#_doActivateExtension vscode.emmet, startup: false, activationEvent: 'onStartupFinished'
[2022-09-29 21:31:18.142] [exthost] [info] ExtensionService#_doActivateExtension vscode.merge-conflict, startup: false, activationEvent: 'onStartupFinished'
[2022-09-29 21:31:18.166] [exthost] [info] Eager extensions activated
[2022-09-29 21:33:28.026] [exthost] [warning] [Decorations] CAPPING events from decorations provider vscode.git 3924
[2022-09-29 21:33:28.535] [exthost] [warning] [Decorations] CAPPING events from decorations provider vscode.git 3924
[2022-09-29 21:33:32.987] [exthost] [warning] [Decorations] CAPPING events from decorations provider vscode.git 3924
[2022-09-29 21:33:38.596] [exthost] [warning] [Decorations] CAPPING events from decorations provider vscode.git 3924
[2022-09-29 21:33:43.828] [exthost] [warning] [Decorations] CAPPING events from decorations provider vscode.git 3924
[2022-09-29 21:33:49.442] [exthost] [warning] [Decorations] CAPPING events from decorations provider vscode.git 3924
[2022-09-29 21:33:54.536] [exthost] [warning] [Decorations] CAPPING events from decorations provider vscode.git 3924
[2022-09-29 21:34:02.401] [exthost] [warning] [Decorations] CAPPING events from decorations provider vscode.git 3924
[2022-09-29 21:34:07.513] [exthost] [warning] [Decorations] CAPPING events from decorations provider vscode.git 3924
[2022-09-29 21:34:12.654] [exthost] [warning] [Decorations] CAPPING events from decorations provider vscode.git 3924
[2022-09-29 21:34:17.985] [exthost] [warning] [Decorations] CAPPING events from decorations provider vscode.git 3924
[2022-09-29 21:34:23.083] [exthost] [warning] [Decorations] CAPPING events from decorations provider vscode.git 3924
[2022-09-29 21:34:28.206] [exthost] [warning] [Decorations] CAPPING events from decorations provider vscode.git 3924
[2022-09-29 21:34:39.051] [exthost] [warning] [Decorations] CAPPING events from decorations provider vscode.git 3924
[2022-09-29 21:35:10.822] [exthost] [warning] [Decorations] CAPPING events from decorations provider vscode.git 3924
[2022-09-29 21:35:15.930] [exthost] [warning] [Decorations] CAPPING events from decorations provider vscode.git 3924
[2022-09-29 21:35:24.538] [exthost] [warning] [Decorations] CAPPING events from decorations provider vscode.git 3924
[2022-09-29 21:35:44.171] [exthost] [warning] [Decorations] CAPPING events from decorations provider vscode.git 3924
[2022-09-29 21:35:49.478] [exthost] [warning] [Decorations] CAPPING events from decorations provider vscode.git 3924
[2022-09-29 21:35:54.991] [exthost] [warning] [Decorations] CAPPING events from decorations provider vscode.git 3924
[2022-09-29 21:36:00.164] [exthost] [warning] [Decorations] CAPPING events from decorations provider vscode.git 3924
[2022-09-29 21:36:05.273] [exthost] [warning] [Decorations] CAPPING events from decorations provider vscode.git 3924
[2022-09-29 21:36:10.395] [exthost] [warning] [Decorations] CAPPING events from decorations provider vscode.git 3924
[2022-09-29 21:36:15.505] [exthost] [warning] [Decorations] CAPPING events from decorations provider vscode.git 3924
[2022-09-29 21:36:20.592] [exthost] [warning] [Decorations] CAPPING events from decorations provider vscode.git 3924
[2022-09-29 21:36:25.724] [exthost] [warning] [Decorations] CAPPING events from decorations provider vscode.git 3924
[2022-09-29 21:37:06.279] [exthost] [warning] [Decorations] CAPPING events from decorations provider vscode.git 3924
[2022-09-29 21:37:12.364] [exthost] [warning] [Decorations] CAPPING events from decorations provider vscode.git 3924
[2022-09-29 21:37:17.449] [exthost] [warning] [Decorations] CAPPING events from decorations provider vscode.git 3924
[2022-09-29 21:37:22.547] [exthost] [warning] [Decorations] CAPPING events from decorations provider vscode.git 3924
[2022-09-29 21:37:27.640] [exthost] [warning] [Decorations] CAPPING events from decorations provider vscode.git 3924
[2022-09-29 21:37:32.725] [exthost] [warning] [Decorations] CAPPING events from decorations provider vscode.git 3924
[2022-09-29 21:37:37.826] [exthost] [warning] [Decorations] CAPPING events from decorations provider vscode.git 3924
[2022-09-29 21:37:42.961] [exthost] [warning] [Decorations] CAPPING events from decorations provider vscode.git 3924
[2022-09-29 21:37:49.404] [exthost] [warning] [Decorations] CAPPING events from decorations provider vscode.git 3924
[2022-09-29 21:37:54.485] [exthost] [warning] [Decorations] CAPPING events from decorations provider vscode.git 3924
[2022-09-29 21:37:59.568] [exthost] [warning] [Decorations] CAPPING events from decorations provider vscode.git 3924
[2022-09-29 21:38:04.668] [exthost] [warning] [Decorations] CAPPING events from decorations provider vscode.git 3924
[2022-09-29 21:38:14.699] [exthost] [warning] [Decorations] CAPPING events from decorations provider vscode.git 3924
[2022-09-29 21:38:19.800] [exthost] [warning] [Decorations] CAPPING events from decorations provider vscode.git 3924
[2022-09-29 21:38:31.533] [exthost] [warning] [Decorations] CAPPING events from decorations provider vscode.git 3924
[2022-09-29 21:38:36.622] [exthost] [warning] [Decorations] CAPPING events from decorations provider vscode.git 3924
[2022-09-29 21:38:41.722] [exthost] [warning] [Decorations] CAPPING events from decorations provider vscode.git 3924
[2022-09-29 21:38:46.817] [exthost] [warning] [Decorations] CAPPING events from decorations provider vscode.git 3924
[2022-09-29 21:38:51.894] [exthost] [warning] [Decorations] CAPPING events from decorations provider vscode.git 3924
[2022-09-29 21:39:09.424] [exthost] [warning] [Decorations] CAPPING events from decorations provider vscode.git 3924
[2022-09-29 21:39:45.933] [exthost] [warning] [Decorations] CAPPING events from decorations provider vscode.git 3924
[2022-09-29 21:39:51.041] [exthost] [warning] [Decorations] CAPPING events from decorations provider vscode.git 3924
[2022-09-29 21:39:56.143] [exthost] [warning] [Decorations] CAPPING events from decorations provider vscode.git 3924
[2022-09-29 21:41:02.707] [exthost] [warning] [Decorations] CAPPING events from decorations provider vscode.git 3924
[2022-09-29 21:41:07.793] [exthost] [warning] [Decorations] CAPPING events from decorations provider vscode.git 3924
[2022-09-29 21:41:23.445] [exthost] [warning] [Decorations] CAPPING events from decorations provider vscode.git 3924
[2022-09-29 21:41:29.168] [exthost] [warning] [Decorations] CAPPING events from decorations provider vscode.git 3924
[2022-09-29 21:41:34.543] [exthost] [warning] [Decorations] CAPPING events from decorations provider vscode.git 3924
[2022-09-29 21:41:39.956] [exthost] [warning] [Decorations] CAPPING events from decorations provider vscode.git 3924
[2022-09-29 21:41:45.707] [exthost] [warning] [Decorations] CAPPING events from decorations provider vscode.git 3924
[2022-09-29 21:41:51.223] [exthost] [warning] [Decorations] CAPPING events from decorations provider vscode.git 3924
[2022-09-29 21:41:57.043] [exthost] [warning] [Decorations] CAPPING events from decorations provider vscode.git 3924
[2022-09-29 21:42:02.588] [exthost] [warning] [Decorations] CAPPING events from decorations provider vscode.git 3924
[2022-09-29 21:42:08.153] [exthost] [warning] [Decorations] CAPPING events from decorations provider vscode.git 3924
[2022-09-29 21:42:15.931] [exthost] [warning] [Decorations] CAPPING events from decorations provider vscode.git 3926
[2022-09-29 21:42:21.538] [exthost] [warning] [Decorations] CAPPING events from decorations provider vscode.git 3927
[2022-09-29 21:42:26.654] [exthost] [warning] [Decorations] CAPPING events from decorations provider vscode.git 3927
[2022-09-29 21:42:31.748] [exthost] [warning] [Decorations] CAPPING events from decorations provider vscode.git 3926
[2022-09-29 21:42:36.845] [exthost] [warning] [Decorations] CAPPING events from decorations provider vscode.git 3926
[2022-09-29 21:43:30.963] [exthost] [warning] [Decorations] CAPPING events from decorations provider vscode.git 3926
[2022-09-29 21:43:49.041] [exthost] [warning] [Decorations] CAPPING events from decorations provider vscode.git 3926
[2022-09-29 21:44:32.888] [exthost] [warning] [Decorations] CAPPING events from decorations provider vscode.git 3926
[2022-09-29 21:45:28.984] [exthost] [warning] [Decorations] CAPPING events from decorations provider vscode.git 3926
[2022-09-29 21:45:34.093] [exthost] [warning] [Decorations] CAPPING events from decorations provider vscode.git 3926
[2022-09-29 21:45:39.229] [exthost] [warning] [Decorations] CAPPING events from decorations provider vscode.git 3926
[2022-09-29 21:45:44.328] [exthost] [warning] [Decorations] CAPPING events from decorations provider vscode.git 3926
[2022-09-29 21:45:49.450] [exthost] [warning] [Decorations] CAPPING events from decorations provider vscode.git 3926
[2022-09-29 21:45:54.644] [exthost] [warning] [Decorations] CAPPING events from decorations provider vscode.git 3926
[2022-09-29 21:46:01.046] [exthost] [warning] [Decorations] CAPPING events from decorations provider vscode.git 3926
[2022-09-29 21:46:06.645] [exthost] [warning] [Decorations] CAPPING events from decorations provider vscode.git 3927
[2022-09-29 21:46:11.835] [exthost] [warning] [Decorations] CAPPING events from decorations provider vscode.git 3927
[2022-09-29 21:46:17.023] [exthost] [warning] [Decorations] CAPPING events from decorations provider vscode.git 3927
[2022-09-29 21:46:22.212] [exthost] [warning] [Decorations] CAPPING events from decorations provider vscode.git 3927
[2022-09-29 21:46:35.759] [exthost] [warning] [Decorations] CAPPING events from decorations provider vscode.git 3927
[2022-09-29 21:46:41.012] [exthost] [warning] [Decorations] CAPPING events from decorations provider vscode.git 3927
[2022-09-29 21:46:48.015] [exthost] [warning] [Decorations] CAPPING events from decorations provider vscode.git 3927
[2022-09-29 21:46:59.578] [exthost] [warning] [Decorations] CAPPING events from decorations provider vscode.git 3927
[2022-09-29 21:47:04.826] [exthost] [warning] [Decorations] CAPPING events from decorations provider vscode.git 3927
[2022-09-29 21:47:10.066] [exthost] [warning] [Decorations] CAPPING events from decorations provider vscode.git 3927
[2022-09-29 21:47:15.369] [exthost] [warning] [Decorations] CAPPING events from decorations provider vscode.git 3927
[2022-09-29 21:47:24.494] [exthost] [warning] [Decorations] CAPPING events from decorations provider vscode.git 3927
[2022-09-29 21:47:30.588] [exthost] [warning] [Decorations] CAPPING events from decorations provider vscode.git 3927
[2022-09-29 21:47:35.757] [exthost] [warning] [Decorations] CAPPING events from decorations provider vscode.git 3926
[2022-09-29 21:47:40.900] [exthost] [warning] [Decorations] CAPPING events from decorations provider vscode.git 3926
[2022-09-29 21:47:47.854] [exthost] [warning] [Decorations] CAPPING events from decorations provider vscode.git 3926
[2022-09-29 21:47:53.025] [exthost] [warning] [Decorations] CAPPING events from decorations provider vscode.git 3926
[2022-09-29 21:47:59.672] [exthost] [warning] [Decorations] CAPPING events from decorations provider vscode.git 3926
[2022-09-29 21:48:05.255] [exthost] [warning] [Decorations] CAPPING events from decorations provider vscode.git 3926
[2022-09-29 21:48:15.983] [exthost] [warning] [Decorations] CAPPING events from decorations provider vscode.git 3926
[2022-09-29 21:48:21.122] [exthost] [warning] [Decorations] CAPPING events from decorations provider vscode.git 3926
[2022-09-29 21:49:26.796] [exthost] [warning] [Decorations] CAPPING events from decorations provider vscode.git 3926
[2022-09-29 21:49:32.364] [exthost] [warning] [Decorations] CAPPING events from decorations provider vscode.git 3926
[2022-09-29 21:49:37.483] [exthost] [warning] [Decorations] CAPPING events from decorations provider vscode.git 3926
[2022-09-29 21:50:27.284] [exthost] [warning] [Decorations] CAPPING events from decorations provider vscode.git 3926
[2022-09-29 21:50:34.856] [exthost] [warning] [Decorations] CAPPING events from decorations provider vscode.git 3926
[2022-09-29 21:50:51.150] [exthost] [warning] [Decorations] CAPPING events from decorations provider vscode.git 3926
[2022-09-29 21:51:08.486] [exthost] [warning] [Decorations] CAPPING events from decorations provider vscode.git 3926
[2022-09-29 21:51:15.875] [exthost] [warning] [Decorations] CAPPING events from decorations provider vscode.git 3926
[2022-09-29 21:51:29.493] [exthost] [warning] [Decorations] CAPPING events from decorations provider vscode.git 3926
[2022-09-29 21:51:34.601] [exthost] [warning] [Decorations] CAPPING events from decorations provider vscode.git 3926
[2022-09-29 21:51:54.947] [exthost] [warning] [Decorations] CAPPING events from decorations provider vscode.git 3926
[2022-09-29 21:52:10.101] [exthost] [warning] [Decorations] CAPPING events from decorations provider vscode.git 3926
[2022-09-29 21:52:15.216] [exthost] [warning] [Decorations] CAPPING events from decorations provider vscode.git 3926
[2022-09-29 21:52:20.336] [exthost] [warning] [Decorations] CAPPING events from decorations provider vscode.git 3926
[2022-09-29 21:52:25.455] [exthost] [warning] [Decorations] CAPPING events from decorations provider vscode.git 3926
[2022-09-29 21:52:44.643] [exthost] [warning] [Decorations] CAPPING events from decorations provider vscode.git 3926
[2022-09-29 21:52:46.603] [exthost] [info] Extension host terminating: received terminate message from renderer
[2022-09-29 21:52:46.605] [exthost] [info] Lock '/home/vitor/.vscode-server/data/User/workspaceStorage/4476f47c56689d5053b2ebe8bfe4141f/vscode.lock': Marking the lockfile as scheduled to be released in 6000 ms.
[2022-09-29 21:52:47.626] [exthost] [info] Extension host with pid 159 exiting with code 0
