[2022-09-30T00:31:17.441Z] Log level: Info
[2022-09-30T00:31:17.466Z] [info] Validating found git in: git
[2022-09-30T00:31:17.816Z] [info] Using git 2.25.1 from git
[2022-09-30T00:31:18.182Z] > git rev-parse --show-toplevel [295ms]
[2022-09-30T00:31:18.182Z] fatal: not a git repository (or any of the parent directories): .git
[2022-09-30T00:31:18.235Z] > git rev-parse --show-toplevel [10ms]
[2022-09-30T00:31:18.235Z] fatal: not a git repository (or any of the parent directories): .git
[2022-09-30T00:31:18.261Z] > git rev-parse --show-toplevel [10ms]
[2022-09-30T00:31:18.261Z] fatal: not a git repository (or any of the parent directories): .git
[2022-09-30T00:31:18.304Z] > git rev-parse --show-toplevel [26ms]
[2022-09-30T00:31:18.304Z] fatal: not a git repository (or any of the parent directories): .git
[2022-09-30T00:31:18.949Z] > git rev-parse --show-toplevel [632ms]
[2022-09-30T00:31:18.949Z] fatal: not a git repository (or any of the parent directories): .git
[2022-09-30T00:31:19.013Z] > git rev-parse --show-toplevel [44ms]
[2022-09-30T00:31:19.013Z] fatal: not a git repository (or any of the parent directories): .git
[2022-09-30T00:31:19.708Z] > git rev-parse --show-toplevel [8ms]
[2022-09-30T00:31:19.708Z] fatal: not a git repository (or any of the parent directories): .git
[2022-09-30T00:32:19.396Z] > git rev-parse --show-toplevel [1ms]
[2022-09-30T00:32:19.396Z] fatal: not a git repository (or any of the parent directories): .git
[2022-09-30T00:32:41.102Z] > git rev-parse --show-toplevel [3ms]
[2022-09-30T00:32:41.102Z] fatal: not a git repository (or any of the parent directories): .git
[2022-09-30T00:33:27.889Z] > git rev-parse --show-toplevel [1ms]
[2022-09-30T00:33:27.894Z] > git rev-parse --git-dir --git-common-dir [1ms]
[2022-09-30T00:33:27.900Z] [info] Open repository: /home/vitor
[2022-09-30T00:33:27.934Z] > git status -z -uall [27ms]
[2022-09-30T00:33:27.945Z] > git symbolic-ref --short HEAD [6ms]
[2022-09-30T00:33:27.950Z] > git for-each-ref --format=%(refname)%00%(upstream:short)%00%(objectname)%00%(upstream:track)%00%(upstream:remotename)%00%(upstream:remoteref) refs/heads/master refs/remotes/master [1ms]
[2022-09-30T00:33:27.960Z] > git remote --verbose [2ms]
[2022-09-30T00:33:27.960Z] > git for-each-ref --sort -committerdate --format %(refname) %(objectname) %(*objectname) [6ms]
[2022-09-30T00:33:28.406Z] > git config --get commit.template [4ms]
[2022-09-30T00:33:28.433Z] > git status -z -uall [16ms]
[2022-09-30T00:33:28.438Z] > git symbolic-ref --short HEAD [1ms]
[2022-09-30T00:33:28.480Z] > git check-ignore -v -z --stdin [1ms]
[2022-09-30T00:33:28.481Z] > git for-each-ref --format=%(refname)%00%(upstream:short)%00%(objectname)%00%(upstream:track)%00%(upstream:remotename)%00%(upstream:remoteref) refs/heads/master refs/remotes/master [38ms]
[2022-09-30T00:33:28.496Z] > git remote --verbose [2ms]
[2022-09-30T00:33:28.497Z] > git for-each-ref --sort -committerdate --format %(refname) %(objectname) %(*objectname) [9ms]
[2022-09-30T00:33:28.566Z] > git show --textconv :exemplo.cpp [11ms]
[2022-09-30T00:33:28.567Z] > git config --get commit.template [21ms]
[2022-09-30T00:33:28.569Z] > git ls-files --stage -- /home/vitor/exemplo.cpp [9ms]
[2022-09-30T00:33:32.879Z] > git status -z -uall [43ms]
[2022-09-30T00:33:32.902Z] > git symbolic-ref --short HEAD [3ms]
[2022-09-30T00:33:32.919Z] > git for-each-ref --format=%(refname)%00%(upstream:short)%00%(objectname)%00%(upstream:track)%00%(upstream:remotename)%00%(upstream:remoteref) refs/heads/master refs/remotes/master [1ms]
[2022-09-30T00:33:32.946Z] > git remote --verbose [2ms]
[2022-09-30T00:33:32.946Z] > git for-each-ref --sort -committerdate --format %(refname) %(objectname) %(*objectname) [14ms]
[2022-09-30T00:33:32.999Z] > git config --get commit.template [1ms]
[2022-09-30T00:33:38.485Z] > git status -z -uall [42ms]
[2022-09-30T00:33:38.509Z] > git symbolic-ref --short HEAD [13ms]
[2022-09-30T00:33:38.525Z] > git for-each-ref --format=%(refname)%00%(upstream:short)%00%(objectname)%00%(upstream:track)%00%(upstream:remotename)%00%(upstream:remoteref) refs/heads/master refs/remotes/master [2ms]
[2022-09-30T00:33:38.561Z] > git remote --verbose [2ms]
[2022-09-30T00:33:38.561Z] > git for-each-ref --sort -committerdate --format %(refname) %(objectname) %(*objectname) [15ms]
[2022-09-30T00:33:38.609Z] > git config --get commit.template [1ms]
[2022-09-30T00:33:43.632Z] > git status -z -uall [15ms]
[2022-09-30T00:33:43.643Z] > git symbolic-ref --short HEAD [0ms]
[2022-09-30T00:33:43.660Z] > git for-each-ref --format=%(refname)%00%(upstream:short)%00%(objectname)%00%(upstream:track)%00%(upstream:remotename)%00%(upstream:remoteref) refs/heads/master refs/remotes/master [1ms]
[2022-09-30T00:33:43.732Z] > git remote --verbose [5ms]
[2022-09-30T00:33:43.734Z] > git for-each-ref --sort -committerdate --format %(refname) %(objectname) %(*objectname) [37ms]
[2022-09-30T00:33:44.345Z] > git config --get commit.template [477ms]
[2022-09-30T00:33:49.366Z] > git status -z -uall [13ms]
[2022-09-30T00:33:49.375Z] > git symbolic-ref --short HEAD [1ms]
[2022-09-30T00:33:49.384Z] > git for-each-ref --format=%(refname)%00%(upstream:short)%00%(objectname)%00%(upstream:track)%00%(upstream:remotename)%00%(upstream:remoteref) refs/heads/master refs/remotes/master [1ms]
[2022-09-30T00:33:49.401Z] > git remote --verbose [1ms]
[2022-09-30T00:33:49.402Z] > git for-each-ref --sort -committerdate --format %(refname) %(objectname) %(*objectname) [11ms]
[2022-09-30T00:33:49.474Z] > git config --get commit.template [17ms]
[2022-09-30T00:33:54.492Z] > git status -z -uall [11ms]
[2022-09-30T00:33:54.497Z] > git symbolic-ref --short HEAD [1ms]
[2022-09-30T00:33:54.503Z] > git for-each-ref --format=%(refname)%00%(upstream:short)%00%(objectname)%00%(upstream:track)%00%(upstream:remotename)%00%(upstream:remoteref) refs/heads/master refs/remotes/master [1ms]
[2022-09-30T00:33:54.511Z] > git remote --verbose [1ms]
[2022-09-30T00:33:54.511Z] > git for-each-ref --sort -committerdate --format %(refname) %(objectname) %(*objectname) [5ms]
[2022-09-30T00:33:54.548Z] > git config --get commit.template [0ms]
[2022-09-30T00:34:02.297Z] > git status -z -uall [52ms]
[2022-09-30T00:34:02.328Z] > git symbolic-ref --short HEAD [7ms]
[2022-09-30T00:34:02.345Z] > git for-each-ref --format=%(refname)%00%(upstream:short)%00%(objectname)%00%(upstream:track)%00%(upstream:remotename)%00%(upstream:remoteref) refs/heads/master refs/remotes/master [1ms]
[2022-09-30T00:34:02.361Z] > git remote --verbose [1ms]
[2022-09-30T00:34:02.362Z] > git for-each-ref --sort -committerdate --format %(refname) %(objectname) %(*objectname) [9ms]
[2022-09-30T00:34:02.426Z] > git config --get commit.template [12ms]
[2022-09-30T00:34:07.447Z] > git status -z -uall [13ms]
[2022-09-30T00:34:07.456Z] > git symbolic-ref --short HEAD [1ms]
[2022-09-30T00:34:07.463Z] > git for-each-ref --format=%(refname)%00%(upstream:short)%00%(objectname)%00%(upstream:track)%00%(upstream:remotename)%00%(upstream:remoteref) refs/heads/master refs/remotes/master [1ms]
[2022-09-30T00:34:07.478Z] > git remote --verbose [1ms]
[2022-09-30T00:34:07.478Z] > git for-each-ref --sort -committerdate --format %(refname) %(objectname) %(*objectname) [8ms]
[2022-09-30T00:34:07.541Z] > git config --get commit.template [10ms]
[2022-09-30T00:34:12.564Z] > git status -z -uall [12ms]
[2022-09-30T00:34:12.574Z] > git symbolic-ref --short HEAD [1ms]
[2022-09-30T00:34:12.586Z] > git for-each-ref --format=%(refname)%00%(upstream:short)%00%(objectname)%00%(upstream:track)%00%(upstream:remotename)%00%(upstream:remoteref) refs/heads/master refs/remotes/master [1ms]
[2022-09-30T00:34:12.607Z] > git for-each-ref --sort -committerdate --format %(refname) %(objectname) %(*objectname) [13ms]
[2022-09-30T00:34:12.607Z] > git remote --verbose [1ms]
[2022-09-30T00:34:12.678Z] > git config --get commit.template [6ms]
[2022-09-30T00:34:17.728Z] > git status -z -uall [34ms]
[2022-09-30T00:34:17.757Z] > git symbolic-ref --short HEAD [19ms]
[2022-09-30T00:34:17.796Z] > git for-each-ref --format=%(refname)%00%(upstream:short)%00%(objectname)%00%(upstream:track)%00%(upstream:remotename)%00%(upstream:remoteref) refs/heads/master refs/remotes/master [24ms]
[2022-09-30T00:34:17.871Z] > git for-each-ref --sort -committerdate --format %(refname) %(objectname) %(*objectname) [64ms]
[2022-09-30T00:34:17.877Z] > git remote --verbose [11ms]
[2022-09-30T00:34:18.004Z] > git config --get commit.template [1ms]
[2022-09-30T00:34:22.721Z] > git ls-files --stage -- /home/vitor/exemplo.cpp [3ms]
[2022-09-30T00:34:22.728Z] > git cat-file -s b354b76453026155adb1027096edcf2dcb59c75c [2ms]
[2022-09-30T00:34:22.745Z] > git show --textconv :exemplo.cpp [6ms]
[2022-09-30T00:34:23.027Z] > git status -z -uall [17ms]
[2022-09-30T00:34:23.033Z] > git symbolic-ref --short HEAD [0ms]
[2022-09-30T00:34:23.039Z] > git for-each-ref --format=%(refname)%00%(upstream:short)%00%(objectname)%00%(upstream:track)%00%(upstream:remotename)%00%(upstream:remoteref) refs/heads/master refs/remotes/master [1ms]
[2022-09-30T00:34:23.049Z] > git remote --verbose [0ms]
[2022-09-30T00:34:23.050Z] > git for-each-ref --sort -committerdate --format %(refname) %(objectname) %(*objectname) [6ms]
[2022-09-30T00:34:23.102Z] > git config --get commit.template [1ms]
[2022-09-30T00:34:28.124Z] > git status -z -uall [15ms]
[2022-09-30T00:34:28.132Z] > git symbolic-ref --short HEAD [1ms]
[2022-09-30T00:34:28.141Z] > git for-each-ref --format=%(refname)%00%(upstream:short)%00%(objectname)%00%(upstream:track)%00%(upstream:remotename)%00%(upstream:remoteref) refs/heads/master refs/remotes/master [0ms]
[2022-09-30T00:34:28.154Z] > git remote --verbose [1ms]
[2022-09-30T00:34:28.154Z] > git for-each-ref --sort -committerdate --format %(refname) %(objectname) %(*objectname) [7ms]
[2022-09-30T00:34:28.238Z] > git config --get commit.template [17ms]
[2022-09-30T00:34:38.947Z] > git status -z -uall [35ms]
[2022-09-30T00:34:38.964Z] > git symbolic-ref --short HEAD [7ms]
[2022-09-30T00:34:38.977Z] > git for-each-ref --format=%(refname)%00%(upstream:short)%00%(objectname)%00%(upstream:track)%00%(upstream:remotename)%00%(upstream:remoteref) refs/heads/master refs/remotes/master [4ms]
[2022-09-30T00:34:38.992Z] > git remote --verbose [1ms]
[2022-09-30T00:34:38.992Z] > git for-each-ref --sort -committerdate --format %(refname) %(objectname) %(*objectname) [9ms]
[2022-09-30T00:34:39.077Z] > git config --get commit.template [2ms]
[2022-09-30T00:35:10.676Z] > git status -z -uall [71ms]
[2022-09-30T00:35:10.696Z] > git symbolic-ref --short HEAD [2ms]
[2022-09-30T00:35:10.719Z] > git for-each-ref --format=%(refname)%00%(upstream:short)%00%(objectname)%00%(upstream:track)%00%(upstream:remotename)%00%(upstream:remoteref) refs/heads/master refs/remotes/master [4ms]
[2022-09-30T00:35:10.745Z] > git for-each-ref --sort -committerdate --format %(refname) %(objectname) %(*objectname) [12ms]
[2022-09-30T00:35:10.746Z] > git remote --verbose [4ms]
[2022-09-30T00:35:10.863Z] > git config --get commit.template [5ms]
[2022-09-30T00:35:15.881Z] > git status -z -uall [12ms]
[2022-09-30T00:35:15.886Z] > git symbolic-ref --short HEAD [0ms]
[2022-09-30T00:35:15.892Z] > git for-each-ref --format=%(refname)%00%(upstream:short)%00%(objectname)%00%(upstream:track)%00%(upstream:remotename)%00%(upstream:remoteref) refs/heads/master refs/remotes/master [1ms]
[2022-09-30T00:35:15.902Z] > git remote --verbose [0ms]
[2022-09-30T00:35:15.903Z] > git for-each-ref --sort -committerdate --format %(refname) %(objectname) %(*objectname) [7ms]
[2022-09-30T00:35:15.954Z] > git config --get commit.template [2ms]
[2022-09-30T00:35:24.397Z] > git status -z -uall [28ms]
[2022-09-30T00:35:24.431Z] > git symbolic-ref --short HEAD [6ms]
[2022-09-30T00:35:24.453Z] > git for-each-ref --format=%(refname)%00%(upstream:short)%00%(objectname)%00%(upstream:track)%00%(upstream:remotename)%00%(upstream:remoteref) refs/heads/master refs/remotes/master [2ms]
[2022-09-30T00:35:24.486Z] > git remote --verbose [2ms]
[2022-09-30T00:35:24.486Z] > git for-each-ref --sort -committerdate --format %(refname) %(objectname) %(*objectname) [21ms]
[2022-09-30T00:35:24.568Z] > git config --get commit.template [2ms]
[2022-09-30T00:35:44.069Z] > git status -z -uall [50ms]
[2022-09-30T00:35:44.092Z] > git symbolic-ref --short HEAD [3ms]
[2022-09-30T00:35:44.106Z] > git for-each-ref --format=%(refname)%00%(upstream:short)%00%(objectname)%00%(upstream:track)%00%(upstream:remotename)%00%(upstream:remoteref) refs/heads/master refs/remotes/master [3ms]
[2022-09-30T00:35:44.125Z] > git remote --verbose [1ms]
[2022-09-30T00:35:44.125Z] > git for-each-ref --sort -committerdate --format %(refname) %(objectname) %(*objectname) [9ms]
[2022-09-30T00:35:44.187Z] > git config --get commit.template [1ms]
[2022-09-30T00:35:49.257Z] > git status -z -uall [47ms]
[2022-09-30T00:35:49.278Z] > git symbolic-ref --short HEAD [0ms]
[2022-09-30T00:35:49.305Z] > git for-each-ref --format=%(refname)%00%(upstream:short)%00%(objectname)%00%(upstream:track)%00%(upstream:remotename)%00%(upstream:remoteref) refs/heads/master refs/remotes/master [6ms]
[2022-09-30T00:35:49.352Z] > git remote --verbose [1ms]
[2022-09-30T00:35:49.353Z] > git for-each-ref --sort -committerdate --format %(refname) %(objectname) %(*objectname) [24ms]
[2022-09-30T00:35:49.920Z] > git config --get commit.template [28ms]
[2022-09-30T00:35:54.940Z] > git status -z -uall [13ms]
[2022-09-30T00:35:54.947Z] > git symbolic-ref --short HEAD [1ms]
[2022-09-30T00:35:54.954Z] > git for-each-ref --format=%(refname)%00%(upstream:short)%00%(objectname)%00%(upstream:track)%00%(upstream:remotename)%00%(upstream:remoteref) refs/heads/master refs/remotes/master [1ms]
[2022-09-30T00:35:54.965Z] > git remote --verbose [1ms]
[2022-09-30T00:35:54.965Z] > git for-each-ref --sort -committerdate --format %(refname) %(objectname) %(*objectname) [6ms]
[2022-09-30T00:35:55.012Z] > git config --get commit.template [9ms]
[2022-09-30T00:36:00.107Z] > git status -z -uall [13ms]
[2022-09-30T00:36:00.114Z] > git symbolic-ref --short HEAD [1ms]
[2022-09-30T00:36:00.121Z] > git for-each-ref --format=%(refname)%00%(upstream:short)%00%(objectname)%00%(upstream:track)%00%(upstream:remotename)%00%(upstream:remoteref) refs/heads/master refs/remotes/master [1ms]
[2022-09-30T00:36:00.133Z] > git remote --verbose [1ms]
[2022-09-30T00:36:00.133Z] > git for-each-ref --sort -committerdate --format %(refname) %(objectname) %(*objectname) [7ms]
[2022-09-30T00:36:00.176Z] > git config --get commit.template [0ms]
[2022-09-30T00:36:05.198Z] > git status -z -uall [13ms]
[2022-09-30T00:36:05.206Z] > git symbolic-ref --short HEAD [1ms]
[2022-09-30T00:36:05.214Z] > git for-each-ref --format=%(refname)%00%(upstream:short)%00%(objectname)%00%(upstream:track)%00%(upstream:remotename)%00%(upstream:remoteref) refs/heads/master refs/remotes/master [1ms]
[2022-09-30T00:36:05.233Z] > git remote --verbose [1ms]
[2022-09-30T00:36:05.233Z] > git for-each-ref --sort -committerdate --format %(refname) %(objectname) %(*objectname) [12ms]
[2022-09-30T00:36:05.299Z] > git config --get commit.template [13ms]
[2022-09-30T00:36:10.323Z] > git status -z -uall [13ms]
[2022-09-30T00:36:10.331Z] > git symbolic-ref --short HEAD [1ms]
[2022-09-30T00:36:10.340Z] > git for-each-ref --format=%(refname)%00%(upstream:short)%00%(objectname)%00%(upstream:track)%00%(upstream:remotename)%00%(upstream:remoteref) refs/heads/master refs/remotes/master [1ms]
[2022-09-30T00:36:10.354Z] > git remote --verbose [1ms]
[2022-09-30T00:36:10.354Z] > git for-each-ref --sort -committerdate --format %(refname) %(objectname) %(*objectname) [7ms]
[2022-09-30T00:36:10.419Z] > git config --get commit.template [11ms]
[2022-09-30T00:36:11.902Z] > git ls-files --stage -- /home/vitor/exemplo.cpp [2ms]
[2022-09-30T00:36:11.908Z] > git cat-file -s b354b76453026155adb1027096edcf2dcb59c75c [0ms]
[2022-09-30T00:36:11.920Z] > git show --textconv :exemplo.cpp [2ms]
[2022-09-30T00:36:15.440Z] > git status -z -uall [14ms]
[2022-09-30T00:36:15.447Z] > git symbolic-ref --short HEAD [2ms]
[2022-09-30T00:36:15.455Z] > git for-each-ref --format=%(refname)%00%(upstream:short)%00%(objectname)%00%(upstream:track)%00%(upstream:remotename)%00%(upstream:remoteref) refs/heads/master refs/remotes/master [1ms]
[2022-09-30T00:36:15.468Z] > git remote --verbose [1ms]
[2022-09-30T00:36:15.468Z] > git for-each-ref --sort -committerdate --format %(refname) %(objectname) %(*objectname) [6ms]
[2022-09-30T00:36:15.528Z] > git config --get commit.template [11ms]
[2022-09-30T00:36:20.547Z] > git status -z -uall [12ms]
[2022-09-30T00:36:20.553Z] > git symbolic-ref --short HEAD [1ms]
[2022-09-30T00:36:20.558Z] > git for-each-ref --format=%(refname)%00%(upstream:short)%00%(objectname)%00%(upstream:track)%00%(upstream:remotename)%00%(upstream:remoteref) refs/heads/master refs/remotes/master [0ms]
[2022-09-30T00:36:20.567Z] > git remote --verbose [1ms]
[2022-09-30T00:36:20.567Z] > git for-each-ref --sort -committerdate --format %(refname) %(objectname) %(*objectname) [5ms]
[2022-09-30T00:36:20.603Z] > git config --get commit.template [0ms]
[2022-09-30T00:36:25.620Z] > git status -z -uall [10ms]
[2022-09-30T00:36:25.630Z] > git symbolic-ref --short HEAD [1ms]
[2022-09-30T00:36:25.638Z] > git for-each-ref --format=%(refname)%00%(upstream:short)%00%(objectname)%00%(upstream:track)%00%(upstream:remotename)%00%(upstream:remoteref) refs/heads/master refs/remotes/master [1ms]
[2022-09-30T00:36:25.668Z] > git remote --verbose [1ms]
[2022-09-30T00:36:25.668Z] > git for-each-ref --sort -committerdate --format %(refname) %(objectname) %(*objectname) [19ms]
[2022-09-30T00:36:25.745Z] > git config --get commit.template [1ms]
[2022-09-30T00:37:06.148Z] > git status -z -uall [79ms]
[2022-09-30T00:37:06.164Z] > git symbolic-ref --short HEAD [1ms]
[2022-09-30T00:37:06.174Z] > git for-each-ref --format=%(refname)%00%(upstream:short)%00%(objectname)%00%(upstream:track)%00%(upstream:remotename)%00%(upstream:remoteref) refs/heads/master refs/remotes/master [1ms]
[2022-09-30T00:37:06.192Z] > git remote --verbose [1ms]
[2022-09-30T00:37:06.192Z] > git for-each-ref --sort -committerdate --format %(refname) %(objectname) %(*objectname) [9ms]
[2022-09-30T00:37:06.650Z] > git config --get commit.template [343ms]
[2022-09-30T00:37:12.265Z] > git status -z -uall [105ms]
[2022-09-30T00:37:12.294Z] > git symbolic-ref --short HEAD [1ms]
[2022-09-30T00:37:12.312Z] > git for-each-ref --format=%(refname)%00%(upstream:short)%00%(objectname)%00%(upstream:track)%00%(upstream:remotename)%00%(upstream:remoteref) refs/heads/master refs/remotes/master [2ms]
[2022-09-30T00:37:12.329Z] > git remote --verbose [1ms]
[2022-09-30T00:37:12.330Z] > git for-each-ref --sort -committerdate --format %(refname) %(objectname) %(*objectname) [10ms]
[2022-09-30T00:37:12.377Z] > git config --get commit.template [1ms]
[2022-09-30T00:37:17.397Z] > git status -z -uall [13ms]
[2022-09-30T00:37:17.403Z] > git symbolic-ref --short HEAD [0ms]
[2022-09-30T00:37:17.410Z] > git for-each-ref --format=%(refname)%00%(upstream:short)%00%(objectname)%00%(upstream:track)%00%(upstream:remotename)%00%(upstream:remoteref) refs/heads/master refs/remotes/master [1ms]
[2022-09-30T00:37:17.421Z] > git remote --verbose [0ms]
[2022-09-30T00:37:17.421Z] > git for-each-ref --sort -committerdate --format %(refname) %(objectname) %(*objectname) [5ms]
[2022-09-30T00:37:17.462Z] > git config --get commit.template [2ms]
[2022-09-30T00:37:22.481Z] > git status -z -uall [14ms]
[2022-09-30T00:37:22.488Z] > git symbolic-ref --short HEAD [1ms]
[2022-09-30T00:37:22.495Z] > git for-each-ref --format=%(refname)%00%(upstream:short)%00%(objectname)%00%(upstream:track)%00%(upstream:remotename)%00%(upstream:remoteref) refs/heads/master refs/remotes/master [0ms]
[2022-09-30T00:37:22.509Z] > git remote --verbose [1ms]
[2022-09-30T00:37:22.509Z] > git for-each-ref --sort -committerdate --format %(refname) %(objectname) %(*objectname) [7ms]
[2022-09-30T00:37:22.571Z] > git config --get commit.template [12ms]
[2022-09-30T00:37:27.589Z] > git status -z -uall [13ms]
[2022-09-30T00:37:27.594Z] > git symbolic-ref --short HEAD [0ms]
[2022-09-30T00:37:27.600Z] > git for-each-ref --format=%(refname)%00%(upstream:short)%00%(objectname)%00%(upstream:track)%00%(upstream:remotename)%00%(upstream:remoteref) refs/heads/master refs/remotes/master [1ms]
[2022-09-30T00:37:27.609Z] > git remote --verbose [1ms]
[2022-09-30T00:37:27.609Z] > git for-each-ref --sort -committerdate --format %(refname) %(objectname) %(*objectname) [5ms]
[2022-09-30T00:37:27.652Z] > git config --get commit.template [1ms]
[2022-09-30T00:37:32.673Z] > git status -z -uall [15ms]
[2022-09-30T00:37:32.679Z] > git symbolic-ref --short HEAD [1ms]
[2022-09-30T00:37:32.685Z] > git for-each-ref --format=%(refname)%00%(upstream:short)%00%(objectname)%00%(upstream:track)%00%(upstream:remotename)%00%(upstream:remoteref) refs/heads/master refs/remotes/master [0ms]
[2022-09-30T00:37:32.696Z] > git remote --verbose [1ms]
[2022-09-30T00:37:32.696Z] > git for-each-ref --sort -committerdate --format %(refname) %(objectname) %(*objectname) [5ms]
[2022-09-30T00:37:32.736Z] > git config --get commit.template [0ms]
[2022-09-30T00:37:33.198Z] > git ls-files --stage -- /home/vitor/exemplo.cpp [4ms]
[2022-09-30T00:37:33.204Z] > git cat-file -s b354b76453026155adb1027096edcf2dcb59c75c [1ms]
[2022-09-30T00:37:33.217Z] > git show --textconv :exemplo.cpp [2ms]
[2022-09-30T00:37:37.759Z] > git status -z -uall [15ms]
[2022-09-30T00:37:37.769Z] > git symbolic-ref --short HEAD [1ms]
[2022-09-30T00:37:37.778Z] > git for-each-ref --format=%(refname)%00%(upstream:short)%00%(objectname)%00%(upstream:track)%00%(upstream:remotename)%00%(upstream:remoteref) refs/heads/master refs/remotes/master [1ms]
[2022-09-30T00:37:37.796Z] > git for-each-ref --sort -committerdate --format %(refname) %(objectname) %(*objectname) [8ms]
[2022-09-30T00:37:37.797Z] > git remote --verbose [2ms]
[2022-09-30T00:37:37.844Z] > git config --get commit.template [3ms]
[2022-09-30T00:37:42.876Z] > git ls-files --stage -- /home/vitor/exemplo.cpp [5ms]
[2022-09-30T00:37:42.890Z] > git status -z -uall [39ms]
[2022-09-30T00:37:42.898Z] > git cat-file -s b354b76453026155adb1027096edcf2dcb59c75c [9ms]
[2022-09-30T00:37:42.899Z] > git symbolic-ref --short HEAD [1ms]
[2022-09-30T00:37:42.917Z] > git for-each-ref --format=%(refname)%00%(upstream:short)%00%(objectname)%00%(upstream:track)%00%(upstream:remotename)%00%(upstream:remoteref) refs/heads/master refs/remotes/master [11ms]
[2022-09-30T00:37:42.934Z] > git show --textconv :exemplo.cpp [18ms]
[2022-09-30T00:37:42.934Z] > git remote --verbose [1ms]
[2022-09-30T00:37:42.935Z] > git for-each-ref --sort -committerdate --format %(refname) %(objectname) %(*objectname) [10ms]
[2022-09-30T00:37:42.980Z] > git config --get commit.template [7ms]
[2022-09-30T00:37:49.298Z] > git status -z -uall [37ms]
[2022-09-30T00:37:49.318Z] > git symbolic-ref --short HEAD [3ms]
[2022-09-30T00:37:49.340Z] > git for-each-ref --format=%(refname)%00%(upstream:short)%00%(objectname)%00%(upstream:track)%00%(upstream:remotename)%00%(upstream:remoteref) refs/heads/master refs/remotes/master [2ms]
[2022-09-30T00:37:49.370Z] > git remote --verbose [3ms]
[2022-09-30T00:37:49.370Z] > git for-each-ref --sort -committerdate --format %(refname) %(objectname) %(*objectname) [14ms]
[2022-09-30T00:37:49.418Z] > git config --get commit.template [1ms]
[2022-09-30T00:37:54.437Z] > git status -z -uall [13ms]
[2022-09-30T00:37:54.443Z] > git symbolic-ref --short HEAD [1ms]
[2022-09-30T00:37:54.449Z] > git for-each-ref --format=%(refname)%00%(upstream:short)%00%(objectname)%00%(upstream:track)%00%(upstream:remotename)%00%(upstream:remoteref) refs/heads/master refs/remotes/master [1ms]
[2022-09-30T00:37:54.458Z] > git remote --verbose [1ms]
[2022-09-30T00:37:54.458Z] > git for-each-ref --sort -committerdate --format %(refname) %(objectname) %(*objectname) [5ms]
[2022-09-30T00:37:54.494Z] > git config --get commit.template [0ms]
[2022-09-30T00:37:59.514Z] > git status -z -uall [12ms]
[2022-09-30T00:37:59.521Z] > git symbolic-ref --short HEAD [1ms]
[2022-09-30T00:37:59.528Z] > git for-each-ref --format=%(refname)%00%(upstream:short)%00%(objectname)%00%(upstream:track)%00%(upstream:remotename)%00%(upstream:remoteref) refs/heads/master refs/remotes/master [1ms]
[2022-09-30T00:37:59.541Z] > git remote --verbose [1ms]
[2022-09-30T00:37:59.541Z] > git for-each-ref --sort -committerdate --format %(refname) %(objectname) %(*objectname) [7ms]
[2022-09-30T00:37:59.583Z] > git config --get commit.template [3ms]
[2022-09-30T00:38:04.601Z] > git status -z -uall [12ms]
[2022-09-30T00:38:04.609Z] > git symbolic-ref --short HEAD [2ms]
[2022-09-30T00:38:04.616Z] > git for-each-ref --format=%(refname)%00%(upstream:short)%00%(objectname)%00%(upstream:track)%00%(upstream:remotename)%00%(upstream:remoteref) refs/heads/master refs/remotes/master [1ms]
[2022-09-30T00:38:04.632Z] > git remote --verbose [1ms]
[2022-09-30T00:38:04.632Z] > git for-each-ref --sort -committerdate --format %(refname) %(objectname) %(*objectname) [8ms]
[2022-09-30T00:38:04.694Z] > git config --get commit.template [14ms]
[2022-09-30T00:38:14.617Z] > git status -z -uall [37ms]
[2022-09-30T00:38:14.625Z] > git symbolic-ref --short HEAD [1ms]
[2022-09-30T00:38:14.634Z] > git for-each-ref --format=%(refname)%00%(upstream:short)%00%(objectname)%00%(upstream:track)%00%(upstream:remotename)%00%(upstream:remoteref) refs/heads/master refs/remotes/master [1ms]
[2022-09-30T00:38:14.650Z] > git remote --verbose [1ms]
[2022-09-30T00:38:14.650Z] > git for-each-ref --sort -committerdate --format %(refname) %(objectname) %(*objectname) [8ms]
[2022-09-30T00:38:14.723Z] > git config --get commit.template [13ms]
[2022-09-30T00:38:16.629Z] > git ls-files --stage -- /home/vitor/exemplo.cpp [1ms]
[2022-09-30T00:38:16.636Z] > git cat-file -s b354b76453026155adb1027096edcf2dcb59c75c [1ms]
[2022-09-30T00:38:16.647Z] > git show --textconv :exemplo.cpp [2ms]
[2022-09-30T00:38:19.748Z] > git status -z -uall [16ms]
[2022-09-30T00:38:19.755Z] > git symbolic-ref --short HEAD [2ms]
[2022-09-30T00:38:19.763Z] > git for-each-ref --format=%(refname)%00%(upstream:short)%00%(objectname)%00%(upstream:track)%00%(upstream:remotename)%00%(upstream:remoteref) refs/heads/master refs/remotes/master [0ms]
[2022-09-30T00:38:19.773Z] > git remote --verbose [0ms]
[2022-09-30T00:38:19.773Z] > git for-each-ref --sort -committerdate --format %(refname) %(objectname) %(*objectname) [5ms]
[2022-09-30T00:38:19.812Z] > git config --get commit.template [0ms]
[2022-09-30T00:38:31.414Z] > git status -z -uall [41ms]
[2022-09-30T00:38:31.439Z] > git symbolic-ref --short HEAD [1ms]
[2022-09-30T00:38:31.473Z] > git for-each-ref --format=%(refname)%00%(upstream:short)%00%(objectname)%00%(upstream:track)%00%(upstream:remotename)%00%(upstream:remoteref) refs/heads/master refs/remotes/master [5ms]
[2022-09-30T00:38:31.500Z] > git remote --verbose [1ms]
[2022-09-30T00:38:31.501Z] > git for-each-ref --sort -committerdate --format %(refname) %(objectname) %(*objectname) [14ms]
[2022-09-30T00:38:31.546Z] > git config --get commit.template [1ms]
[2022-09-30T00:38:36.565Z] > git status -z -uall [13ms]
[2022-09-30T00:38:36.573Z] > git symbolic-ref --short HEAD [1ms]
[2022-09-30T00:38:36.579Z] > git for-each-ref --format=%(refname)%00%(upstream:short)%00%(objectname)%00%(upstream:track)%00%(upstream:remotename)%00%(upstream:remoteref) refs/heads/master refs/remotes/master [1ms]
[2022-09-30T00:38:36.591Z] > git remote --verbose [1ms]
[2022-09-30T00:38:36.591Z] > git for-each-ref --sort -committerdate --format %(refname) %(objectname) %(*objectname) [6ms]
[2022-09-30T00:38:36.634Z] > git config --get commit.template [1ms]
[2022-09-30T00:38:41.656Z] > git status -z -uall [15ms]
[2022-09-30T00:38:41.663Z] > git symbolic-ref --short HEAD [1ms]
[2022-09-30T00:38:41.671Z] > git for-each-ref --format=%(refname)%00%(upstream:short)%00%(objectname)%00%(upstream:track)%00%(upstream:remotename)%00%(upstream:remoteref) refs/heads/master refs/remotes/master [1ms]
[2022-09-30T00:38:41.685Z] > git remote --verbose [1ms]
[2022-09-30T00:38:41.686Z] > git for-each-ref --sort -committerdate --format %(refname) %(objectname) %(*objectname) [9ms]
[2022-09-30T00:38:41.750Z] > git config --get commit.template [16ms]
[2022-09-30T00:38:46.768Z] > git status -z -uall [12ms]
[2022-09-30T00:38:46.773Z] > git symbolic-ref --short HEAD [0ms]
[2022-09-30T00:38:46.780Z] > git for-each-ref --format=%(refname)%00%(upstream:short)%00%(objectname)%00%(upstream:track)%00%(upstream:remotename)%00%(upstream:remoteref) refs/heads/master refs/remotes/master [1ms]
[2022-09-30T00:38:46.790Z] > git remote --verbose [0ms]
[2022-09-30T00:38:46.790Z] > git for-each-ref --sort -committerdate --format %(refname) %(objectname) %(*objectname) [5ms]
[2022-09-30T00:38:46.829Z] > git config --get commit.template [1ms]
[2022-09-30T00:38:51.847Z] > git status -z -uall [12ms]
[2022-09-30T00:38:51.852Z] > git symbolic-ref --short HEAD [1ms]
[2022-09-30T00:38:51.858Z] > git for-each-ref --format=%(refname)%00%(upstream:short)%00%(objectname)%00%(upstream:track)%00%(upstream:remotename)%00%(upstream:remoteref) refs/heads/master refs/remotes/master [1ms]
[2022-09-30T00:38:51.868Z] > git remote --verbose [1ms]
[2022-09-30T00:38:51.868Z] > git for-each-ref --sort -committerdate --format %(refname) %(objectname) %(*objectname) [5ms]
[2022-09-30T00:38:51.906Z] > git config --get commit.template [1ms]
[2022-09-30T00:39:09.358Z] > git status -z -uall [25ms]
[2022-09-30T00:39:09.367Z] > git symbolic-ref --short HEAD [3ms]
[2022-09-30T00:39:09.373Z] > git for-each-ref --format=%(refname)%00%(upstream:short)%00%(objectname)%00%(upstream:track)%00%(upstream:remotename)%00%(upstream:remoteref) refs/heads/master refs/remotes/master [0ms]
[2022-09-30T00:39:09.385Z] > git remote --verbose [1ms]
[2022-09-30T00:39:09.385Z] > git for-each-ref --sort -committerdate --format %(refname) %(objectname) %(*objectname) [6ms]
[2022-09-30T00:39:09.436Z] > git config --get commit.template [1ms]
[2022-09-30T00:39:45.839Z] > git status -z -uall [54ms]
[2022-09-30T00:39:45.859Z] > git symbolic-ref --short HEAD [1ms]
[2022-09-30T00:39:45.875Z] > git for-each-ref --format=%(refname)%00%(upstream:short)%00%(objectname)%00%(upstream:track)%00%(upstream:remotename)%00%(upstream:remoteref) refs/heads/master refs/remotes/master [1ms]
[2022-09-30T00:39:45.894Z] > git remote --verbose [1ms]
[2022-09-30T00:39:45.894Z] > git for-each-ref --sort -committerdate --format %(refname) %(objectname) %(*objectname) [7ms]
[2022-09-30T00:39:45.946Z] > git config --get commit.template [3ms]
[2022-09-30T00:39:50.968Z] > git status -z -uall [17ms]
[2022-09-30T00:39:50.976Z] > git symbolic-ref --short HEAD [1ms]
[2022-09-30T00:39:50.983Z] > git for-each-ref --format=%(refname)%00%(upstream:short)%00%(objectname)%00%(upstream:track)%00%(upstream:remotename)%00%(upstream:remoteref) refs/heads/master refs/remotes/master [1ms]
[2022-09-30T00:39:50.996Z] > git remote --verbose [1ms]
[2022-09-30T00:39:50.996Z] > git for-each-ref --sort -committerdate --format %(refname) %(objectname) %(*objectname) [7ms]
[2022-09-30T00:39:51.073Z] > git config --get commit.template [14ms]
[2022-09-30T00:39:56.092Z] > git status -z -uall [12ms]
[2022-09-30T00:39:56.099Z] > git symbolic-ref --short HEAD [1ms]
[2022-09-30T00:39:56.105Z] > git for-each-ref --format=%(refname)%00%(upstream:short)%00%(objectname)%00%(upstream:track)%00%(upstream:remotename)%00%(upstream:remoteref) refs/heads/master refs/remotes/master [0ms]
[2022-09-30T00:39:56.116Z] > git remote --verbose [1ms]
[2022-09-30T00:39:56.116Z] > git for-each-ref --sort -committerdate --format %(refname) %(objectname) %(*objectname) [6ms]
[2022-09-30T00:39:56.158Z] > git config --get commit.template [3ms]
[2022-09-30T00:41:02.648Z] > git status -z -uall [31ms]
[2022-09-30T00:41:02.655Z] > git symbolic-ref --short HEAD [1ms]
[2022-09-30T00:41:02.660Z] > git for-each-ref --format=%(refname)%00%(upstream:short)%00%(objectname)%00%(upstream:track)%00%(upstream:remotename)%00%(upstream:remoteref) refs/heads/master refs/remotes/master [0ms]
[2022-09-30T00:41:02.673Z] > git remote --verbose [1ms]
[2022-09-30T00:41:02.673Z] > git for-each-ref --sort -committerdate --format %(refname) %(objectname) %(*objectname) [5ms]
[2022-09-30T00:41:02.719Z] > git config --get commit.template [1ms]
[2022-09-30T00:41:07.740Z] > git status -z -uall [15ms]
[2022-09-30T00:41:07.747Z] > git symbolic-ref --short HEAD [1ms]
[2022-09-30T00:41:07.753Z] > git for-each-ref --format=%(refname)%00%(upstream:short)%00%(objectname)%00%(upstream:track)%00%(upstream:remotename)%00%(upstream:remoteref) refs/heads/master refs/remotes/master [1ms]
[2022-09-30T00:41:07.763Z] > git remote --verbose [1ms]
[2022-09-30T00:41:07.763Z] > git for-each-ref --sort -committerdate --format %(refname) %(objectname) %(*objectname) [6ms]
[2022-09-30T00:41:07.804Z] > git config --get commit.template [0ms]
[2022-09-30T00:41:23.185Z] > git status -z -uall [64ms]
[2022-09-30T00:41:23.202Z] > git symbolic-ref --short HEAD [1ms]
[2022-09-30T00:41:23.217Z] > git for-each-ref --format=%(refname)%00%(upstream:short)%00%(objectname)%00%(upstream:track)%00%(upstream:remotename)%00%(upstream:remoteref) refs/heads/master refs/remotes/master [1ms]
[2022-09-30T00:41:23.273Z] > git for-each-ref --sort -committerdate --format %(refname) %(objectname) %(*objectname) [35ms]
[2022-09-30T00:41:23.276Z] > git remote --verbose [6ms]
[2022-09-30T00:41:23.805Z] > git config --get commit.template [16ms]
[2022-09-30T00:41:24.345Z] > git show --textconv :atividade1.cpp [7ms]
[2022-09-30T00:41:24.355Z] > git ls-files --stage -- /home/vitor/atividade1.cpp [11ms]
[2022-09-30T00:41:24.361Z] > git cat-file -s 78afea1988258bb0c44fe4378fd90d17a254da4a [1ms]
[2022-09-30T00:41:29.109Z] > git status -z -uall [298ms]
[2022-09-30T00:41:29.115Z] > git symbolic-ref --short HEAD [0ms]
[2022-09-30T00:41:29.124Z] > git for-each-ref --format=%(refname)%00%(upstream:short)%00%(objectname)%00%(upstream:track)%00%(upstream:remotename)%00%(upstream:remoteref) refs/heads/master refs/remotes/master [1ms]
[2022-09-30T00:41:29.139Z] > git remote --verbose [1ms]
[2022-09-30T00:41:29.139Z] > git for-each-ref --sort -committerdate --format %(refname) %(objectname) %(*objectname) [7ms]
[2022-09-30T00:41:29.186Z] > git config --get commit.template [4ms]
[2022-09-30T00:41:31.133Z] > git show --textconv :exemplo.cpp [7ms]
[2022-09-30T00:41:31.133Z] > git ls-files --stage -- /home/vitor/exemplo.cpp [1ms]
[2022-09-30T00:41:31.140Z] > git cat-file -s b354b76453026155adb1027096edcf2dcb59c75c [1ms]
[2022-09-30T00:41:34.131Z] > git show --textconv :exer.cpp [7ms]
[2022-09-30T00:41:34.132Z] > git ls-files --stage -- /home/vitor/exer.cpp [2ms]
[2022-09-30T00:41:34.141Z] > git cat-file -s 4600dca39a5ca70895add4173fddb0bcb3c77e17 [1ms]
[2022-09-30T00:41:34.418Z] > git status -z -uall [226ms]
[2022-09-30T00:41:34.448Z] > git symbolic-ref --short HEAD [8ms]
[2022-09-30T00:41:34.476Z] > git for-each-ref --format=%(refname)%00%(upstream:short)%00%(objectname)%00%(upstream:track)%00%(upstream:remotename)%00%(upstream:remoteref) refs/heads/master refs/remotes/master [4ms]
[2022-09-30T00:41:34.505Z] > git for-each-ref --sort -committerdate --format %(refname) %(objectname) %(*objectname) [15ms]
[2022-09-30T00:41:34.505Z] > git remote --verbose [2ms]
[2022-09-30T00:41:34.556Z] > git config --get commit.template [1ms]
[2022-09-30T00:41:34.578Z] > git show --textconv :exemplo.cpp [11ms]
[2022-09-30T00:41:34.579Z] > git ls-files --stage -- /home/vitor/exemplo.cpp [5ms]
[2022-09-30T00:41:34.591Z] > git cat-file -s b354b76453026155adb1027096edcf2dcb59c75c [5ms]
[2022-09-30T00:41:35.238Z] > git show --textconv :exer.cpp [7ms]
[2022-09-30T00:41:35.239Z] > git ls-files --stage -- /home/vitor/exer.cpp [2ms]
[2022-09-30T00:41:35.246Z] > git cat-file -s 4600dca39a5ca70895add4173fddb0bcb3c77e17 [1ms]
[2022-09-30T00:41:39.905Z] > git status -z -uall [343ms]
[2022-09-30T00:41:39.911Z] > git symbolic-ref --short HEAD [0ms]
[2022-09-30T00:41:39.917Z] > git for-each-ref --format=%(refname)%00%(upstream:short)%00%(objectname)%00%(upstream:track)%00%(upstream:remotename)%00%(upstream:remoteref) refs/heads/master refs/remotes/master [0ms]
[2022-09-30T00:41:39.928Z] > git remote --verbose [0ms]
[2022-09-30T00:41:39.929Z] > git for-each-ref --sort -committerdate --format %(refname) %(objectname) %(*objectname) [6ms]
[2022-09-30T00:41:39.967Z] > git config --get commit.template [1ms]
[2022-09-30T00:41:41.413Z] > git show --textconv :trabalho.cpp [7ms]
[2022-09-30T00:41:41.413Z] > git ls-files --stage -- /home/vitor/trabalho.cpp [1ms]
[2022-09-30T00:41:41.420Z] > git cat-file -s 449567034e2ddc5247d26db92c365ecdad7394e1 [0ms]
[2022-09-30T00:41:43.853Z] > git show --textconv :Trabalhopronto.cpp [23ms]
[2022-09-30T00:41:43.856Z] > git ls-files --stage -- /home/vitor/Trabalhopronto.cpp [8ms]
[2022-09-30T00:41:43.879Z] > git cat-file -s 49985d60e27e38ca34034a31bb4694ba8402ea4c [3ms]
[2022-09-30T00:41:45.652Z] > git status -z -uall [679ms]
[2022-09-30T00:41:45.660Z] > git symbolic-ref --short HEAD [1ms]
[2022-09-30T00:41:45.666Z] > git for-each-ref --format=%(refname)%00%(upstream:short)%00%(objectname)%00%(upstream:track)%00%(upstream:remotename)%00%(upstream:remoteref) refs/heads/master refs/remotes/master [0ms]
[2022-09-30T00:41:45.677Z] > git remote --verbose [1ms]
[2022-09-30T00:41:45.677Z] > git for-each-ref --sort -committerdate --format %(refname) %(objectname) %(*objectname) [6ms]
[2022-09-30T00:41:45.725Z] > git config --get commit.template [7ms]
[2022-09-30T00:41:46.315Z] > git show --textconv :exer.cpp [11ms]
[2022-09-30T00:41:46.318Z] > git ls-files --stage -- /home/vitor/exer.cpp [4ms]
[2022-09-30T00:41:46.335Z] > git cat-file -s 4600dca39a5ca70895add4173fddb0bcb3c77e17 [3ms]
[2022-09-30T00:41:46.775Z] > git show --textconv :atividade1.cpp [8ms]
[2022-09-30T00:41:46.776Z] > git ls-files --stage -- /home/vitor/atividade1.cpp [3ms]
[2022-09-30T00:41:46.783Z] > git cat-file -s 78afea1988258bb0c44fe4378fd90d17a254da4a [1ms]
[2022-09-30T00:41:51.177Z] > git status -z -uall [447ms]
[2022-09-30T00:41:51.182Z] > git symbolic-ref --short HEAD [0ms]
[2022-09-30T00:41:51.188Z] > git for-each-ref --format=%(refname)%00%(upstream:short)%00%(objectname)%00%(upstream:track)%00%(upstream:remotename)%00%(upstream:remoteref) refs/heads/master refs/remotes/master [1ms]
[2022-09-30T00:41:51.197Z] > git remote --verbose [1ms]
[2022-09-30T00:41:51.197Z] > git for-each-ref --sort -committerdate --format %(refname) %(objectname) %(*objectname) [5ms]
[2022-09-30T00:41:51.242Z] > git config --get commit.template [5ms]
[2022-09-30T00:41:54.553Z] > git show --textconv :exemplo.cpp [6ms]
[2022-09-30T00:41:54.555Z] > git ls-files --stage -- /home/vitor/exemplo.cpp [2ms]
[2022-09-30T00:41:54.560Z] > git cat-file -s b354b76453026155adb1027096edcf2dcb59c75c [0ms]
[2022-09-30T00:41:56.938Z] > git status -z -uall [676ms]
[2022-09-30T00:41:56.956Z] > git symbolic-ref --short HEAD [1ms]
[2022-09-30T00:41:56.979Z] > git for-each-ref --format=%(refname)%00%(upstream:short)%00%(objectname)%00%(upstream:track)%00%(upstream:remotename)%00%(upstream:remoteref) refs/heads/master refs/remotes/master [1ms]
[2022-09-30T00:41:56.998Z] > git remote --verbose [2ms]
[2022-09-30T00:41:56.999Z] > git for-each-ref --sort -committerdate --format %(refname) %(objectname) %(*objectname) [11ms]
[2022-09-30T00:41:57.069Z] > git config --get commit.template [14ms]
[2022-09-30T00:41:57.088Z] > git show --textconv :exer.cpp [10ms]
[2022-09-30T00:41:57.089Z] > git ls-files --stage -- /home/vitor/exer.cpp [2ms]
[2022-09-30T00:41:57.096Z] > git cat-file -s 4600dca39a5ca70895add4173fddb0bcb3c77e17 [0ms]
[2022-09-30T00:42:02.535Z] > git status -z -uall [460ms]
[2022-09-30T00:42:02.542Z] > git symbolic-ref --short HEAD [0ms]
[2022-09-30T00:42:02.549Z] > git for-each-ref --format=%(refname)%00%(upstream:short)%00%(objectname)%00%(upstream:track)%00%(upstream:remotename)%00%(upstream:remoteref) refs/heads/master refs/remotes/master [1ms]
[2022-09-30T00:42:02.561Z] > git remote --verbose [0ms]
[2022-09-30T00:42:02.562Z] > git for-each-ref --sort -committerdate --format %(refname) %(objectname) %(*objectname) [7ms]
[2022-09-30T00:42:02.602Z] > git config --get commit.template [1ms]
[2022-09-30T00:42:08.101Z] > git status -z -uall [490ms]
[2022-09-30T00:42:08.108Z] > git symbolic-ref --short HEAD [1ms]
[2022-09-30T00:42:08.113Z] > git for-each-ref --format=%(refname)%00%(upstream:short)%00%(objectname)%00%(upstream:track)%00%(upstream:remotename)%00%(upstream:remoteref) refs/heads/master refs/remotes/master [0ms]
[2022-09-30T00:42:08.124Z] > git remote --verbose [0ms]
[2022-09-30T00:42:08.125Z] > git for-each-ref --sort -committerdate --format %(refname) %(objectname) %(*objectname) [7ms]
[2022-09-30T00:42:08.168Z] > git config --get commit.template [4ms]
[2022-09-30T00:42:15.550Z] > git show --textconv :aula 29-09/exer.cpp [21ms]
[2022-09-30T00:42:15.553Z] > git ls-files --stage -- /home/vitor/aula 29-09/exer.cpp [5ms]
[2022-09-30T00:42:15.778Z] > git check-ignore -v -z --stdin [6ms]
[2022-09-30T00:42:15.827Z] > git status -z -uall [746ms]
[2022-09-30T00:42:15.846Z] > git symbolic-ref --short HEAD [2ms]
[2022-09-30T00:42:15.861Z] > git for-each-ref --format=%(refname)%00%(upstream:short)%00%(objectname)%00%(upstream:track)%00%(upstream:remotename)%00%(upstream:remoteref) refs/heads/master refs/remotes/master [2ms]
[2022-09-30T00:42:15.889Z] > git remote --verbose [1ms]
[2022-09-30T00:42:15.889Z] > git for-each-ref --sort -committerdate --format %(refname) %(objectname) %(*objectname) [13ms]
[2022-09-30T00:42:15.966Z] > git config --get commit.template [12ms]
[2022-09-30T00:42:21.454Z] > git status -z -uall [477ms]
[2022-09-30T00:42:21.464Z] > git symbolic-ref --short HEAD [1ms]
[2022-09-30T00:42:21.474Z] > git for-each-ref --format=%(refname)%00%(upstream:short)%00%(objectname)%00%(upstream:track)%00%(upstream:remotename)%00%(upstream:remoteref) refs/heads/master refs/remotes/master [1ms]
[2022-09-30T00:42:21.496Z] > git for-each-ref --sort -committerdate --format %(refname) %(objectname) %(*objectname) [12ms]
[2022-09-30T00:42:21.496Z] > git remote --verbose [1ms]
[2022-09-30T00:42:21.564Z] > git config --get commit.template [15ms]
[2022-09-30T00:42:22.561Z] > git ls-files --stage -- /home/vitor/aula 29-09/exer.cpp [2ms]
[2022-09-30T00:42:22.613Z] > git show --textconv :aula 29-09/exer.cpp [1ms]
[2022-09-30T00:42:26.140Z] > git ls-files --stage -- /home/vitor/aula 29-09/exer.cpp [1ms]
[2022-09-30T00:42:26.147Z] > git cat-file -s 4600dca39a5ca70895add4173fddb0bcb3c77e17 [1ms]
[2022-09-30T00:42:26.162Z] > git show --textconv :aula 29-09/exer.cpp [4ms]
[2022-09-30T00:42:26.590Z] > git status -z -uall [19ms]
[2022-09-30T00:42:26.598Z] > git symbolic-ref --short HEAD [1ms]
[2022-09-30T00:42:26.606Z] > git for-each-ref --format=%(refname)%00%(upstream:short)%00%(objectname)%00%(upstream:track)%00%(upstream:remotename)%00%(upstream:remoteref) refs/heads/master refs/remotes/master [1ms]
[2022-09-30T00:42:26.619Z] > git remote --verbose [0ms]
[2022-09-30T00:42:26.619Z] > git for-each-ref --sort -committerdate --format %(refname) %(objectname) %(*objectname) [6ms]
[2022-09-30T00:42:26.671Z] > git config --get commit.template [5ms]
[2022-09-30T00:42:28.280Z] > git ls-files --stage -- /home/vitor/aula 29-09/exer.cpp [2ms]
[2022-09-30T00:42:28.287Z] > git cat-file -s 4600dca39a5ca70895add4173fddb0bcb3c77e17 [1ms]
[2022-09-30T00:42:28.300Z] > git show --textconv :aula 29-09/exer.cpp [2ms]
[2022-09-30T00:42:31.692Z] > git status -z -uall [14ms]
[2022-09-30T00:42:31.699Z] > git symbolic-ref --short HEAD [1ms]
[2022-09-30T00:42:31.706Z] > git for-each-ref --format=%(refname)%00%(upstream:short)%00%(objectname)%00%(upstream:track)%00%(upstream:remotename)%00%(upstream:remoteref) refs/heads/master refs/remotes/master [1ms]
[2022-09-30T00:42:31.719Z] > git remote --verbose [0ms]
[2022-09-30T00:42:31.719Z] > git for-each-ref --sort -committerdate --format %(refname) %(objectname) %(*objectname) [6ms]
[2022-09-30T00:42:31.759Z] > git config --get commit.template [1ms]
[2022-09-30T00:42:36.788Z] > git status -z -uall [22ms]
[2022-09-30T00:42:36.795Z] > git symbolic-ref --short HEAD [0ms]
[2022-09-30T00:42:36.802Z] > git for-each-ref --format=%(refname)%00%(upstream:short)%00%(objectname)%00%(upstream:track)%00%(upstream:remotename)%00%(upstream:remoteref) refs/heads/master refs/remotes/master [1ms]
[2022-09-30T00:42:36.815Z] > git remote --verbose [1ms]
[2022-09-30T00:42:36.815Z] > git for-each-ref --sort -committerdate --format %(refname) %(objectname) %(*objectname) [8ms]
[2022-09-30T00:42:36.862Z] > git config --get commit.template [4ms]
[2022-09-30T00:43:30.821Z] > git status -z -uall [52ms]
[2022-09-30T00:43:30.836Z] > git symbolic-ref --short HEAD [3ms]
[2022-09-30T00:43:30.856Z] > git for-each-ref --format=%(refname)%00%(upstream:short)%00%(objectname)%00%(upstream:track)%00%(upstream:remotename)%00%(upstream:remoteref) refs/heads/master refs/remotes/master [3ms]
[2022-09-30T00:43:30.895Z] > git for-each-ref --sort -committerdate --format %(refname) %(objectname) %(*objectname) [23ms]
[2022-09-30T00:43:30.895Z] > git remote --verbose [2ms]
[2022-09-30T00:43:30.982Z] > git config --get commit.template [3ms]
[2022-09-30T00:43:48.802Z] > git status -z -uall [95ms]
[2022-09-30T00:43:48.835Z] > git symbolic-ref --short HEAD [4ms]
[2022-09-30T00:43:48.847Z] > git for-each-ref --format=%(refname)%00%(upstream:short)%00%(objectname)%00%(upstream:track)%00%(upstream:remotename)%00%(upstream:remoteref) refs/heads/master refs/remotes/master [1ms]
[2022-09-30T00:43:48.872Z] > git remote --verbose [2ms]
[2022-09-30T00:43:48.872Z] > git for-each-ref --sort -committerdate --format %(refname) %(objectname) %(*objectname) [13ms]
[2022-09-30T00:43:49.649Z] > git config --get commit.template [19ms]
[2022-09-30T00:44:32.789Z] > git status -z -uall [30ms]
[2022-09-30T00:44:32.798Z] > git symbolic-ref --short HEAD [1ms]
[2022-09-30T00:44:32.804Z] > git for-each-ref --format=%(refname)%00%(upstream:short)%00%(objectname)%00%(upstream:track)%00%(upstream:remotename)%00%(upstream:remoteref) refs/heads/master refs/remotes/master [1ms]
[2022-09-30T00:44:32.817Z] > git remote --verbose [1ms]
[2022-09-30T00:44:32.817Z] > git for-each-ref --sort -committerdate --format %(refname) %(objectname) %(*objectname) [8ms]
[2022-09-30T00:44:32.914Z] > git config --get commit.template [2ms]
[2022-09-30T00:45:28.723Z] > git status -z -uall [29ms]
[2022-09-30T00:45:28.735Z] > git symbolic-ref --short HEAD [2ms]
[2022-09-30T00:45:28.749Z] > git for-each-ref --format=%(refname)%00%(upstream:short)%00%(objectname)%00%(upstream:track)%00%(upstream:remotename)%00%(upstream:remoteref) refs/heads/master refs/remotes/master [2ms]
[2022-09-30T00:45:28.780Z] > git remote --verbose [1ms]
[2022-09-30T00:45:28.781Z] > git for-each-ref --sort -committerdate --format %(refname) %(objectname) %(*objectname) [17ms]
[2022-09-30T00:45:29.007Z] > git config --get commit.template [5ms]
[2022-09-30T00:45:34.029Z] > git status -z -uall [15ms]
[2022-09-30T00:45:34.039Z] > git symbolic-ref --short HEAD [1ms]
[2022-09-30T00:45:34.047Z] > git for-each-ref --format=%(refname)%00%(upstream:short)%00%(objectname)%00%(upstream:track)%00%(upstream:remotename)%00%(upstream:remoteref) refs/heads/master refs/remotes/master [0ms]
[2022-09-30T00:45:34.060Z] > git remote --verbose [1ms]
[2022-09-30T00:45:34.060Z] > git for-each-ref --sort -committerdate --format %(refname) %(objectname) %(*objectname) [7ms]
[2022-09-30T00:45:34.109Z] > git config --get commit.template [3ms]
[2022-09-30T00:45:39.154Z] > git status -z -uall [31ms]
[2022-09-30T00:45:39.174Z] > git symbolic-ref --short HEAD [2ms]
[2022-09-30T00:45:39.186Z] > git for-each-ref --format=%(refname)%00%(upstream:short)%00%(objectname)%00%(upstream:track)%00%(upstream:remotename)%00%(upstream:remoteref) refs/heads/master refs/remotes/master [1ms]
[2022-09-30T00:45:39.202Z] > git remote --verbose [1ms]
[2022-09-30T00:45:39.202Z] > git for-each-ref --sort -committerdate --format %(refname) %(objectname) %(*objectname) [9ms]
[2022-09-30T00:45:39.241Z] > git config --get commit.template [1ms]
[2022-09-30T00:45:44.271Z] > git status -z -uall [21ms]
[2022-09-30T00:45:44.278Z] > git symbolic-ref --short HEAD [1ms]
[2022-09-30T00:45:44.285Z] > git for-each-ref --format=%(refname)%00%(upstream:short)%00%(objectname)%00%(upstream:track)%00%(upstream:remotename)%00%(upstream:remoteref) refs/heads/master refs/remotes/master [1ms]
[2022-09-30T00:45:44.300Z] > git remote --verbose [2ms]
[2022-09-30T00:45:44.301Z] > git for-each-ref --sort -committerdate --format %(refname) %(objectname) %(*objectname) [11ms]
[2022-09-30T00:45:44.342Z] > git config --get commit.template [1ms]
[2022-09-30T00:45:49.367Z] > git status -z -uall [15ms]
[2022-09-30T00:45:49.381Z] > git symbolic-ref --short HEAD [2ms]
[2022-09-30T00:45:49.391Z] > git for-each-ref --format=%(refname)%00%(upstream:short)%00%(objectname)%00%(upstream:track)%00%(upstream:remotename)%00%(upstream:remoteref) refs/heads/master refs/remotes/master [1ms]
[2022-09-30T00:45:49.411Z] > git for-each-ref --sort -committerdate --format %(refname) %(objectname) %(*objectname) [9ms]
[2022-09-30T00:45:49.411Z] > git remote --verbose [1ms]
[2022-09-30T00:45:49.482Z] > git config --get commit.template [18ms]
[2022-09-30T00:45:54.503Z] > git status -z -uall [14ms]
[2022-09-30T00:45:54.515Z] > git symbolic-ref --short HEAD [1ms]
[2022-09-30T00:45:54.535Z] > git for-each-ref --format=%(refname)%00%(upstream:short)%00%(objectname)%00%(upstream:track)%00%(upstream:remotename)%00%(upstream:remoteref) refs/heads/master refs/remotes/master [4ms]
[2022-09-30T00:45:54.568Z] > git remote --verbose [2ms]
[2022-09-30T00:45:54.568Z] > git for-each-ref --sort -committerdate --format %(refname) %(objectname) %(*objectname) [16ms]
[2022-09-30T00:45:54.678Z] > git config --get commit.template [7ms]
[2022-09-30T00:46:00.880Z] > git status -z -uall [34ms]
[2022-09-30T00:46:00.909Z] > git symbolic-ref --short HEAD [5ms]
[2022-09-30T00:46:00.939Z] > git for-each-ref --format=%(refname)%00%(upstream:short)%00%(objectname)%00%(upstream:track)%00%(upstream:remotename)%00%(upstream:remoteref) refs/heads/master refs/remotes/master [2ms]
[2022-09-30T00:46:00.980Z] > git for-each-ref --sort -committerdate --format %(refname) %(objectname) %(*objectname) [18ms]
[2022-09-30T00:46:00.981Z] > git remote --verbose [4ms]
[2022-09-30T00:46:01.066Z] > git config --get commit.template [1ms]
[2022-09-30T00:46:01.829Z] > git show --textconv :exer.cpp [15ms]
[2022-09-30T00:46:01.830Z] > git ls-files --stage -- /home/vitor/exer.cpp [3ms]
[2022-09-30T00:46:06.579Z] > git status -z -uall [173ms]
[2022-09-30T00:46:06.586Z] > git symbolic-ref --short HEAD [1ms]
[2022-09-30T00:46:06.596Z] > git for-each-ref --format=%(refname)%00%(upstream:short)%00%(objectname)%00%(upstream:track)%00%(upstream:remotename)%00%(upstream:remoteref) refs/heads/master refs/remotes/master [1ms]
[2022-09-30T00:46:06.615Z] > git remote --verbose [1ms]
[2022-09-30T00:46:06.615Z] > git for-each-ref --sort -committerdate --format %(refname) %(objectname) %(*objectname) [9ms]
[2022-09-30T00:46:06.664Z] > git config --get commit.template [7ms]
[2022-09-30T00:46:11.782Z] > git status -z -uall [111ms]
[2022-09-30T00:46:11.788Z] > git symbolic-ref --short HEAD [1ms]
[2022-09-30T00:46:11.797Z] > git for-each-ref --format=%(refname)%00%(upstream:short)%00%(objectname)%00%(upstream:track)%00%(upstream:remotename)%00%(upstream:remoteref) refs/heads/master refs/remotes/master [1ms]
[2022-09-30T00:46:11.808Z] > git remote --verbose [1ms]
[2022-09-30T00:46:11.808Z] > git for-each-ref --sort -committerdate --format %(refname) %(objectname) %(*objectname) [6ms]
[2022-09-30T00:46:11.846Z] > git config --get commit.template [0ms]
[2022-09-30T00:46:16.973Z] > git status -z -uall [119ms]
[2022-09-30T00:46:16.979Z] > git symbolic-ref --short HEAD [0ms]
[2022-09-30T00:46:16.986Z] > git for-each-ref --format=%(refname)%00%(upstream:short)%00%(objectname)%00%(upstream:track)%00%(upstream:remotename)%00%(upstream:remoteref) refs/heads/master refs/remotes/master [0ms]
[2022-09-30T00:46:16.995Z] > git remote --verbose [0ms]
[2022-09-30T00:46:16.996Z] > git for-each-ref --sort -committerdate --format %(refname) %(objectname) %(*objectname) [6ms]
[2022-09-30T00:46:17.037Z] > git config --get commit.template [0ms]
[2022-09-30T00:46:22.159Z] > git status -z -uall [116ms]
[2022-09-30T00:46:22.165Z] > git symbolic-ref --short HEAD [0ms]
[2022-09-30T00:46:22.174Z] > git for-each-ref --format=%(refname)%00%(upstream:short)%00%(objectname)%00%(upstream:track)%00%(upstream:remotename)%00%(upstream:remoteref) refs/heads/master refs/remotes/master [1ms]
[2022-09-30T00:46:22.185Z] > git remote --verbose [1ms]
[2022-09-30T00:46:22.185Z] > git for-each-ref --sort -committerdate --format %(refname) %(objectname) %(*objectname) [6ms]
[2022-09-30T00:46:22.229Z] > git config --get commit.template [5ms]
[2022-09-30T00:46:35.668Z] > git status -z -uall [151ms]
[2022-09-30T00:46:35.676Z] > git symbolic-ref --short HEAD [1ms]
[2022-09-30T00:46:35.685Z] > git for-each-ref --format=%(refname)%00%(upstream:short)%00%(objectname)%00%(upstream:track)%00%(upstream:remotename)%00%(upstream:remoteref) refs/heads/master refs/remotes/master [1ms]
[2022-09-30T00:46:35.707Z] > git remote --verbose [3ms]
[2022-09-30T00:46:35.707Z] > git for-each-ref --sort -committerdate --format %(refname) %(objectname) %(*objectname) [13ms]
[2022-09-30T00:46:35.784Z] > git config --get commit.template [4ms]
[2022-09-30T00:46:40.927Z] > git status -z -uall [131ms]
[2022-09-30T00:46:40.939Z] > git symbolic-ref --short HEAD [1ms]
[2022-09-30T00:46:40.949Z] > git for-each-ref --format=%(refname)%00%(upstream:short)%00%(objectname)%00%(upstream:track)%00%(upstream:remotename)%00%(upstream:remoteref) refs/heads/master refs/remotes/master [1ms]
[2022-09-30T00:46:40.964Z] > git remote --verbose [1ms]
[2022-09-30T00:46:40.964Z] > git for-each-ref --sort -committerdate --format %(refname) %(objectname) %(*objectname) [7ms]
[2022-09-30T00:46:41.031Z] > git config --get commit.template [2ms]
[2022-09-30T00:46:47.809Z] > git status -z -uall [179ms]
[2022-09-30T00:46:47.825Z] > git symbolic-ref --short HEAD [1ms]
[2022-09-30T00:46:47.844Z] > git for-each-ref --format=%(refname)%00%(upstream:short)%00%(objectname)%00%(upstream:track)%00%(upstream:remotename)%00%(upstream:remoteref) refs/heads/master refs/remotes/master [2ms]
[2022-09-30T00:46:47.923Z] > git for-each-ref --sort -committerdate --format %(refname) %(objectname) %(*objectname) [60ms]
[2022-09-30T00:46:47.930Z] > git remote --verbose [40ms]
[2022-09-30T00:46:48.038Z] > git config --get commit.template [4ms]
[2022-09-30T00:46:59.496Z] > git status -z -uall [197ms]
[2022-09-30T00:46:59.509Z] > git symbolic-ref --short HEAD [1ms]
[2022-09-30T00:46:59.524Z] > git for-each-ref --format=%(refname)%00%(upstream:short)%00%(objectname)%00%(upstream:track)%00%(upstream:remotename)%00%(upstream:remoteref) refs/heads/master refs/remotes/master [1ms]
[2022-09-30T00:46:59.541Z] > git remote --verbose [1ms]
[2022-09-30T00:46:59.542Z] > git for-each-ref --sort -committerdate --format %(refname) %(objectname) %(*objectname) [10ms]
[2022-09-30T00:46:59.612Z] > git config --get commit.template [10ms]
[2022-09-30T00:47:04.744Z] > git status -z -uall [122ms]
[2022-09-30T00:47:04.752Z] > git symbolic-ref --short HEAD [1ms]
[2022-09-30T00:47:04.767Z] > git for-each-ref --format=%(refname)%00%(upstream:short)%00%(objectname)%00%(upstream:track)%00%(upstream:remotename)%00%(upstream:remoteref) refs/heads/master refs/remotes/master [1ms]
[2022-09-30T00:47:04.781Z] > git remote --verbose [0ms]
[2022-09-30T00:47:04.782Z] > git for-each-ref --sort -committerdate --format %(refname) %(objectname) %(*objectname) [7ms]
[2022-09-30T00:47:04.848Z] > git config --get commit.template [2ms]
[2022-09-30T00:47:09.987Z] > git status -z -uall [125ms]
[2022-09-30T00:47:10.000Z] > git symbolic-ref --short HEAD [0ms]
[2022-09-30T00:47:10.010Z] > git for-each-ref --format=%(refname)%00%(upstream:short)%00%(objectname)%00%(upstream:track)%00%(upstream:remotename)%00%(upstream:remoteref) refs/heads/master refs/remotes/master [1ms]
[2022-09-30T00:47:10.035Z] > git remote --verbose [1ms]
[2022-09-30T00:47:10.035Z] > git for-each-ref --sort -committerdate --format %(refname) %(objectname) %(*objectname) [11ms]
[2022-09-30T00:47:10.091Z] > git config --get commit.template [11ms]
[2022-09-30T00:47:15.270Z] > git status -z -uall [157ms]
[2022-09-30T00:47:15.282Z] > git symbolic-ref --short HEAD [1ms]
[2022-09-30T00:47:15.306Z] > git for-each-ref --format=%(refname)%00%(upstream:short)%00%(objectname)%00%(upstream:track)%00%(upstream:remotename)%00%(upstream:remoteref) refs/heads/master refs/remotes/master [3ms]
[2022-09-30T00:47:15.330Z] > git remote --verbose [1ms]
[2022-09-30T00:47:15.330Z] > git for-each-ref --sort -committerdate --format %(refname) %(objectname) %(*objectname) [12ms]
[2022-09-30T00:47:15.397Z] > git config --get commit.template [3ms]
[2022-09-30T00:47:15.410Z] > git ls-files --stage -- /home/vitor/exer.cpp [2ms]
[2022-09-30T00:47:15.899Z] > git show --textconv :exer.cpp [460ms]
[2022-09-30T00:47:24.347Z] > git status -z -uall [348ms]
[2022-09-30T00:47:24.366Z] > git symbolic-ref --short HEAD [2ms]
[2022-09-30T00:47:24.390Z] > git for-each-ref --format=%(refname)%00%(upstream:short)%00%(objectname)%00%(upstream:track)%00%(upstream:remotename)%00%(upstream:remoteref) refs/heads/master refs/remotes/master [1ms]
[2022-09-30T00:47:24.447Z] > git remote --verbose [4ms]
[2022-09-30T00:47:24.447Z] > git for-each-ref --sort -committerdate --format %(refname) %(objectname) %(*objectname) [43ms]
[2022-09-30T00:47:25.037Z] > git config --get commit.template [480ms]
[2022-09-30T00:47:28.064Z] > git ls-files --stage -- /home/vitor/exer.cpp [2ms]
[2022-09-30T00:47:28.073Z] > git cat-file -s 4600dca39a5ca70895add4173fddb0bcb3c77e17 [1ms]
[2022-09-30T00:47:28.095Z] > git show --textconv :exer.cpp [3ms]
[2022-09-30T00:47:30.482Z] > git status -z -uall [102ms]
[2022-09-30T00:47:30.501Z] > git symbolic-ref --short HEAD [1ms]
[2022-09-30T00:47:30.513Z] > git for-each-ref --format=%(refname)%00%(upstream:short)%00%(objectname)%00%(upstream:track)%00%(upstream:remotename)%00%(upstream:remoteref) refs/heads/master refs/remotes/master [1ms]
[2022-09-30T00:47:30.546Z] > git for-each-ref --sort -committerdate --format %(refname) %(objectname) %(*objectname) [21ms]
[2022-09-30T00:47:30.547Z] > git remote --verbose [3ms]
[2022-09-30T00:47:30.611Z] > git config --get commit.template [2ms]
[2022-09-30T00:47:35.654Z] > git status -z -uall [18ms]
[2022-09-30T00:47:35.662Z] > git symbolic-ref --short HEAD [1ms]
[2022-09-30T00:47:35.679Z] > git for-each-ref --format=%(refname)%00%(upstream:short)%00%(objectname)%00%(upstream:track)%00%(upstream:remotename)%00%(upstream:remoteref) refs/heads/master refs/remotes/master [1ms]
[2022-09-30T00:47:35.717Z] > git remote --verbose [1ms]
[2022-09-30T00:47:35.717Z] > git for-each-ref --sort -committerdate --format %(refname) %(objectname) %(*objectname) [17ms]
[2022-09-30T00:47:35.784Z] > git config --get commit.template [4ms]
[2022-09-30T00:47:40.815Z] > git status -z -uall [15ms]
[2022-09-30T00:47:40.832Z] > git symbolic-ref --short HEAD [1ms]
[2022-09-30T00:47:40.844Z] > git for-each-ref --format=%(refname)%00%(upstream:short)%00%(objectname)%00%(upstream:track)%00%(upstream:remotename)%00%(upstream:remoteref) refs/heads/master refs/remotes/master [0ms]
[2022-09-30T00:47:40.861Z] > git remote --verbose [1ms]
[2022-09-30T00:47:40.861Z] > git for-each-ref --sort -committerdate --format %(refname) %(objectname) %(*objectname) [9ms]
[2022-09-30T00:47:40.923Z] > git config --get commit.template [6ms]
[2022-09-30T00:47:47.750Z] > git status -z -uall [50ms]
[2022-09-30T00:47:47.777Z] > git symbolic-ref --short HEAD [3ms]
[2022-09-30T00:47:47.797Z] > git for-each-ref --format=%(refname)%00%(upstream:short)%00%(objectname)%00%(upstream:track)%00%(upstream:remotename)%00%(upstream:remoteref) refs/heads/master refs/remotes/master [1ms]
[2022-09-30T00:47:47.826Z] > git remote --verbose [6ms]
[2022-09-30T00:47:47.826Z] > git for-each-ref --sort -committerdate --format %(refname) %(objectname) %(*objectname) [14ms]
[2022-09-30T00:47:47.879Z] > git config --get commit.template [1ms]
[2022-09-30T00:47:52.916Z] > git status -z -uall [19ms]
[2022-09-30T00:47:52.951Z] > git symbolic-ref --short HEAD [1ms]
[2022-09-30T00:47:52.963Z] > git for-each-ref --format=%(refname)%00%(upstream:short)%00%(objectname)%00%(upstream:track)%00%(upstream:remotename)%00%(upstream:remoteref) refs/heads/master refs/remotes/master [1ms]
[2022-09-30T00:47:52.983Z] > git for-each-ref --sort -committerdate --format %(refname) %(objectname) %(*objectname) [11ms]
[2022-09-30T00:47:52.983Z] > git remote --verbose [1ms]
[2022-09-30T00:47:53.049Z] > git config --get commit.template [2ms]
[2022-09-30T00:47:54.608Z] > git ls-files --stage -- /home/vitor/exer.cpp [3ms]
[2022-09-30T00:47:54.632Z] > git cat-file -s 4600dca39a5ca70895add4173fddb0bcb3c77e17 [3ms]
[2022-09-30T00:47:54.674Z] > git show --textconv :exer.cpp [4ms]
[2022-09-30T00:47:59.560Z] > git status -z -uall [23ms]
[2022-09-30T00:47:59.578Z] > git symbolic-ref --short HEAD [3ms]
[2022-09-30T00:47:59.602Z] > git for-each-ref --format=%(refname)%00%(upstream:short)%00%(objectname)%00%(upstream:track)%00%(upstream:remotename)%00%(upstream:remoteref) refs/heads/master refs/remotes/master [1ms]
[2022-09-30T00:47:59.630Z] > git remote --verbose [0ms]
[2022-09-30T00:47:59.631Z] > git for-each-ref --sort -committerdate --format %(refname) %(objectname) %(*objectname) [15ms]
[2022-09-30T00:47:59.715Z] > git config --get commit.template [24ms]
[2022-09-30T00:48:04.864Z] > git status -z -uall [105ms]
[2022-09-30T00:48:04.939Z] > git symbolic-ref --short HEAD [2ms]
[2022-09-30T00:48:04.990Z] > git for-each-ref --format=%(refname)%00%(upstream:short)%00%(objectname)%00%(upstream:track)%00%(upstream:remotename)%00%(upstream:remoteref) refs/heads/master refs/remotes/master [1ms]
[2022-09-30T00:48:05.081Z] > git remote --verbose [2ms]
[2022-09-30T00:48:05.081Z] > git for-each-ref --sort -committerdate --format %(refname) %(objectname) %(*objectname) [52ms]
[2022-09-30T00:48:06.639Z] > git config --get commit.template [1354ms]
[2022-09-30T00:48:15.822Z] > git status -z -uall [66ms]
[2022-09-30T00:48:15.853Z] > git symbolic-ref --short HEAD [3ms]
[2022-09-30T00:48:15.882Z] > git for-each-ref --format=%(refname)%00%(upstream:short)%00%(objectname)%00%(upstream:track)%00%(upstream:remotename)%00%(upstream:remoteref) refs/heads/master refs/remotes/master [2ms]
[2022-09-30T00:48:15.922Z] > git remote --verbose [2ms]
[2022-09-30T00:48:15.922Z] > git for-each-ref --sort -committerdate --format %(refname) %(objectname) %(*objectname) [16ms]
[2022-09-30T00:48:16.007Z] > git config --get commit.template [1ms]
[2022-09-30T00:48:21.039Z] > git status -z -uall [23ms]
[2022-09-30T00:48:21.052Z] > git symbolic-ref --short HEAD [1ms]
[2022-09-30T00:48:21.062Z] > git for-each-ref --format=%(refname)%00%(upstream:short)%00%(objectname)%00%(upstream:track)%00%(upstream:remotename)%00%(upstream:remoteref) refs/heads/master refs/remotes/master [1ms]
[2022-09-30T00:48:21.080Z] > git remote --verbose [1ms]
[2022-09-30T00:48:21.081Z] > git for-each-ref --sort -committerdate --format %(refname) %(objectname) %(*objectname) [10ms]
[2022-09-30T00:48:21.137Z] > git config --get commit.template [3ms]
[2022-09-30T00:49:26.670Z] > git status -z -uall [24ms]
[2022-09-30T00:49:26.679Z] > git symbolic-ref --short HEAD [0ms]
[2022-09-30T00:49:26.689Z] > git for-each-ref --format=%(refname)%00%(upstream:short)%00%(objectname)%00%(upstream:track)%00%(upstream:remotename)%00%(upstream:remoteref) refs/heads/master refs/remotes/master [1ms]
[2022-09-30T00:49:26.713Z] > git remote --verbose [2ms]
[2022-09-30T00:49:26.713Z] > git for-each-ref --sort -committerdate --format %(refname) %(objectname) %(*objectname) [14ms]
[2022-09-30T00:49:26.844Z] > git config --get commit.template [32ms]
[2022-09-30T00:49:32.278Z] > git status -z -uall [30ms]
[2022-09-30T00:49:32.300Z] > git symbolic-ref --short HEAD [3ms]
[2022-09-30T00:49:32.312Z] > git for-each-ref --format=%(refname)%00%(upstream:short)%00%(objectname)%00%(upstream:track)%00%(upstream:remotename)%00%(upstream:remoteref) refs/heads/master refs/remotes/master [1ms]
[2022-09-30T00:49:32.327Z] > git remote --verbose [1ms]
[2022-09-30T00:49:32.327Z] > git for-each-ref --sort -committerdate --format %(refname) %(objectname) %(*objectname) [9ms]
[2022-09-30T00:49:32.383Z] > git config --get commit.template [3ms]
[2022-09-30T00:49:37.406Z] > git status -z -uall [15ms]
[2022-09-30T00:49:37.414Z] > git symbolic-ref --short HEAD [1ms]
[2022-09-30T00:49:37.424Z] > git for-each-ref --format=%(refname)%00%(upstream:short)%00%(objectname)%00%(upstream:track)%00%(upstream:remotename)%00%(upstream:remoteref) refs/heads/master refs/remotes/master [2ms]
[2022-09-30T00:49:37.448Z] > git remote --verbose [1ms]
[2022-09-30T00:49:37.451Z] > git for-each-ref --sort -committerdate --format %(refname) %(objectname) %(*objectname) [18ms]
[2022-09-30T00:49:37.495Z] > git config --get commit.template [1ms]
[2022-09-30T00:50:27.153Z] > git status -z -uall [83ms]
[2022-09-30T00:50:27.177Z] > git symbolic-ref --short HEAD [2ms]
[2022-09-30T00:50:27.188Z] > git for-each-ref --format=%(refname)%00%(upstream:short)%00%(objectname)%00%(upstream:track)%00%(upstream:remotename)%00%(upstream:remoteref) refs/heads/master refs/remotes/master [2ms]
[2022-09-30T00:50:27.208Z] > git for-each-ref --sort -committerdate --format %(refname) %(objectname) %(*objectname) [11ms]
[2022-09-30T00:50:27.208Z] > git remote --verbose [3ms]
[2022-09-30T00:50:27.304Z] > git config --get commit.template [1ms]
[2022-09-30T00:50:34.749Z] > git status -z -uall [56ms]
[2022-09-30T00:50:34.764Z] > git symbolic-ref --short HEAD [1ms]
[2022-09-30T00:50:34.784Z] > git for-each-ref --format=%(refname)%00%(upstream:short)%00%(objectname)%00%(upstream:track)%00%(upstream:remotename)%00%(upstream:remoteref) refs/heads/master refs/remotes/master [1ms]
[2022-09-30T00:50:34.816Z] > git for-each-ref --sort -committerdate --format %(refname) %(objectname) %(*objectname) [17ms]
[2022-09-30T00:50:34.819Z] > git remote --verbose [5ms]
[2022-09-30T00:50:34.870Z] > git config --get commit.template [1ms]
[2022-09-30T00:50:51.032Z] > git status -z -uall [38ms]
[2022-09-30T00:50:51.057Z] > git symbolic-ref --short HEAD [1ms]
[2022-09-30T00:50:51.077Z] > git for-each-ref --format=%(refname)%00%(upstream:short)%00%(objectname)%00%(upstream:track)%00%(upstream:remotename)%00%(upstream:remoteref) refs/heads/master refs/remotes/master [2ms]
[2022-09-30T00:50:51.107Z] > git remote --verbose [4ms]
[2022-09-30T00:50:51.108Z] > git for-each-ref --sort -committerdate --format %(refname) %(objectname) %(*objectname) [18ms]
[2022-09-30T00:50:51.163Z] > git config --get commit.template [0ms]
[2022-09-30T00:51:08.397Z] > git status -z -uall [29ms]
[2022-09-30T00:51:08.405Z] > git symbolic-ref --short HEAD [0ms]
[2022-09-30T00:51:08.418Z] > git for-each-ref --format=%(refname)%00%(upstream:short)%00%(objectname)%00%(upstream:track)%00%(upstream:remotename)%00%(upstream:remoteref) refs/heads/master refs/remotes/master [1ms]
[2022-09-30T00:51:08.438Z] > git remote --verbose [1ms]
[2022-09-30T00:51:08.438Z] > git for-each-ref --sort -committerdate --format %(refname) %(objectname) %(*objectname) [11ms]
[2022-09-30T00:51:08.508Z] > git config --get commit.template [1ms]
[2022-09-30T00:51:15.783Z] > git status -z -uall [27ms]
[2022-09-30T00:51:15.795Z] > git symbolic-ref --short HEAD [2ms]
[2022-09-30T00:51:15.808Z] > git for-each-ref --format=%(refname)%00%(upstream:short)%00%(objectname)%00%(upstream:track)%00%(upstream:remotename)%00%(upstream:remoteref) refs/heads/master refs/remotes/master [1ms]
[2022-09-30T00:51:15.827Z] > git remote --verbose [3ms]
[2022-09-30T00:51:15.828Z] > git for-each-ref --sort -committerdate --format %(refname) %(objectname) %(*objectname) [12ms]
[2022-09-30T00:51:16.905Z] > git config --get commit.template [960ms]
[2022-09-30T00:51:29.406Z] > git status -z -uall [46ms]
[2022-09-30T00:51:29.426Z] > git symbolic-ref --short HEAD [2ms]
[2022-09-30T00:51:29.434Z] > git for-each-ref --format=%(refname)%00%(upstream:short)%00%(objectname)%00%(upstream:track)%00%(upstream:remotename)%00%(upstream:remoteref) refs/heads/master refs/remotes/master [1ms]
[2022-09-30T00:51:29.448Z] > git for-each-ref --sort -committerdate --format %(refname) %(objectname) %(*objectname) [8ms]
[2022-09-30T00:51:29.448Z] > git remote --verbose [1ms]
[2022-09-30T00:51:29.507Z] > git config --get commit.template [3ms]
[2022-09-30T00:51:34.068Z] > git ls-files --stage -- /home/vitor/exer.cpp [2ms]
[2022-09-30T00:51:34.073Z] > git cat-file -s 4600dca39a5ca70895add4173fddb0bcb3c77e17 [0ms]
[2022-09-30T00:51:34.138Z] > git show --textconv :exer.cpp [2ms]
[2022-09-30T00:51:34.531Z] > git status -z -uall [17ms]
[2022-09-30T00:51:34.540Z] > git symbolic-ref --short HEAD [1ms]
[2022-09-30T00:51:34.548Z] > git for-each-ref --format=%(refname)%00%(upstream:short)%00%(objectname)%00%(upstream:track)%00%(upstream:remotename)%00%(upstream:remoteref) refs/heads/master refs/remotes/master [1ms]
[2022-09-30T00:51:34.565Z] > git for-each-ref --sort -committerdate --format %(refname) %(objectname) %(*objectname) [9ms]
[2022-09-30T00:51:34.565Z] > git remote --verbose [2ms]
[2022-09-30T00:51:34.626Z] > git config --get commit.template [8ms]
[2022-09-30T00:51:36.178Z] > git ls-files --stage -- /home/vitor/exer.cpp [2ms]
[2022-09-30T00:51:36.185Z] > git cat-file -s 4600dca39a5ca70895add4173fddb0bcb3c77e17 [1ms]
[2022-09-30T00:51:36.200Z] > git show --textconv :exer.cpp [1ms]
[2022-09-30T00:51:38.277Z] > git ls-files --stage -- /home/vitor/exer.cpp [2ms]
[2022-09-30T00:51:38.283Z] > git cat-file -s 4600dca39a5ca70895add4173fddb0bcb3c77e17 [0ms]
[2022-09-30T00:51:38.300Z] > git show --textconv :exer.cpp [2ms]
[2022-09-30T00:51:54.863Z] > git status -z -uall [24ms]
[2022-09-30T00:51:54.877Z] > git symbolic-ref --short HEAD [1ms]
[2022-09-30T00:51:54.886Z] > git for-each-ref --format=%(refname)%00%(upstream:short)%00%(objectname)%00%(upstream:track)%00%(upstream:remotename)%00%(upstream:remoteref) refs/heads/master refs/remotes/master [1ms]
[2022-09-30T00:51:54.900Z] > git remote --verbose [1ms]
[2022-09-30T00:51:54.900Z] > git for-each-ref --sort -committerdate --format %(refname) %(objectname) %(*objectname) [8ms]
[2022-09-30T00:51:54.963Z] > git config --get commit.template [2ms]
[2022-09-30T00:52:10.005Z] > git status -z -uall [82ms]
[2022-09-30T00:52:10.028Z] > git symbolic-ref --short HEAD [2ms]
[2022-09-30T00:52:10.040Z] > git for-each-ref --format=%(refname)%00%(upstream:short)%00%(objectname)%00%(upstream:track)%00%(upstream:remotename)%00%(upstream:remoteref) refs/heads/master refs/remotes/master [1ms]
[2022-09-30T00:52:10.058Z] > git for-each-ref --sort -committerdate --format %(refname) %(objectname) %(*objectname) [8ms]
[2022-09-30T00:52:10.059Z] > git remote --verbose [2ms]
[2022-09-30T00:52:10.128Z] > git config --get commit.template [6ms]
[2022-09-30T00:52:15.154Z] > git status -z -uall [14ms]
[2022-09-30T00:52:15.163Z] > git symbolic-ref --short HEAD [1ms]
[2022-09-30T00:52:15.172Z] > git for-each-ref --format=%(refname)%00%(upstream:short)%00%(objectname)%00%(upstream:track)%00%(upstream:remotename)%00%(upstream:remoteref) refs/heads/master refs/remotes/master [0ms]
[2022-09-30T00:52:15.188Z] > git remote --verbose [1ms]
[2022-09-30T00:52:15.188Z] > git for-each-ref --sort -committerdate --format %(refname) %(objectname) %(*objectname) [9ms]
[2022-09-30T00:52:15.249Z] > git config --get commit.template [12ms]
[2022-09-30T00:52:20.273Z] > git status -z -uall [13ms]
[2022-09-30T00:52:20.281Z] > git symbolic-ref --short HEAD [1ms]
[2022-09-30T00:52:20.291Z] > git for-each-ref --format=%(refname)%00%(upstream:short)%00%(objectname)%00%(upstream:track)%00%(upstream:remotename)%00%(upstream:remoteref) refs/heads/master refs/remotes/master [2ms]
[2022-09-30T00:52:20.308Z] > git remote --verbose [1ms]
[2022-09-30T00:52:20.308Z] > git for-each-ref --sort -committerdate --format %(refname) %(objectname) %(*objectname) [8ms]
[2022-09-30T00:52:20.351Z] > git config --get commit.template [3ms]
[2022-09-30T00:52:25.378Z] > git status -z -uall [16ms]
[2022-09-30T00:52:25.388Z] > git symbolic-ref --short HEAD [1ms]
[2022-09-30T00:52:25.398Z] > git for-each-ref --format=%(refname)%00%(upstream:short)%00%(objectname)%00%(upstream:track)%00%(upstream:remotename)%00%(upstream:remoteref) refs/heads/master refs/remotes/master [1ms]
[2022-09-30T00:52:25.415Z] > git for-each-ref --sort -committerdate --format %(refname) %(objectname) %(*objectname) [10ms]
[2022-09-30T00:52:25.416Z] > git remote --verbose [2ms]
[2022-09-30T00:52:25.474Z] > git config --get commit.template [2ms]
[2022-09-30T00:52:44.351Z] > git status -z -uall [62ms]
[2022-09-30T00:52:44.416Z] > git symbolic-ref --short HEAD [4ms]
[2022-09-30T00:52:44.477Z] > git for-each-ref --format=%(refname)%00%(upstream:short)%00%(objectname)%00%(upstream:track)%00%(upstream:remotename)%00%(upstream:remoteref) refs/heads/master refs/remotes/master [3ms]
[2022-09-30T00:52:44.555Z] > git remote --verbose [4ms]
[2022-09-30T00:52:44.556Z] > git for-each-ref --sort -committerdate --format %(refname) %(objectname) %(*objectname) [51ms]
[2022-09-30T00:52:45.675Z] > git config --get commit.template [965ms]
