[2022-09-30T00:58:29.250Z] Log level: Info
[2022-09-30T00:58:29.263Z] [info] Validating found git in: git
[2022-09-30T00:58:29.312Z] [info] Using git 2.25.1 from git
[2022-09-30T00:58:29.366Z] > git rev-parse --show-toplevel [29ms]
[2022-09-30T00:58:29.411Z] > git rev-parse --git-dir --git-common-dir [35ms]
[2022-09-30T00:58:29.422Z] [info] Open repository: /home/vitor
[2022-09-30T00:58:29.648Z] > git status -z -uall [214ms]
[2022-09-30T00:58:29.654Z] > git symbolic-ref --short HEAD [1ms]
[2022-09-30T00:58:29.663Z] > git for-each-ref --format=%(refname)%00%(upstream:short)%00%(objectname)%00%(upstream:track)%00%(upstream:remotename)%00%(upstream:remoteref) refs/heads/master refs/remotes/master [1ms]
[2022-09-30T00:58:29.680Z] > git remote --verbose [1ms]
[2022-09-30T00:58:29.681Z] > git for-each-ref --sort -committerdate --format %(refname) %(objectname) %(*objectname) [8ms]
[2022-09-30T00:58:30.563Z] > git config --get commit.template [764ms]
[2022-09-30T00:58:30.581Z] > git check-ignore -v -z --stdin [5ms]
[2022-09-30T00:58:30.665Z] > git status -z -uall [97ms]
[2022-09-30T00:58:30.672Z] > git symbolic-ref --short HEAD [0ms]
[2022-09-30T00:58:30.680Z] > git for-each-ref --format=%(refname)%00%(upstream:short)%00%(objectname)%00%(upstream:track)%00%(upstream:remotename)%00%(upstream:remoteref) refs/heads/master refs/remotes/master [1ms]
[2022-09-30T00:58:30.700Z] > git remote --verbose [1ms]
[2022-09-30T00:58:30.701Z] > git for-each-ref --sort -committerdate --format %(refname) %(objectname) %(*objectname) [11ms]
[2022-09-30T00:58:30.742Z] > git config --get commit.template [1ms]
[2022-09-30T00:58:46.269Z] > git status -z -uall [125ms]
[2022-09-30T00:58:46.274Z] > git symbolic-ref --short HEAD [1ms]
[2022-09-30T00:58:46.279Z] > git for-each-ref --format=%(refname)%00%(upstream:short)%00%(objectname)%00%(upstream:track)%00%(upstream:remotename)%00%(upstream:remoteref) refs/heads/master refs/remotes/master [1ms]
[2022-09-30T00:58:46.288Z] > git for-each-ref --sort -committerdate --format %(refname) %(objectname) %(*objectname) [6ms]
[2022-09-30T00:58:46.288Z] > git remote --verbose [1ms]
[2022-09-30T00:58:46.359Z] > git config --get commit.template [6ms]
[2022-09-30T00:58:51.436Z] > git status -z -uall [71ms]
[2022-09-30T00:58:51.443Z] > git symbolic-ref --short HEAD [1ms]
[2022-09-30T00:58:51.451Z] > git for-each-ref --format=%(refname)%00%(upstream:short)%00%(objectname)%00%(upstream:track)%00%(upstream:remotename)%00%(upstream:remoteref) refs/heads/master refs/remotes/master [1ms]
[2022-09-30T00:58:51.465Z] > git for-each-ref --sort -committerdate --format %(refname) %(objectname) %(*objectname) [10ms]
[2022-09-30T00:58:51.465Z] > git remote --verbose [1ms]
[2022-09-30T00:58:51.520Z] > git config --get commit.template [1ms]
[2022-09-30T00:58:53.369Z] > git show --textconv :.bash_history [7ms]
[2022-09-30T00:58:53.371Z] > git ls-files --stage -- /home/vitor/.bash_history [3ms]
[2022-09-30T00:58:53.378Z] > git cat-file -s 251429c79e935e64516f6a3dd897e1104ff3b1f9 [1ms]
[2022-09-30T00:58:56.598Z] > git status -z -uall [70ms]
[2022-09-30T00:58:56.608Z] > git symbolic-ref --short HEAD [2ms]
[2022-09-30T00:58:56.616Z] > git for-each-ref --format=%(refname)%00%(upstream:short)%00%(objectname)%00%(upstream:track)%00%(upstream:remotename)%00%(upstream:remoteref) refs/heads/master refs/remotes/master [2ms]
[2022-09-30T00:58:56.630Z] > git for-each-ref --sort -committerdate --format %(refname) %(objectname) %(*objectname) [8ms]
[2022-09-30T00:58:56.641Z] > git remote --verbose [13ms]
[2022-09-30T00:58:56.687Z] > git config --get commit.template [1ms]
[2022-09-30T00:59:01.755Z] > git status -z -uall [63ms]
[2022-09-30T00:59:01.761Z] > git symbolic-ref --short HEAD [1ms]
[2022-09-30T00:59:01.769Z] > git for-each-ref --format=%(refname)%00%(upstream:short)%00%(objectname)%00%(upstream:track)%00%(upstream:remotename)%00%(upstream:remoteref) refs/heads/master refs/remotes/master [1ms]
[2022-09-30T00:59:01.778Z] > git remote --verbose [0ms]
[2022-09-30T00:59:01.779Z] > git for-each-ref --sort -committerdate --format %(refname) %(objectname) %(*objectname) [5ms]
[2022-09-30T00:59:01.813Z] > git config --get commit.template [0ms]
[2022-09-30T00:59:05.145Z] > git show --textconv :.bash_history [6ms]
[2022-09-30T00:59:05.146Z] > git ls-files --stage -- /home/vitor/.bash_history [1ms]
[2022-09-30T00:59:05.151Z] > git cat-file -s 251429c79e935e64516f6a3dd897e1104ff3b1f9 [0ms]
[2022-09-30T00:59:06.873Z] > git status -z -uall [55ms]
[2022-09-30T00:59:06.879Z] > git symbolic-ref --short HEAD [0ms]
[2022-09-30T00:59:06.884Z] > git for-each-ref --format=%(refname)%00%(upstream:short)%00%(objectname)%00%(upstream:track)%00%(upstream:remotename)%00%(upstream:remoteref) refs/heads/master refs/remotes/master [1ms]
[2022-09-30T00:59:06.892Z] > git remote --verbose [1ms]
[2022-09-30T00:59:06.892Z] > git for-each-ref --sort -committerdate --format %(refname) %(objectname) %(*objectname) [4ms]
[2022-09-30T00:59:06.926Z] > git config --get commit.template [1ms]
[2022-09-30T00:59:12.009Z] > git status -z -uall [74ms]
[2022-09-30T00:59:12.018Z] > git symbolic-ref --short HEAD [3ms]
[2022-09-30T00:59:12.025Z] > git for-each-ref --format=%(refname)%00%(upstream:short)%00%(objectname)%00%(upstream:track)%00%(upstream:remotename)%00%(upstream:remoteref) refs/heads/master refs/remotes/master [1ms]
[2022-09-30T00:59:12.040Z] > git remote --verbose [2ms]
[2022-09-30T00:59:12.041Z] > git for-each-ref --sort -committerdate --format %(refname) %(objectname) %(*objectname) [10ms]
[2022-09-30T00:59:12.087Z] > git config --get commit.template [6ms]
[2022-09-30T00:59:17.156Z] > git status -z -uall [63ms]
[2022-09-30T00:59:17.161Z] > git symbolic-ref --short HEAD [1ms]
[2022-09-30T00:59:17.169Z] > git for-each-ref --format=%(refname)%00%(upstream:short)%00%(objectname)%00%(upstream:track)%00%(upstream:remotename)%00%(upstream:remoteref) refs/heads/master refs/remotes/master [1ms]
[2022-09-30T00:59:17.182Z] > git remote --verbose [1ms]
[2022-09-30T00:59:17.182Z] > git for-each-ref --sort -committerdate --format %(refname) %(objectname) %(*objectname) [8ms]
[2022-09-30T00:59:17.223Z] > git config --get commit.template [2ms]
[2022-09-30T00:59:24.371Z] > git status -z -uall [78ms]
[2022-09-30T00:59:24.377Z] > git symbolic-ref --short HEAD [1ms]
[2022-09-30T00:59:24.385Z] > git for-each-ref --format=%(refname)%00%(upstream:short)%00%(objectname)%00%(upstream:track)%00%(upstream:remotename)%00%(upstream:remoteref) refs/heads/master refs/remotes/master [0ms]
[2022-09-30T00:59:24.398Z] > git remote --verbose [2ms]
[2022-09-30T00:59:24.398Z] > git for-each-ref --sort -committerdate --format %(refname) %(objectname) %(*objectname) [7ms]
[2022-09-30T00:59:24.444Z] > git config --get commit.template [1ms]
[2022-09-30T00:59:29.548Z] > git status -z -uall [95ms]
[2022-09-30T00:59:29.555Z] > git symbolic-ref --short HEAD [1ms]
[2022-09-30T00:59:29.564Z] > git for-each-ref --format=%(refname)%00%(upstream:short)%00%(objectname)%00%(upstream:track)%00%(upstream:remotename)%00%(upstream:remoteref) refs/heads/master refs/remotes/master [1ms]
[2022-09-30T00:59:29.587Z] > git remote --verbose [1ms]
[2022-09-30T00:59:29.588Z] > git for-each-ref --sort -committerdate --format %(refname) %(objectname) %(*objectname) [12ms]
[2022-09-30T00:59:29.643Z] > git config --get commit.template [2ms]
[2022-09-30T00:59:30.892Z] > git check-ignore -v -z --stdin [2ms]
[2022-09-30T00:59:31.449Z] > git check-ignore -v -z --stdin [2ms]
[2022-09-30T00:59:33.284Z] > git show --textconv :.sudo_as_admin_successful [6ms]
[2022-09-30T00:59:33.286Z] > git ls-files --stage -- /home/vitor/.sudo_as_admin_successful [3ms]
[2022-09-30T00:59:33.294Z] > git cat-file -s e69de29bb2d1d6434b8b29ae775ad8c2e48c5391 [1ms]
[2022-09-30T00:59:34.722Z] > git status -z -uall [71ms]
[2022-09-30T00:59:34.728Z] > git symbolic-ref --short HEAD [2ms]
[2022-09-30T00:59:34.740Z] > git for-each-ref --format=%(refname)%00%(upstream:short)%00%(objectname)%00%(upstream:track)%00%(upstream:remotename)%00%(upstream:remoteref) refs/heads/master refs/remotes/master [1ms]
[2022-09-30T00:59:34.753Z] > git remote --verbose [0ms]
[2022-09-30T00:59:34.753Z] > git for-each-ref --sort -committerdate --format %(refname) %(objectname) %(*objectname) [5ms]
[2022-09-30T00:59:34.813Z] > git config --get commit.template [11ms]
[2022-09-30T00:59:36.778Z] > git show --textconv :atividade1.cpp [128ms]
[2022-09-30T00:59:36.785Z] > git ls-files --stage -- /home/vitor/atividade1.cpp [128ms]
[2022-09-30T00:59:36.852Z] > git cat-file -s 78afea1988258bb0c44fe4378fd90d17a254da4a [49ms]
[2022-09-30T00:59:39.898Z] > git status -z -uall [78ms]
[2022-09-30T00:59:39.911Z] > git symbolic-ref --short HEAD [0ms]
[2022-09-30T00:59:39.920Z] > git for-each-ref --format=%(refname)%00%(upstream:short)%00%(objectname)%00%(upstream:track)%00%(upstream:remotename)%00%(upstream:remoteref) refs/heads/master refs/remotes/master [1ms]
[2022-09-30T00:59:39.930Z] > git remote --verbose [1ms]
[2022-09-30T00:59:39.930Z] > git for-each-ref --sort -committerdate --format %(refname) %(objectname) %(*objectname) [6ms]
[2022-09-30T00:59:39.989Z] > git config --get commit.template [1ms]
[2022-09-30T00:59:45.223Z] > git status -z -uall [218ms]
[2022-09-30T00:59:45.231Z] > git symbolic-ref --short HEAD [2ms]
[2022-09-30T00:59:45.244Z] > git for-each-ref --format=%(refname)%00%(upstream:short)%00%(objectname)%00%(upstream:track)%00%(upstream:remotename)%00%(upstream:remoteref) refs/heads/master refs/remotes/master [0ms]
[2022-09-30T00:59:45.258Z] > git remote --verbose [1ms]
[2022-09-30T00:59:45.258Z] > git for-each-ref --sort -committerdate --format %(refname) %(objectname) %(*objectname) [6ms]
[2022-09-30T00:59:45.323Z] > git config --get commit.template [8ms]
[2022-09-30T01:00:21.515Z] > git status -z -uall [563ms]
[2022-09-30T01:00:21.535Z] > git symbolic-ref --short HEAD [7ms]
[2022-09-30T01:00:21.553Z] > git for-each-ref --format=%(refname)%00%(upstream:short)%00%(objectname)%00%(upstream:track)%00%(upstream:remotename)%00%(upstream:remoteref) refs/heads/master refs/remotes/master [1ms]
[2022-09-30T01:00:21.572Z] > git remote --verbose [1ms]
[2022-09-30T01:00:21.572Z] > git for-each-ref --sort -committerdate --format %(refname) %(objectname) %(*objectname) [10ms]
[2022-09-30T01:00:21.645Z] > git config --get commit.template [4ms]
[2022-09-30T01:00:26.412Z] > git check-ignore -v -z --stdin [16ms]
[2022-09-30T01:00:26.847Z] > git status -z -uall [194ms]
[2022-09-30T01:00:26.852Z] > git symbolic-ref --short HEAD [1ms]
[2022-09-30T01:00:26.861Z] > git for-each-ref --format=%(refname)%00%(upstream:short)%00%(objectname)%00%(upstream:track)%00%(upstream:remotename)%00%(upstream:remoteref) refs/heads/master refs/remotes/master [2ms]
[2022-09-30T01:00:26.891Z] > git remote --verbose [1ms]
[2022-09-30T01:00:26.892Z] > git for-each-ref --sort -committerdate --format %(refname) %(objectname) %(*objectname) [21ms]
[2022-09-30T01:00:26.958Z] > git config --get commit.template [8ms]
[2022-09-30T01:00:32.164Z] > git status -z -uall [194ms]
[2022-09-30T01:00:32.176Z] > git symbolic-ref --short HEAD [1ms]
[2022-09-30T01:00:32.183Z] > git for-each-ref --format=%(refname)%00%(upstream:short)%00%(objectname)%00%(upstream:track)%00%(upstream:remotename)%00%(upstream:remoteref) refs/heads/master refs/remotes/master [1ms]
[2022-09-30T01:00:32.201Z] > git remote --verbose [3ms]
[2022-09-30T01:00:32.201Z] > git for-each-ref --sort -committerdate --format %(refname) %(objectname) %(*objectname) [13ms]
[2022-09-30T01:00:32.285Z] > git config --get commit.template [4ms]
[2022-09-30T01:00:34.805Z] > git show --textconv :.bash_history [15ms]
[2022-09-30T01:00:34.807Z] > git ls-files --stage -- /home/vitor/.bash_history [4ms]
[2022-09-30T01:00:34.815Z] > git cat-file -s 251429c79e935e64516f6a3dd897e1104ff3b1f9 [1ms]
[2022-09-30T01:00:37.504Z] > git status -z -uall [207ms]
[2022-09-30T01:00:37.515Z] > git symbolic-ref --short HEAD [0ms]
[2022-09-30T01:00:37.524Z] > git for-each-ref --format=%(refname)%00%(upstream:short)%00%(objectname)%00%(upstream:track)%00%(upstream:remotename)%00%(upstream:remoteref) refs/heads/master refs/remotes/master [1ms]
[2022-09-30T01:00:37.559Z] > git remote --verbose [0ms]
[2022-09-30T01:00:37.559Z] > git for-each-ref --sort -committerdate --format %(refname) %(objectname) %(*objectname) [20ms]
[2022-09-30T01:00:37.620Z] > git config --get commit.template [4ms]
[2022-09-30T01:00:43.093Z] > git status -z -uall [441ms]
[2022-09-30T01:00:43.227Z] > git symbolic-ref --short HEAD [50ms]
[2022-09-30T01:00:43.267Z] > git for-each-ref --format=%(refname)%00%(upstream:short)%00%(objectname)%00%(upstream:track)%00%(upstream:remotename)%00%(upstream:remoteref) refs/heads/master refs/remotes/master [2ms]
[2022-09-30T01:00:43.408Z] > git remote --verbose [6ms]
[2022-09-30T01:00:43.410Z] > git for-each-ref --sort -committerdate --format %(refname) %(objectname) %(*objectname) [83ms]
[2022-09-30T01:00:44.072Z] > git config --get commit.template [485ms]
[2022-09-30T01:00:49.255Z] > git status -z -uall [175ms]
[2022-09-30T01:00:49.263Z] > git symbolic-ref --short HEAD [1ms]
[2022-09-30T01:00:49.273Z] > git for-each-ref --format=%(refname)%00%(upstream:short)%00%(objectname)%00%(upstream:track)%00%(upstream:remotename)%00%(upstream:remoteref) refs/heads/master refs/remotes/master [1ms]
[2022-09-30T01:00:49.285Z] > git remote --verbose [1ms]
[2022-09-30T01:00:49.285Z] > git for-each-ref --sort -committerdate --format %(refname) %(objectname) %(*objectname) [6ms]
[2022-09-30T01:00:49.337Z] > git config --get commit.template [4ms]
[2022-09-30T01:00:54.845Z] > git status -z -uall [259ms]
[2022-09-30T01:00:54.887Z] > git symbolic-ref --short HEAD [11ms]
[2022-09-30T01:00:54.929Z] > git for-each-ref --format=%(refname)%00%(upstream:short)%00%(objectname)%00%(upstream:track)%00%(upstream:remotename)%00%(upstream:remoteref) refs/heads/master refs/remotes/master [9ms]
[2022-09-30T01:00:55.002Z] > git remote --verbose [9ms]
[2022-09-30T01:00:55.002Z] > git for-each-ref --sort -committerdate --format %(refname) %(objectname) %(*objectname) [48ms]
[2022-09-30T01:00:56.248Z] > git config --get commit.template [1100ms]
[2022-09-30T01:01:08.214Z] > git status -z -uall [362ms]
[2022-09-30T01:01:08.233Z] > git symbolic-ref --short HEAD [3ms]
[2022-09-30T01:01:08.250Z] > git for-each-ref --format=%(refname)%00%(upstream:short)%00%(objectname)%00%(upstream:track)%00%(upstream:remotename)%00%(upstream:remoteref) refs/heads/master refs/remotes/master [0ms]
[2022-09-30T01:01:08.292Z] > git remote --verbose [3ms]
[2022-09-30T01:01:08.293Z] > git for-each-ref --sort -committerdate --format %(refname) %(objectname) %(*objectname) [21ms]
