[2022-09-16 14:12:51.857] [exthost] [info] Extension host with pid 141 started
[2022-09-16 14:12:51.882] [exthost] [error] Error: EEXIST: file already exists, open '/home/vitor/.vscode-server/data/User/workspaceStorage/4476f47c56689d5053b2ebe8bfe4141f/vscode.lock'
[2022-09-16 14:12:51.900] [exthost] [info] Lock '/home/vitor/.vscode-server/data/User/workspaceStorage/4476f47c56689d5053b2ebe8bfe4141f/vscode.lock': Lock acquired.
[2022-09-16 14:12:52.321] [exthost] [info] ExtensionService#_doActivateExtension cschlosser.doxdocgen, startup: false, activationEvent: 'onLanguage:cpp'
[2022-09-16 14:12:52.450] [exthost] [info] ExtensionService#_doActivateExtension ms-vscode.cpptools, startup: false, activationEvent: 'onLanguage:cpp'
[2022-09-16 14:12:52.623] [exthost] [info] ExtensionService#_doActivateExtension vscode.debug-auto-launch, startup: true, activationEvent: '*'
[2022-09-16 14:12:52.628] [exthost] [info] ExtensionService#_doActivateExtension vscode.git-base, startup: true, activationEvent: '*', root cause: vscode.git
[2022-09-16 14:12:52.633] [exthost] [info] ExtensionService#_doActivateExtension vscode.ipynb, startup: true, activationEvent: '*'
[2022-09-16 14:12:52.770] [exthost] [info] ExtensionService#_doActivateExtension vscode.git, startup: true, activationEvent: '*'
[2022-09-16 14:12:52.885] [exthost] [info] ExtensionService#_doActivateExtension vscode.github, startup: true, activationEvent: '*'
[2022-09-16 14:12:53.453] [exthost] [info] ExtensionService#_doActivateExtension vscode.emmet, startup: false, activationEvent: 'onStartupFinished'
[2022-09-16 14:12:53.471] [exthost] [info] ExtensionService#_doActivateExtension vscode.merge-conflict, startup: false, activationEvent: 'onStartupFinished'
[2022-09-16 14:12:53.475] [exthost] [info] Eager extensions activated
[2022-09-16 16:29:51.954] [exthost] [info] ExtensionService#_doActivateExtension vscode.configuration-editing, startup: false, activationEvent: 'onLanguage:jsonc'
[2022-09-16 16:29:51.974] [exthost] [info] ExtensionService#_doActivateExtension vscode.json-language-features, startup: false, activationEvent: 'onLanguage:jsonc'
[2022-09-16 16:29:52.042] [exthost] [info] ExtensionService#_doActivateExtension vscode.typescript-language-features, startup: false, activationEvent: 'onLanguage:jsonc'
[2022-09-17 04:24:16.475] [exthost] [info] Extension host terminating: received terminate message from renderer
[2022-09-17 04:24:16.491] [exthost] [info] Lock '/home/vitor/.vscode-server/data/User/workspaceStorage/4476f47c56689d5053b2ebe8bfe4141f/vscode.lock': Marking the lockfile as scheduled to be released in 6000 ms.
[2022-09-17 04:24:18.953] [exthost] [error] Error: Stopping the server timed out
	at /home/vitor/.vscode-server/extensions/ms-vscode.cpptools-1.12.4-linux-x64/dist/main.js:56239:23
[2022-09-17 04:24:18.953] [exthost] [info] Extension host with pid 141 exiting with code 0
