[2022-09-30T01:18:13.610Z] Log level: Info
[2022-09-30T01:18:13.810Z] [info] Validating found git in: git
[2022-09-30T01:18:13.932Z] [info] Using git 2.25.1 from git
[2022-09-30T01:18:14.003Z] > git rev-parse --show-toplevel [24ms]
[2022-09-30T01:18:14.029Z] > git rev-parse --git-dir --git-common-dir [2ms]
[2022-09-30T01:18:14.064Z] [info] Open repository: /home/vitor
[2022-09-30T01:18:14.414Z] > git status -z -uall [322ms]
[2022-09-30T01:18:14.421Z] > git symbolic-ref --short HEAD [1ms]
[2022-09-30T01:18:14.507Z] > git for-each-ref --format=%(refname)%00%(upstream:short)%00%(objectname)%00%(upstream:track)%00%(upstream:remotename)%00%(upstream:remoteref) refs/heads/master refs/remotes/master [38ms]
[2022-09-30T01:18:14.558Z] > git remote --verbose [2ms]
[2022-09-30T01:18:14.558Z] > git for-each-ref --sort -committerdate --format %(refname) %(objectname) %(*objectname) [7ms]
[2022-09-30T01:18:15.353Z] > git check-ignore -v -z --stdin [619ms]
[2022-09-30T01:18:15.355Z] > git config --get commit.template [47ms]
[2022-09-30T01:18:15.477Z] > git status -z -uall [118ms]
[2022-09-30T01:18:15.483Z] > git symbolic-ref --short HEAD [1ms]
[2022-09-30T01:18:15.489Z] > git for-each-ref --format=%(refname)%00%(upstream:short)%00%(objectname)%00%(upstream:track)%00%(upstream:remotename)%00%(upstream:remoteref) refs/heads/master refs/remotes/master [1ms]
[2022-09-30T01:18:15.501Z] > git remote --verbose [1ms]
[2022-09-30T01:18:15.501Z] > git for-each-ref --sort -committerdate --format %(refname) %(objectname) %(*objectname) [6ms]
[2022-09-30T01:18:15.590Z] > git config --get commit.template [4ms]
[2022-09-30T01:18:17.553Z] > git status -z -uall [127ms]
[2022-09-30T01:18:17.582Z] > git symbolic-ref --short HEAD [6ms]
[2022-09-30T01:18:17.599Z] > git for-each-ref --format=%(refname)%00%(upstream:short)%00%(objectname)%00%(upstream:track)%00%(upstream:remotename)%00%(upstream:remoteref) refs/heads/master refs/remotes/master [1ms]
[2022-09-30T01:18:17.641Z] > git for-each-ref --sort -committerdate --format %(refname) %(objectname) %(*objectname) [24ms]
[2022-09-30T01:18:17.643Z] > git remote --verbose [5ms]
[2022-09-30T01:18:18.187Z] > git config --get commit.template [383ms]
[2022-09-30T01:18:22.905Z] > git show --textconv :.bash_history [7ms]
[2022-09-30T01:18:22.906Z] > git ls-files --stage -- /home/vitor/.bash_history [2ms]
[2022-09-30T01:18:22.913Z] > git cat-file -s 9c46befb44649c59919addc45d78c2339ff46794 [1ms]
[2022-09-30T01:18:23.257Z] > git status -z -uall [65ms]
[2022-09-30T01:18:23.263Z] > git symbolic-ref --short HEAD [0ms]
[2022-09-30T01:18:23.270Z] > git for-each-ref --format=%(refname)%00%(upstream:short)%00%(objectname)%00%(upstream:track)%00%(upstream:remotename)%00%(upstream:remoteref) refs/heads/master refs/remotes/master [1ms]
[2022-09-30T01:18:23.283Z] > git remote --verbose [1ms]
[2022-09-30T01:18:23.283Z] > git for-each-ref --sort -committerdate --format %(refname) %(objectname) %(*objectname) [7ms]
[2022-09-30T01:18:23.332Z] > git config --get commit.template [1ms]
[2022-09-30T01:18:28.465Z] > git status -z -uall [114ms]
[2022-09-30T01:18:28.488Z] > git symbolic-ref --short HEAD [2ms]
[2022-09-30T01:18:28.500Z] > git for-each-ref --format=%(refname)%00%(upstream:short)%00%(objectname)%00%(upstream:track)%00%(upstream:remotename)%00%(upstream:remoteref) refs/heads/master refs/remotes/master [1ms]
[2022-09-30T01:18:28.567Z] > git for-each-ref --sort -committerdate --format %(refname) %(objectname) %(*objectname) [53ms]
[2022-09-30T01:18:28.567Z] > git remote --verbose [39ms]
[2022-09-30T01:18:29.279Z] > git config --get commit.template [562ms]
[2022-09-30T01:18:39.343Z] > git status -z -uall [58ms]
[2022-09-30T01:18:39.347Z] > git symbolic-ref --short HEAD [1ms]
[2022-09-30T01:18:39.353Z] > git for-each-ref --format=%(refname)%00%(upstream:short)%00%(objectname)%00%(upstream:track)%00%(upstream:remotename)%00%(upstream:remoteref) refs/heads/master refs/remotes/master [1ms]
[2022-09-30T01:18:39.362Z] > git remote --verbose [1ms]
[2022-09-30T01:18:39.362Z] > git for-each-ref --sort -committerdate --format %(refname) %(objectname) %(*objectname) [5ms]
[2022-09-30T01:18:39.397Z] > git config --get commit.template [1ms]
[2022-09-30T01:18:44.468Z] > git status -z -uall [64ms]
[2022-09-30T01:18:44.475Z] > git symbolic-ref --short HEAD [2ms]
[2022-09-30T01:18:44.481Z] > git for-each-ref --format=%(refname)%00%(upstream:short)%00%(objectname)%00%(upstream:track)%00%(upstream:remotename)%00%(upstream:remoteref) refs/heads/master refs/remotes/master [0ms]
[2022-09-30T01:18:44.493Z] > git remote --verbose [2ms]
[2022-09-30T01:18:44.493Z] > git for-each-ref --sort -committerdate --format %(refname) %(objectname) %(*objectname) [7ms]
[2022-09-30T01:18:44.539Z] > git config --get commit.template [3ms]
[2022-09-30T01:18:54.634Z] > git status -z -uall [124ms]
[2022-09-30T01:18:54.648Z] > git symbolic-ref --short HEAD [5ms]
[2022-09-30T01:18:54.662Z] > git for-each-ref --format=%(refname)%00%(upstream:short)%00%(objectname)%00%(upstream:track)%00%(upstream:remotename)%00%(upstream:remoteref) refs/heads/master refs/remotes/master [1ms]
[2022-09-30T01:18:54.688Z] > git remote --verbose [2ms]
[2022-09-30T01:18:54.691Z] > git for-each-ref --sort -committerdate --format %(refname) %(objectname) %(*objectname) [17ms]
[2022-09-30T01:18:54.790Z] > git config --get commit.template [2ms]
[2022-09-30T01:18:59.852Z] > git status -z -uall [56ms]
[2022-09-30T01:18:59.857Z] > git symbolic-ref --short HEAD [0ms]
[2022-09-30T01:18:59.861Z] > git for-each-ref --format=%(refname)%00%(upstream:short)%00%(objectname)%00%(upstream:track)%00%(upstream:remotename)%00%(upstream:remoteref) refs/heads/master refs/remotes/master [1ms]
[2022-09-30T01:18:59.869Z] > git remote --verbose [1ms]
[2022-09-30T01:18:59.869Z] > git for-each-ref --sort -committerdate --format %(refname) %(objectname) %(*objectname) [4ms]
[2022-09-30T01:18:59.906Z] > git config --get commit.template [2ms]
[2022-09-30T01:19:04.963Z] > git status -z -uall [53ms]
[2022-09-30T01:19:04.967Z] > git symbolic-ref --short HEAD [1ms]
[2022-09-30T01:19:04.971Z] > git for-each-ref --format=%(refname)%00%(upstream:short)%00%(objectname)%00%(upstream:track)%00%(upstream:remotename)%00%(upstream:remoteref) refs/heads/master refs/remotes/master [1ms]
[2022-09-30T01:19:04.977Z] > git remote --verbose [0ms]
[2022-09-30T01:19:04.978Z] > git for-each-ref --sort -committerdate --format %(refname) %(objectname) %(*objectname) [4ms]
[2022-09-30T01:19:05.009Z] > git config --get commit.template [1ms]
[2022-09-30T01:19:10.071Z] > git status -z -uall [55ms]
[2022-09-30T01:19:10.076Z] > git symbolic-ref --short HEAD [1ms]
[2022-09-30T01:19:10.082Z] > git for-each-ref --format=%(refname)%00%(upstream:short)%00%(objectname)%00%(upstream:track)%00%(upstream:remotename)%00%(upstream:remoteref) refs/heads/master refs/remotes/master [1ms]
[2022-09-30T01:19:10.093Z] > git remote --verbose [1ms]
[2022-09-30T01:19:10.093Z] > git for-each-ref --sort -committerdate --format %(refname) %(objectname) %(*objectname) [6ms]
[2022-09-30T01:19:10.131Z] > git config --get commit.template [1ms]
[2022-09-30T01:19:15.217Z] > git status -z -uall [78ms]
[2022-09-30T01:19:15.223Z] > git symbolic-ref --short HEAD [1ms]
[2022-09-30T01:19:15.230Z] > git for-each-ref --format=%(refname)%00%(upstream:short)%00%(objectname)%00%(upstream:track)%00%(upstream:remotename)%00%(upstream:remoteref) refs/heads/master refs/remotes/master [1ms]
[2022-09-30T01:19:15.241Z] > git remote --verbose [2ms]
[2022-09-30T01:19:15.241Z] > git for-each-ref --sort -committerdate --format %(refname) %(objectname) %(*objectname) [7ms]
[2022-09-30T01:19:15.296Z] > git config --get commit.template [8ms]
[2022-09-30T01:19:20.358Z] > git status -z -uall [57ms]
[2022-09-30T01:19:20.363Z] > git symbolic-ref --short HEAD [1ms]
[2022-09-30T01:19:20.367Z] > git for-each-ref --format=%(refname)%00%(upstream:short)%00%(objectname)%00%(upstream:track)%00%(upstream:remotename)%00%(upstream:remoteref) refs/heads/master refs/remotes/master [0ms]
[2022-09-30T01:19:20.377Z] > git remote --verbose [1ms]
[2022-09-30T01:19:20.377Z] > git for-each-ref --sort -committerdate --format %(refname) %(objectname) %(*objectname) [5ms]
[2022-09-30T01:19:20.421Z] > git config --get commit.template [0ms]
[2022-09-30T01:19:25.496Z] > git status -z -uall [66ms]
[2022-09-30T01:19:25.502Z] > git symbolic-ref --short HEAD [1ms]
[2022-09-30T01:19:25.507Z] > git for-each-ref --format=%(refname)%00%(upstream:short)%00%(objectname)%00%(upstream:track)%00%(upstream:remotename)%00%(upstream:remoteref) refs/heads/master refs/remotes/master [1ms]
[2022-09-30T01:19:25.516Z] > git for-each-ref --sort -committerdate --format %(refname) %(objectname) %(*objectname) [5ms]
[2022-09-30T01:19:25.520Z] > git remote --verbose [5ms]
[2022-09-30T01:19:25.553Z] > git config --get commit.template [1ms]
[2022-09-30T01:19:32.655Z] > git status -z -uall [93ms]
[2022-09-30T01:19:32.661Z] > git symbolic-ref --short HEAD [1ms]
[2022-09-30T01:19:32.669Z] > git for-each-ref --format=%(refname)%00%(upstream:short)%00%(objectname)%00%(upstream:track)%00%(upstream:remotename)%00%(upstream:remoteref) refs/heads/master refs/remotes/master [1ms]
[2022-09-30T01:19:32.677Z] > git remote --verbose [1ms]
[2022-09-30T01:19:32.677Z] > git for-each-ref --sort -committerdate --format %(refname) %(objectname) %(*objectname) [5ms]
[2022-09-30T01:19:32.714Z] > git config --get commit.template [1ms]
[2022-09-30T01:19:37.789Z] > git status -z -uall [69ms]
[2022-09-30T01:19:37.795Z] > git symbolic-ref --short HEAD [1ms]
[2022-09-30T01:19:37.801Z] > git for-each-ref --format=%(refname)%00%(upstream:short)%00%(objectname)%00%(upstream:track)%00%(upstream:remotename)%00%(upstream:remoteref) refs/heads/master refs/remotes/master [1ms]
[2022-09-30T01:19:37.810Z] > git for-each-ref --sort -committerdate --format %(refname) %(objectname) %(*objectname) [5ms]
[2022-09-30T01:19:37.810Z] > git remote --verbose [1ms]
[2022-09-30T01:19:37.858Z] > git config --get commit.template [9ms]
[2022-09-30T01:19:42.916Z] > git status -z -uall [53ms]
[2022-09-30T01:19:42.920Z] > git symbolic-ref --short HEAD [0ms]
[2022-09-30T01:19:42.924Z] > git for-each-ref --format=%(refname)%00%(upstream:short)%00%(objectname)%00%(upstream:track)%00%(upstream:remotename)%00%(upstream:remoteref) refs/heads/master refs/remotes/master [0ms]
[2022-09-30T01:19:42.931Z] > git remote --verbose [1ms]
[2022-09-30T01:19:42.931Z] > git for-each-ref --sort -committerdate --format %(refname) %(objectname) %(*objectname) [4ms]
[2022-09-30T01:19:42.961Z] > git config --get commit.template [0ms]
[2022-09-30T01:19:48.023Z] > git status -z -uall [57ms]
[2022-09-30T01:19:48.030Z] > git symbolic-ref --short HEAD [2ms]
[2022-09-30T01:19:48.037Z] > git for-each-ref --format=%(refname)%00%(upstream:short)%00%(objectname)%00%(upstream:track)%00%(upstream:remotename)%00%(upstream:remoteref) refs/heads/master refs/remotes/master [1ms]
[2022-09-30T01:19:48.048Z] > git remote --verbose [1ms]
[2022-09-30T01:19:48.049Z] > git for-each-ref --sort -committerdate --format %(refname) %(objectname) %(*objectname) [6ms]
[2022-09-30T01:19:48.095Z] > git config --get commit.template [9ms]
[2022-09-30T01:19:53.157Z] > git status -z -uall [54ms]
[2022-09-30T01:19:53.162Z] > git symbolic-ref --short HEAD [1ms]
[2022-09-30T01:19:53.167Z] > git for-each-ref --format=%(refname)%00%(upstream:short)%00%(objectname)%00%(upstream:track)%00%(upstream:remotename)%00%(upstream:remoteref) refs/heads/master refs/remotes/master [1ms]
[2022-09-30T01:19:53.174Z] > git remote --verbose [1ms]
[2022-09-30T01:19:53.174Z] > git for-each-ref --sort -committerdate --format %(refname) %(objectname) %(*objectname) [4ms]
[2022-09-30T01:19:53.203Z] > git config --get commit.template [0ms]
[2022-09-30T01:19:58.264Z] > git status -z -uall [54ms]
[2022-09-30T01:19:58.270Z] > git symbolic-ref --short HEAD [1ms]
[2022-09-30T01:19:58.275Z] > git for-each-ref --format=%(refname)%00%(upstream:short)%00%(objectname)%00%(upstream:track)%00%(upstream:remotename)%00%(upstream:remoteref) refs/heads/master refs/remotes/master [1ms]
[2022-09-30T01:19:58.285Z] > git for-each-ref --sort -committerdate --format %(refname) %(objectname) %(*objectname) [5ms]
[2022-09-30T01:19:58.290Z] > git remote --verbose [6ms]
[2022-09-30T01:19:58.327Z] > git config --get commit.template [0ms]
[2022-09-30T01:20:03.387Z] > git status -z -uall [54ms]
[2022-09-30T01:20:03.392Z] > git symbolic-ref --short HEAD [0ms]
[2022-09-30T01:20:03.397Z] > git for-each-ref --format=%(refname)%00%(upstream:short)%00%(objectname)%00%(upstream:track)%00%(upstream:remotename)%00%(upstream:remoteref) refs/heads/master refs/remotes/master [1ms]
[2022-09-30T01:20:03.403Z] > git remote --verbose [0ms]
[2022-09-30T01:20:03.403Z] > git for-each-ref --sort -committerdate --format %(refname) %(objectname) %(*objectname) [3ms]
[2022-09-30T01:20:03.435Z] > git config --get commit.template [1ms]
[2022-09-30T01:20:08.503Z] > git status -z -uall [64ms]
[2022-09-30T01:20:08.509Z] > git symbolic-ref --short HEAD [1ms]
[2022-09-30T01:20:08.518Z] > git for-each-ref --format=%(refname)%00%(upstream:short)%00%(objectname)%00%(upstream:track)%00%(upstream:remotename)%00%(upstream:remoteref) refs/heads/master refs/remotes/master [1ms]
[2022-09-30T01:20:08.527Z] > git remote --verbose [1ms]
[2022-09-30T01:20:08.528Z] > git for-each-ref --sort -committerdate --format %(refname) %(objectname) %(*objectname) [5ms]
[2022-09-30T01:20:08.559Z] > git config --get commit.template [1ms]
[2022-09-30T01:20:13.618Z] > git status -z -uall [53ms]
[2022-09-30T01:20:13.623Z] > git symbolic-ref --short HEAD [1ms]
[2022-09-30T01:20:13.627Z] > git for-each-ref --format=%(refname)%00%(upstream:short)%00%(objectname)%00%(upstream:track)%00%(upstream:remotename)%00%(upstream:remoteref) refs/heads/master refs/remotes/master [0ms]
[2022-09-30T01:20:13.634Z] > git remote --verbose [1ms]
[2022-09-30T01:20:13.634Z] > git for-each-ref --sort -committerdate --format %(refname) %(objectname) %(*objectname) [4ms]
[2022-09-30T01:20:13.664Z] > git config --get commit.template [1ms]
[2022-09-30T01:20:18.726Z] > git status -z -uall [56ms]
[2022-09-30T01:20:18.731Z] > git symbolic-ref --short HEAD [1ms]
[2022-09-30T01:20:18.738Z] > git for-each-ref --format=%(refname)%00%(upstream:short)%00%(objectname)%00%(upstream:track)%00%(upstream:remotename)%00%(upstream:remoteref) refs/heads/master refs/remotes/master [1ms]
[2022-09-30T01:20:18.747Z] > git for-each-ref --sort -committerdate --format %(refname) %(objectname) %(*objectname) [6ms]
[2022-09-30T01:20:18.753Z] > git remote --verbose [6ms]
[2022-09-30T01:20:18.783Z] > git config --get commit.template [1ms]
[2022-09-30T01:20:23.842Z] > git status -z -uall [54ms]
[2022-09-30T01:20:23.846Z] > git symbolic-ref --short HEAD [0ms]
[2022-09-30T01:20:23.851Z] > git for-each-ref --format=%(refname)%00%(upstream:short)%00%(objectname)%00%(upstream:track)%00%(upstream:remotename)%00%(upstream:remoteref) refs/heads/master refs/remotes/master [1ms]
[2022-09-30T01:20:23.858Z] > git remote --verbose [1ms]
[2022-09-30T01:20:23.858Z] > git for-each-ref --sort -committerdate --format %(refname) %(objectname) %(*objectname) [4ms]
[2022-09-30T01:20:23.889Z] > git config --get commit.template [1ms]
[2022-09-30T01:20:29.358Z] > git status -z -uall [58ms]
[2022-09-30T01:20:29.363Z] > git symbolic-ref --short HEAD [0ms]
[2022-09-30T01:20:29.370Z] > git for-each-ref --format=%(refname)%00%(upstream:short)%00%(objectname)%00%(upstream:track)%00%(upstream:remotename)%00%(upstream:remoteref) refs/heads/master refs/remotes/master [2ms]
[2022-09-30T01:20:29.376Z] > git remote --verbose [1ms]
[2022-09-30T01:20:29.376Z] > git for-each-ref --sort -committerdate --format %(refname) %(objectname) %(*objectname) [4ms]
[2022-09-30T01:20:29.412Z] > git config --get commit.template [2ms]
[2022-09-30T01:20:34.473Z] > git status -z -uall [56ms]
[2022-09-30T01:20:34.477Z] > git symbolic-ref --short HEAD [1ms]
[2022-09-30T01:20:34.481Z] > git for-each-ref --format=%(refname)%00%(upstream:short)%00%(objectname)%00%(upstream:track)%00%(upstream:remotename)%00%(upstream:remoteref) refs/heads/master refs/remotes/master [0ms]
[2022-09-30T01:20:34.488Z] > git remote --verbose [0ms]
[2022-09-30T01:20:34.489Z] > git for-each-ref --sort -committerdate --format %(refname) %(objectname) %(*objectname) [4ms]
[2022-09-30T01:20:34.520Z] > git config --get commit.template [1ms]
[2022-09-30T01:20:40.363Z] > git status -z -uall [58ms]
[2022-09-30T01:20:40.369Z] > git symbolic-ref --short HEAD [1ms]
[2022-09-30T01:20:40.374Z] > git for-each-ref --format=%(refname)%00%(upstream:short)%00%(objectname)%00%(upstream:track)%00%(upstream:remotename)%00%(upstream:remoteref) refs/heads/master refs/remotes/master [1ms]
[2022-09-30T01:20:40.385Z] > git remote --verbose [1ms]
[2022-09-30T01:20:40.385Z] > git for-each-ref --sort -committerdate --format %(refname) %(objectname) %(*objectname) [6ms]
[2022-09-30T01:20:40.433Z] > git config --get commit.template [8ms]
[2022-09-30T01:20:45.494Z] > git status -z -uall [55ms]
[2022-09-30T01:20:45.499Z] > git symbolic-ref --short HEAD [1ms]
[2022-09-30T01:20:45.504Z] > git for-each-ref --format=%(refname)%00%(upstream:short)%00%(objectname)%00%(upstream:track)%00%(upstream:remotename)%00%(upstream:remoteref) refs/heads/master refs/remotes/master [1ms]
[2022-09-30T01:20:45.513Z] > git remote --verbose [1ms]
[2022-09-30T01:20:45.513Z] > git for-each-ref --sort -committerdate --format %(refname) %(objectname) %(*objectname) [5ms]
[2022-09-30T01:20:45.546Z] > git config --get commit.template [0ms]
[2022-09-30T01:20:50.611Z] > git status -z -uall [58ms]
[2022-09-30T01:20:50.618Z] > git symbolic-ref --short HEAD [1ms]
[2022-09-30T01:20:50.629Z] > git for-each-ref --format=%(refname)%00%(upstream:short)%00%(objectname)%00%(upstream:track)%00%(upstream:remotename)%00%(upstream:remoteref) refs/heads/master refs/remotes/master [1ms]
[2022-09-30T01:20:50.639Z] > git remote --verbose [1ms]
[2022-09-30T01:20:50.640Z] > git for-each-ref --sort -committerdate --format %(refname) %(objectname) %(*objectname) [6ms]
[2022-09-30T01:20:50.689Z] > git config --get commit.template [8ms]
[2022-09-30T01:20:59.321Z] > git status -z -uall [135ms]
[2022-09-30T01:20:59.328Z] > git symbolic-ref --short HEAD [1ms]
[2022-09-30T01:20:59.333Z] > git for-each-ref --format=%(refname)%00%(upstream:short)%00%(objectname)%00%(upstream:track)%00%(upstream:remotename)%00%(upstream:remoteref) refs/heads/master refs/remotes/master [1ms]
[2022-09-30T01:20:59.341Z] > git remote --verbose [1ms]
[2022-09-30T01:20:59.341Z] > git for-each-ref --sort -committerdate --format %(refname) %(objectname) %(*objectname) [4ms]
[2022-09-30T01:20:59.382Z] > git config --get commit.template [2ms]
[2022-09-30T01:21:04.445Z] > git status -z -uall [57ms]
[2022-09-30T01:21:04.450Z] > git symbolic-ref --short HEAD [1ms]
[2022-09-30T01:21:04.455Z] > git for-each-ref --format=%(refname)%00%(upstream:short)%00%(objectname)%00%(upstream:track)%00%(upstream:remotename)%00%(upstream:remoteref) refs/heads/master refs/remotes/master [1ms]
[2022-09-30T01:21:04.464Z] > git remote --verbose [1ms]
[2022-09-30T01:21:04.464Z] > git for-each-ref --sort -committerdate --format %(refname) %(objectname) %(*objectname) [4ms]
[2022-09-30T01:21:04.515Z] > git config --get commit.template [13ms]
[2022-09-30T01:21:09.575Z] > git status -z -uall [55ms]
[2022-09-30T01:21:09.581Z] > git symbolic-ref --short HEAD [1ms]
[2022-09-30T01:21:09.586Z] > git for-each-ref --format=%(refname)%00%(upstream:short)%00%(objectname)%00%(upstream:track)%00%(upstream:remotename)%00%(upstream:remoteref) refs/heads/master refs/remotes/master [1ms]
[2022-09-30T01:21:09.600Z] > git remote --verbose [6ms]
[2022-09-30T01:21:09.601Z] > git for-each-ref --sort -committerdate --format %(refname) %(objectname) %(*objectname) [10ms]
[2022-09-30T01:21:09.632Z] > git config --get commit.template [1ms]
[2022-09-30T01:21:14.124Z] > git check-ignore -v -z --stdin [2ms]
[2022-09-30T01:21:14.691Z] > git status -z -uall [54ms]
[2022-09-30T01:21:14.696Z] > git symbolic-ref --short HEAD [1ms]
[2022-09-30T01:21:14.701Z] > git for-each-ref --format=%(refname)%00%(upstream:short)%00%(objectname)%00%(upstream:track)%00%(upstream:remotename)%00%(upstream:remoteref) refs/heads/master refs/remotes/master [0ms]
[2022-09-30T01:21:14.710Z] > git remote --verbose [0ms]
[2022-09-30T01:21:14.710Z] > git for-each-ref --sort -committerdate --format %(refname) %(objectname) %(*objectname) [5ms]
[2022-09-30T01:21:14.746Z] > git config --get commit.template [1ms]
[2022-09-30T01:21:19.807Z] > git status -z -uall [56ms]
[2022-09-30T01:21:19.812Z] > git symbolic-ref --short HEAD [1ms]
[2022-09-30T01:21:19.816Z] > git for-each-ref --format=%(refname)%00%(upstream:short)%00%(objectname)%00%(upstream:track)%00%(upstream:remotename)%00%(upstream:remoteref) refs/heads/master refs/remotes/master [1ms]
[2022-09-30T01:21:19.823Z] > git remote --verbose [0ms]
[2022-09-30T01:21:19.824Z] > git for-each-ref --sort -committerdate --format %(refname) %(objectname) %(*objectname) [5ms]
[2022-09-30T01:21:19.857Z] > git config --get commit.template [2ms]
[2022-09-30T01:21:24.916Z] > git status -z -uall [55ms]
[2022-09-30T01:21:24.920Z] > git symbolic-ref --short HEAD [0ms]
[2022-09-30T01:21:24.925Z] > git for-each-ref --format=%(refname)%00%(upstream:short)%00%(objectname)%00%(upstream:track)%00%(upstream:remotename)%00%(upstream:remoteref) refs/heads/master refs/remotes/master [1ms]
[2022-09-30T01:21:24.933Z] > git remote --verbose [1ms]
[2022-09-30T01:21:24.933Z] > git for-each-ref --sort -committerdate --format %(refname) %(objectname) %(*objectname) [4ms]
[2022-09-30T01:21:24.964Z] > git config --get commit.template [1ms]
[2022-09-30T01:21:30.025Z] > git status -z -uall [56ms]
[2022-09-30T01:21:30.029Z] > git symbolic-ref --short HEAD [0ms]
[2022-09-30T01:21:30.034Z] > git for-each-ref --format=%(refname)%00%(upstream:short)%00%(objectname)%00%(upstream:track)%00%(upstream:remotename)%00%(upstream:remoteref) refs/heads/master refs/remotes/master [1ms]
[2022-09-30T01:21:30.042Z] > git remote --verbose [1ms]
[2022-09-30T01:21:30.042Z] > git for-each-ref --sort -committerdate --format %(refname) %(objectname) %(*objectname) [5ms]
[2022-09-30T01:21:30.074Z] > git config --get commit.template [1ms]
[2022-09-30T01:21:35.140Z] > git status -z -uall [61ms]
[2022-09-30T01:21:35.146Z] > git symbolic-ref --short HEAD [1ms]
[2022-09-30T01:21:35.152Z] > git for-each-ref --format=%(refname)%00%(upstream:short)%00%(objectname)%00%(upstream:track)%00%(upstream:remotename)%00%(upstream:remoteref) refs/heads/master refs/remotes/master [1ms]
[2022-09-30T01:21:35.163Z] > git remote --verbose [2ms]
[2022-09-30T01:21:35.163Z] > git for-each-ref --sort -committerdate --format %(refname) %(objectname) %(*objectname) [6ms]
[2022-09-30T01:21:35.203Z] > git config --get commit.template [0ms]
[2022-09-30T01:22:17.760Z] > git status -z -uall [67ms]
[2022-09-30T01:22:17.765Z] > git symbolic-ref --short HEAD [1ms]
[2022-09-30T01:22:17.775Z] > git for-each-ref --format=%(refname)%00%(upstream:short)%00%(objectname)%00%(upstream:track)%00%(upstream:remotename)%00%(upstream:remoteref) refs/heads/master refs/remotes/master [2ms]
[2022-09-30T01:22:17.792Z] > git remote --verbose [1ms]
[2022-09-30T01:22:17.792Z] > git for-each-ref --sort -committerdate --format %(refname) %(objectname) %(*objectname) [6ms]
[2022-09-30T01:22:17.846Z] > git config --get commit.template [1ms]
[2022-09-30T01:22:22.908Z] > git status -z -uall [56ms]
[2022-09-30T01:22:22.912Z] > git symbolic-ref --short HEAD [1ms]
[2022-09-30T01:22:22.917Z] > git for-each-ref --format=%(refname)%00%(upstream:short)%00%(objectname)%00%(upstream:track)%00%(upstream:remotename)%00%(upstream:remoteref) refs/heads/master refs/remotes/master [1ms]
[2022-09-30T01:22:22.929Z] > git remote --verbose [1ms]
[2022-09-30T01:22:22.929Z] > git for-each-ref --sort -committerdate --format %(refname) %(objectname) %(*objectname) [7ms]
[2022-09-30T01:22:22.974Z] > git config --get commit.template [8ms]
[2022-09-30T01:22:29.799Z] > git status -z -uall [107ms]
[2022-09-30T01:22:29.806Z] > git symbolic-ref --short HEAD [1ms]
[2022-09-30T01:22:29.813Z] > git for-each-ref --format=%(refname)%00%(upstream:short)%00%(objectname)%00%(upstream:track)%00%(upstream:remotename)%00%(upstream:remoteref) refs/heads/master refs/remotes/master [1ms]
[2022-09-30T01:22:29.827Z] > git for-each-ref --sort -committerdate --format %(refname) %(objectname) %(*objectname) [7ms]
[2022-09-30T01:22:29.828Z] > git remote --verbose [1ms]
[2022-09-30T01:22:29.876Z] > git config --get commit.template [0ms]
[2022-09-30T01:22:34.940Z] > git status -z -uall [58ms]
[2022-09-30T01:22:34.945Z] > git symbolic-ref --short HEAD [1ms]
[2022-09-30T01:22:34.951Z] > git for-each-ref --format=%(refname)%00%(upstream:short)%00%(objectname)%00%(upstream:track)%00%(upstream:remotename)%00%(upstream:remoteref) refs/heads/master refs/remotes/master [1ms]
[2022-09-30T01:22:34.958Z] > git for-each-ref --sort -committerdate --format %(refname) %(objectname) %(*objectname) [4ms]
[2022-09-30T01:22:34.958Z] > git remote --verbose [1ms]
[2022-09-30T01:22:34.991Z] > git config --get commit.template [1ms]
[2022-09-30T01:22:44.607Z] > git status -z -uall [102ms]
[2022-09-30T01:22:44.614Z] > git symbolic-ref --short HEAD [0ms]
[2022-09-30T01:22:44.619Z] > git for-each-ref --format=%(refname)%00%(upstream:short)%00%(objectname)%00%(upstream:track)%00%(upstream:remotename)%00%(upstream:remoteref) refs/heads/master refs/remotes/master [0ms]
[2022-09-30T01:22:44.628Z] > git for-each-ref --sort -committerdate --format %(refname) %(objectname) %(*objectname) [4ms]
[2022-09-30T01:22:44.628Z] > git remote --verbose [1ms]
[2022-09-30T01:22:44.667Z] > git config --get commit.template [1ms]
[2022-09-30T01:22:49.727Z] > git status -z -uall [55ms]
[2022-09-30T01:22:49.731Z] > git symbolic-ref --short HEAD [1ms]
[2022-09-30T01:22:49.737Z] > git for-each-ref --format=%(refname)%00%(upstream:short)%00%(objectname)%00%(upstream:track)%00%(upstream:remotename)%00%(upstream:remoteref) refs/heads/master refs/remotes/master [1ms]
[2022-09-30T01:22:49.746Z] > git remote --verbose [1ms]
[2022-09-30T01:22:49.747Z] > git for-each-ref --sort -committerdate --format %(refname) %(objectname) %(*objectname) [6ms]
[2022-09-30T01:22:49.779Z] > git config --get commit.template [1ms]
[2022-09-30T01:22:54.839Z] > git status -z -uall [55ms]
[2022-09-30T01:22:54.843Z] > git symbolic-ref --short HEAD [0ms]
[2022-09-30T01:22:54.848Z] > git for-each-ref --format=%(refname)%00%(upstream:short)%00%(objectname)%00%(upstream:track)%00%(upstream:remotename)%00%(upstream:remoteref) refs/heads/master refs/remotes/master [0ms]
[2022-09-30T01:22:54.856Z] > git remote --verbose [1ms]
[2022-09-30T01:22:54.856Z] > git for-each-ref --sort -committerdate --format %(refname) %(objectname) %(*objectname) [4ms]
[2022-09-30T01:22:54.889Z] > git config --get commit.template [1ms]
[2022-09-30T01:22:59.950Z] > git status -z -uall [56ms]
[2022-09-30T01:22:59.954Z] > git symbolic-ref --short HEAD [1ms]
[2022-09-30T01:22:59.959Z] > git for-each-ref --format=%(refname)%00%(upstream:short)%00%(objectname)%00%(upstream:track)%00%(upstream:remotename)%00%(upstream:remoteref) refs/heads/master refs/remotes/master [0ms]
[2022-09-30T01:22:59.966Z] > git remote --verbose [1ms]
[2022-09-30T01:22:59.966Z] > git for-each-ref --sort -committerdate --format %(refname) %(objectname) %(*objectname) [4ms]
[2022-09-30T01:23:00.001Z] > git config --get commit.template [4ms]
[2022-09-30T01:23:05.075Z] > git status -z -uall [67ms]
[2022-09-30T01:23:05.083Z] > git symbolic-ref --short HEAD [1ms]
[2022-09-30T01:23:05.091Z] > git for-each-ref --format=%(refname)%00%(upstream:short)%00%(objectname)%00%(upstream:track)%00%(upstream:remotename)%00%(upstream:remoteref) refs/heads/master refs/remotes/master [0ms]
[2022-09-30T01:23:05.105Z] > git remote --verbose [1ms]
[2022-09-30T01:23:05.105Z] > git for-each-ref --sort -committerdate --format %(refname) %(objectname) %(*objectname) [7ms]
[2022-09-30T01:23:05.169Z] > git config --get commit.template [1ms]
[2022-09-30T01:23:10.231Z] > git status -z -uall [57ms]
[2022-09-30T01:23:10.236Z] > git symbolic-ref --short HEAD [1ms]
[2022-09-30T01:23:10.241Z] > git for-each-ref --format=%(refname)%00%(upstream:short)%00%(objectname)%00%(upstream:track)%00%(upstream:remotename)%00%(upstream:remoteref) refs/heads/master refs/remotes/master [0ms]
[2022-09-30T01:23:10.250Z] > git remote --verbose [1ms]
[2022-09-30T01:23:10.250Z] > git for-each-ref --sort -committerdate --format %(refname) %(objectname) %(*objectname) [5ms]
[2022-09-30T01:23:10.284Z] > git config --get commit.template [1ms]
[2022-09-30T01:23:16.309Z] > git status -z -uall [88ms]
[2022-09-30T01:23:16.313Z] > git symbolic-ref --short HEAD [1ms]
[2022-09-30T01:23:16.318Z] > git for-each-ref --format=%(refname)%00%(upstream:short)%00%(objectname)%00%(upstream:track)%00%(upstream:remotename)%00%(upstream:remoteref) refs/heads/master refs/remotes/master [1ms]
[2022-09-30T01:23:16.326Z] > git remote --verbose [1ms]
[2022-09-30T01:23:16.326Z] > git for-each-ref --sort -committerdate --format %(refname) %(objectname) %(*objectname) [5ms]
[2022-09-30T01:23:16.359Z] > git config --get commit.template [0ms]
[2022-09-30T01:26:58.232Z] > git status -z -uall [282ms]
[2022-09-30T01:26:58.249Z] > git symbolic-ref --short HEAD [1ms]
[2022-09-30T01:26:58.265Z] > git for-each-ref --format=%(refname)%00%(upstream:short)%00%(objectname)%00%(upstream:track)%00%(upstream:remotename)%00%(upstream:remoteref) refs/heads/master refs/remotes/master [1ms]
[2022-09-30T01:26:58.295Z] > git remote --verbose [3ms]
[2022-09-30T01:26:58.295Z] > git for-each-ref --sort -committerdate --format %(refname) %(objectname) %(*objectname) [16ms]
[2022-09-30T01:26:59.134Z] > git config --get commit.template [708ms]
[2022-09-30T01:27:01.529Z] > git ls-files --stage -- /home/vitor/atividade1.cpp [12ms]
[2022-09-30T01:27:01.570Z] > git show --textconv :atividade1.cpp [68ms]
[2022-09-30T01:27:01.573Z] > git cat-file -s 78afea1988258bb0c44fe4378fd90d17a254da4a [30ms]
[2022-09-30T01:27:04.197Z] > git status -z -uall [58ms]
[2022-09-30T01:27:04.202Z] > git symbolic-ref --short HEAD [1ms]
[2022-09-30T01:27:04.208Z] > git for-each-ref --format=%(refname)%00%(upstream:short)%00%(objectname)%00%(upstream:track)%00%(upstream:remotename)%00%(upstream:remoteref) refs/heads/master refs/remotes/master [1ms]
[2022-09-30T01:27:04.226Z] > git remote --verbose [1ms]
[2022-09-30T01:27:04.226Z] > git for-each-ref --sort -committerdate --format %(refname) %(objectname) %(*objectname) [13ms]
[2022-09-30T01:27:04.269Z] > git config --get commit.template [3ms]
[2022-09-30T01:27:09.456Z] > git status -z -uall [179ms]
[2022-09-30T01:27:09.462Z] > git symbolic-ref --short HEAD [1ms]
[2022-09-30T01:27:09.470Z] > git for-each-ref --format=%(refname)%00%(upstream:short)%00%(objectname)%00%(upstream:track)%00%(upstream:remotename)%00%(upstream:remoteref) refs/heads/master refs/remotes/master [1ms]
[2022-09-30T01:27:09.496Z] > git remote --verbose [1ms]
[2022-09-30T01:27:09.496Z] > git for-each-ref --sort -committerdate --format %(refname) %(objectname) %(*objectname) [20ms]
[2022-09-30T01:27:09.551Z] > git config --get commit.template [1ms]
[2022-09-30T01:27:09.950Z] > git check-ignore -v -z --stdin [7ms]
[2022-09-30T01:27:14.710Z] > git status -z -uall [154ms]
[2022-09-30T01:27:14.716Z] > git symbolic-ref --short HEAD [1ms]
[2022-09-30T01:27:14.723Z] > git for-each-ref --format=%(refname)%00%(upstream:short)%00%(objectname)%00%(upstream:track)%00%(upstream:remotename)%00%(upstream:remoteref) refs/heads/master refs/remotes/master [1ms]
[2022-09-30T01:27:14.735Z] > git remote --verbose [1ms]
[2022-09-30T01:27:14.736Z] > git for-each-ref --sort -committerdate --format %(refname) %(objectname) %(*objectname) [8ms]
[2022-09-30T01:27:14.796Z] > git config --get commit.template [11ms]
[2022-09-30T01:27:18.300Z] > git ls-files --stage -- /home/vitor/atividade1.cpp [3ms]
[2022-09-30T01:27:18.305Z] > git cat-file -s 78afea1988258bb0c44fe4378fd90d17a254da4a [1ms]
[2022-09-30T01:27:18.316Z] > git show --textconv :atividade1.cpp [1ms]
[2022-09-30T01:27:19.978Z] > git status -z -uall [176ms]
[2022-09-30T01:27:19.984Z] > git symbolic-ref --short HEAD [0ms]
[2022-09-30T01:27:19.988Z] > git for-each-ref --format=%(refname)%00%(upstream:short)%00%(objectname)%00%(upstream:track)%00%(upstream:remotename)%00%(upstream:remoteref) refs/heads/master refs/remotes/master [0ms]
[2022-09-30T01:27:20.000Z] > git remote --verbose [0ms]
[2022-09-30T01:27:20.001Z] > git for-each-ref --sort -committerdate --format %(refname) %(objectname) %(*objectname) [8ms]
[2022-09-30T01:27:20.055Z] > git config --get commit.template [6ms]
[2022-09-30T01:27:25.282Z] > git status -z -uall [212ms]
[2022-09-30T01:27:25.298Z] > git symbolic-ref --short HEAD [1ms]
[2022-09-30T01:27:25.311Z] > git for-each-ref --format=%(refname)%00%(upstream:short)%00%(objectname)%00%(upstream:track)%00%(upstream:remotename)%00%(upstream:remoteref) refs/heads/master refs/remotes/master [0ms]
[2022-09-30T01:27:25.337Z] > git for-each-ref --sort -committerdate --format %(refname) %(objectname) %(*objectname) [12ms]
[2022-09-30T01:27:25.338Z] > git remote --verbose [1ms]
[2022-09-30T01:27:25.409Z] > git config --get commit.template [6ms]
[2022-09-30T01:27:26.856Z] > git show --textconv :pastateste/atividade1.cpp [25ms]
[2022-09-30T01:27:26.859Z] > git ls-files --stage -- /home/vitor/pastateste/atividade1.cpp [5ms]
[2022-09-30T01:27:26.975Z] > git check-ignore -v -z --stdin [12ms]
[2022-09-30T01:27:33.621Z] > git status -z -uall [154ms]
[2022-09-30T01:27:33.626Z] > git symbolic-ref --short HEAD [1ms]
[2022-09-30T01:27:33.631Z] > git for-each-ref --format=%(refname)%00%(upstream:short)%00%(objectname)%00%(upstream:track)%00%(upstream:remotename)%00%(upstream:remoteref) refs/heads/master refs/remotes/master [1ms]
[2022-09-30T01:27:33.640Z] > git for-each-ref --sort -committerdate --format %(refname) %(objectname) %(*objectname) [5ms]
[2022-09-30T01:27:33.640Z] > git remote --verbose [1ms]
[2022-09-30T01:27:33.683Z] > git config --get commit.template [6ms]
[2022-09-30T01:27:41.511Z] > git status -z -uall [232ms]
[2022-09-30T01:27:41.525Z] > git symbolic-ref --short HEAD [3ms]
[2022-09-30T01:27:41.537Z] > git for-each-ref --format=%(refname)%00%(upstream:short)%00%(objectname)%00%(upstream:track)%00%(upstream:remotename)%00%(upstream:remoteref) refs/heads/master refs/remotes/master [1ms]
[2022-09-30T01:27:41.571Z] > git remote --verbose [3ms]
[2022-09-30T01:27:41.571Z] > git for-each-ref --sort -committerdate --format %(refname) %(objectname) %(*objectname) [22ms]
[2022-09-30T01:27:41.687Z] > git config --get commit.template [5ms]
[2022-09-30T01:27:44.516Z] > git ls-files --stage -- /home/vitor/pastateste/atividade1.cpp [1ms]
[2022-09-30T01:27:44.570Z] > git show --textconv :pastateste/atividade1.cpp [1ms]
[2022-09-30T01:27:46.851Z] > git status -z -uall [157ms]
[2022-09-30T01:27:46.856Z] > git symbolic-ref --short HEAD [0ms]
[2022-09-30T01:27:46.862Z] > git for-each-ref --format=%(refname)%00%(upstream:short)%00%(objectname)%00%(upstream:track)%00%(upstream:remotename)%00%(upstream:remoteref) refs/heads/master refs/remotes/master [1ms]
[2022-09-30T01:27:46.872Z] > git remote --verbose [0ms]
[2022-09-30T01:27:46.872Z] > git for-each-ref --sort -committerdate --format %(refname) %(objectname) %(*objectname) [5ms]
[2022-09-30T01:27:46.905Z] > git config --get commit.template [0ms]
[2022-09-30T01:27:49.620Z] > git ls-files --stage -- /home/vitor/pastateste/atividade1.cpp [1ms]
[2022-09-30T01:27:49.625Z] > git cat-file -s 78afea1988258bb0c44fe4378fd90d17a254da4a [0ms]
[2022-09-30T01:27:49.635Z] > git show --textconv :pastateste/atividade1.cpp [1ms]
[2022-09-30T01:27:51.922Z] > git status -z -uall [12ms]
[2022-09-30T01:27:51.927Z] > git symbolic-ref --short HEAD [0ms]
[2022-09-30T01:27:51.933Z] > git for-each-ref --format=%(refname)%00%(upstream:short)%00%(objectname)%00%(upstream:track)%00%(upstream:remotename)%00%(upstream:remoteref) refs/heads/master refs/remotes/master [0ms]
[2022-09-30T01:27:51.946Z] > git remote --verbose [1ms]
[2022-09-30T01:27:51.946Z] > git for-each-ref --sort -committerdate --format %(refname) %(objectname) %(*objectname) [8ms]
[2022-09-30T01:27:51.980Z] > git config --get commit.template [0ms]
[2022-09-30T01:27:57.005Z] > git status -z -uall [14ms]
[2022-09-30T01:27:57.012Z] > git symbolic-ref --short HEAD [1ms]
[2022-09-30T01:27:57.019Z] > git for-each-ref --format=%(refname)%00%(upstream:short)%00%(objectname)%00%(upstream:track)%00%(upstream:remotename)%00%(upstream:remoteref) refs/heads/master refs/remotes/master [1ms]
[2022-09-30T01:27:57.032Z] > git remote --verbose [0ms]
[2022-09-30T01:27:57.033Z] > git for-each-ref --sort -committerdate --format %(refname) %(objectname) %(*objectname) [8ms]
[2022-09-30T01:27:57.070Z] > git config --get commit.template [1ms]
[2022-09-30T01:28:01.065Z] > git ls-files --stage -- /home/vitor/pastateste/atividade1.cpp [1ms]
[2022-09-30T01:28:01.072Z] > git cat-file -s 78afea1988258bb0c44fe4378fd90d17a254da4a [0ms]
[2022-09-30T01:28:01.085Z] > git show --textconv :pastateste/atividade1.cpp [1ms]
[2022-09-30T01:28:02.110Z] > git status -z -uall [23ms]
[2022-09-30T01:28:02.131Z] > git symbolic-ref --short HEAD [1ms]
[2022-09-30T01:28:02.154Z] > git for-each-ref --format=%(refname)%00%(upstream:short)%00%(objectname)%00%(upstream:track)%00%(upstream:remotename)%00%(upstream:remoteref) refs/heads/master refs/remotes/master [6ms]
[2022-09-30T01:28:02.195Z] > git remote --verbose [1ms]
[2022-09-30T01:28:02.196Z] > git for-each-ref --sort -committerdate --format %(refname) %(objectname) %(*objectname) [22ms]
[2022-09-30T01:28:02.249Z] > git config --get commit.template [8ms]
[2022-09-30T01:28:24.362Z] > git status -z -uall [22ms]
[2022-09-30T01:28:24.369Z] > git symbolic-ref --short HEAD [1ms]
[2022-09-30T01:28:24.377Z] > git for-each-ref --format=%(refname)%00%(upstream:short)%00%(objectname)%00%(upstream:track)%00%(upstream:remotename)%00%(upstream:remoteref) refs/heads/master refs/remotes/master [1ms]
[2022-09-30T01:28:24.393Z] > git for-each-ref --sort -committerdate --format %(refname) %(objectname) %(*objectname) [10ms]
[2022-09-30T01:28:24.394Z] > git remote --verbose [2ms]
[2022-09-30T01:28:24.410Z] > git config --get commit.template [1ms]
[2022-09-30T01:28:29.429Z] > git status -z -uall [13ms]
[2022-09-30T01:28:29.434Z] > git symbolic-ref --short HEAD [1ms]
[2022-09-30T01:28:29.442Z] > git for-each-ref --format=%(refname)%00%(upstream:short)%00%(objectname)%00%(upstream:track)%00%(upstream:remotename)%00%(upstream:remoteref) refs/heads/master refs/remotes/master [1ms]
[2022-09-30T01:28:29.456Z] > git remote --verbose [1ms]
[2022-09-30T01:28:29.456Z] > git for-each-ref --sort -committerdate --format %(refname) %(objectname) %(*objectname) [8ms]
[2022-09-30T01:28:29.463Z] > git config --get commit.template [1ms]
[2022-09-30T01:28:57.344Z] > git status -z -uall [22ms]
[2022-09-30T01:28:57.349Z] > git symbolic-ref --short HEAD [1ms]
[2022-09-30T01:28:57.357Z] > git for-each-ref --format=%(refname)%00%(upstream:short)%00%(objectname)%00%(upstream:track)%00%(upstream:remotename)%00%(upstream:remoteref) refs/heads/master refs/remotes/master [1ms]
[2022-09-30T01:28:57.368Z] > git for-each-ref --sort -committerdate --format %(refname) %(objectname) %(*objectname) [6ms]
[2022-09-30T01:28:57.368Z] > git remote --verbose [1ms]
[2022-09-30T01:28:57.376Z] > git config --get commit.template [1ms]
[2022-09-30T01:29:02.507Z] > git status -z -uall [20ms]
[2022-09-30T01:29:02.515Z] > git symbolic-ref --short HEAD [1ms]
[2022-09-30T01:29:02.521Z] > git for-each-ref --format=%(refname)%00%(upstream:short)%00%(objectname)%00%(upstream:track)%00%(upstream:remotename)%00%(upstream:remoteref) refs/heads/master refs/remotes/master [1ms]
[2022-09-30T01:29:02.533Z] > git remote --verbose [1ms]
[2022-09-30T01:29:02.533Z] > git for-each-ref --sort -committerdate --format %(refname) %(objectname) %(*objectname) [7ms]
[2022-09-30T01:29:02.542Z] > git config --get commit.template [1ms]
[2022-09-30T01:29:08.446Z] > git status -z -uall [36ms]
[2022-09-30T01:29:08.465Z] > git symbolic-ref --short HEAD [6ms]
[2022-09-30T01:29:08.475Z] > git for-each-ref --format=%(refname)%00%(upstream:short)%00%(objectname)%00%(upstream:track)%00%(upstream:remotename)%00%(upstream:remoteref) refs/heads/master refs/remotes/master [1ms]
[2022-09-30T01:29:08.490Z] > git remote --verbose [1ms]
[2022-09-30T01:29:08.490Z] > git for-each-ref --sort -committerdate --format %(refname) %(objectname) %(*objectname) [9ms]
[2022-09-30T01:29:08.503Z] > git config --get commit.template [1ms]
[2022-09-30T01:29:14.120Z] > git status -z -uall [37ms]
[2022-09-30T01:29:14.131Z] > git symbolic-ref --short HEAD [1ms]
[2022-09-30T01:29:14.141Z] > git for-each-ref --format=%(refname)%00%(upstream:short)%00%(objectname)%00%(upstream:track)%00%(upstream:remotename)%00%(upstream:remoteref) refs/heads/master refs/remotes/master [1ms]
[2022-09-30T01:29:14.156Z] > git remote --verbose [3ms]
[2022-09-30T01:29:14.157Z] > git for-each-ref --sort -committerdate --format %(refname) %(objectname) %(*objectname) [10ms]
[2022-09-30T01:29:14.166Z] > git config --get commit.template [1ms]
[2022-09-30T01:29:36.322Z] > git status -z -uall [36ms]
[2022-09-30T01:29:36.333Z] > git symbolic-ref --short HEAD [1ms]
[2022-09-30T01:29:36.341Z] > git for-each-ref --format=%(refname)%00%(upstream:short)%00%(objectname)%00%(upstream:track)%00%(upstream:remotename)%00%(upstream:remoteref) refs/heads/master refs/remotes/master [3ms]
[2022-09-30T01:29:36.362Z] > git remote --verbose [1ms]
[2022-09-30T01:29:36.362Z] > git for-each-ref --sort -committerdate --format %(refname) %(objectname) %(*objectname) [13ms]
[2022-09-30T01:29:36.371Z] > git config --get commit.template [0ms]
[2022-09-30T01:29:59.565Z] > git status -z -uall [48ms]
[2022-09-30T01:29:59.583Z] > git symbolic-ref --short HEAD [2ms]
[2022-09-30T01:29:59.594Z] > git for-each-ref --format=%(refname)%00%(upstream:short)%00%(objectname)%00%(upstream:track)%00%(upstream:remotename)%00%(upstream:remoteref) refs/heads/master refs/remotes/master [1ms]
[2022-09-30T01:29:59.612Z] > git remote --verbose [2ms]
[2022-09-30T01:29:59.613Z] > git for-each-ref --sort -committerdate --format %(refname) %(objectname) %(*objectname) [11ms]
[2022-09-30T01:29:59.624Z] > git config --get commit.template [2ms]
[2022-09-30T01:30:02.069Z] > git ls-files --stage -- /home/vitor/pastateste/atividade1.cpp [2ms]
[2022-09-30T01:30:02.074Z] > git cat-file -s 78afea1988258bb0c44fe4378fd90d17a254da4a [1ms]
[2022-09-30T01:30:02.129Z] > git show --textconv :pastateste/atividade1.cpp [1ms]
[2022-09-30T01:30:05.265Z] > git status -z -uall [82ms]
[2022-09-30T01:30:05.286Z] > git symbolic-ref --short HEAD [5ms]
[2022-09-30T01:30:05.303Z] > git for-each-ref --format=%(refname)%00%(upstream:short)%00%(objectname)%00%(upstream:track)%00%(upstream:remotename)%00%(upstream:remoteref) refs/heads/master refs/remotes/master [2ms]
[2022-09-30T01:30:05.319Z] > git remote --verbose [1ms]
[2022-09-30T01:30:05.320Z] > git for-each-ref --sort -committerdate --format %(refname) %(objectname) %(*objectname) [9ms]
[2022-09-30T01:30:05.331Z] > git config --get commit.template [1ms]
[2022-09-30T01:30:10.393Z] > git status -z -uall [41ms]
[2022-09-30T01:30:10.410Z] > git symbolic-ref --short HEAD [1ms]
[2022-09-30T01:30:10.422Z] > git for-each-ref --format=%(refname)%00%(upstream:short)%00%(objectname)%00%(upstream:track)%00%(upstream:remotename)%00%(upstream:remoteref) refs/heads/master refs/remotes/master [4ms]
[2022-09-30T01:30:10.438Z] > git remote --verbose [1ms]
[2022-09-30T01:30:10.438Z] > git for-each-ref --sort -committerdate --format %(refname) %(objectname) %(*objectname) [10ms]
[2022-09-30T01:30:10.450Z] > git config --get commit.template [1ms]
[2022-09-30T01:30:31.717Z] > git status -z -uall [32ms]
[2022-09-30T01:30:31.726Z] > git symbolic-ref --short HEAD [1ms]
[2022-09-30T01:30:31.732Z] > git for-each-ref --format=%(refname)%00%(upstream:short)%00%(objectname)%00%(upstream:track)%00%(upstream:remotename)%00%(upstream:remoteref) refs/heads/master refs/remotes/master [2ms]
[2022-09-30T01:30:31.741Z] > git for-each-ref --sort -committerdate --format %(refname) %(objectname) %(*objectname) [5ms]
[2022-09-30T01:30:31.741Z] > git remote --verbose [1ms]
[2022-09-30T01:30:31.747Z] > git config --get commit.template [0ms]
[2022-09-30T01:30:36.763Z] > git status -z -uall [11ms]
[2022-09-30T01:30:36.767Z] > git symbolic-ref --short HEAD [1ms]
[2022-09-30T01:30:36.771Z] > git for-each-ref --format=%(refname)%00%(upstream:short)%00%(objectname)%00%(upstream:track)%00%(upstream:remotename)%00%(upstream:remoteref) refs/heads/master refs/remotes/master [1ms]
[2022-09-30T01:30:36.778Z] > git remote --verbose [1ms]
[2022-09-30T01:30:36.778Z] > git for-each-ref --sort -committerdate --format %(refname) %(objectname) %(*objectname) [4ms]
[2022-09-30T01:30:36.786Z] > git config --get commit.template [1ms]
[2022-09-30T01:30:41.802Z] > git status -z -uall [12ms]
[2022-09-30T01:30:41.807Z] > git symbolic-ref --short HEAD [1ms]
[2022-09-30T01:30:41.811Z] > git for-each-ref --format=%(refname)%00%(upstream:short)%00%(objectname)%00%(upstream:track)%00%(upstream:remotename)%00%(upstream:remoteref) refs/heads/master refs/remotes/master [1ms]
[2022-09-30T01:30:41.818Z] > git for-each-ref --sort -committerdate --format %(refname) %(objectname) %(*objectname) [3ms]
[2022-09-30T01:30:41.819Z] > git remote --verbose [1ms]
[2022-09-30T01:30:41.823Z] > git config --get commit.template [1ms]
[2022-09-30T01:30:46.837Z] > git status -z -uall [10ms]
[2022-09-30T01:30:46.841Z] > git symbolic-ref --short HEAD [0ms]
[2022-09-30T01:30:46.846Z] > git for-each-ref --format=%(refname)%00%(upstream:short)%00%(objectname)%00%(upstream:track)%00%(upstream:remotename)%00%(upstream:remoteref) refs/heads/master refs/remotes/master [1ms]
[2022-09-30T01:30:46.857Z] > git remote --verbose [1ms]
[2022-09-30T01:30:46.858Z] > git for-each-ref --sort -committerdate --format %(refname) %(objectname) %(*objectname) [7ms]
[2022-09-30T01:30:46.864Z] > git config --get commit.template [0ms]
[2022-09-30T01:30:51.882Z] > git status -z -uall [12ms]
[2022-09-30T01:30:51.887Z] > git symbolic-ref --short HEAD [1ms]
[2022-09-30T01:30:51.892Z] > git for-each-ref --format=%(refname)%00%(upstream:short)%00%(objectname)%00%(upstream:track)%00%(upstream:remotename)%00%(upstream:remoteref) refs/heads/master refs/remotes/master [1ms]
[2022-09-30T01:30:51.906Z] > git remote --verbose [1ms]
[2022-09-30T01:30:51.907Z] > git for-each-ref --sort -committerdate --format %(refname) %(objectname) %(*objectname) [9ms]
[2022-09-30T01:30:51.920Z] > git config --get commit.template [1ms]
[2022-09-30T01:31:19.449Z] > git status -z -uall [33ms]
[2022-09-30T01:31:19.469Z] > git symbolic-ref --short HEAD [1ms]
[2022-09-30T01:31:19.482Z] > git for-each-ref --format=%(refname)%00%(upstream:short)%00%(objectname)%00%(upstream:track)%00%(upstream:remotename)%00%(upstream:remoteref) refs/heads/master refs/remotes/master [6ms]
[2022-09-30T01:31:19.503Z] > git remote --verbose [2ms]
[2022-09-30T01:31:19.503Z] > git for-each-ref --sort -committerdate --format %(refname) %(objectname) %(*objectname) [10ms]
[2022-09-30T01:31:19.518Z] > git config --get commit.template [1ms]
[2022-09-30T01:31:48.887Z] > git status -z -uall [22ms]
[2022-09-30T01:31:48.898Z] > git symbolic-ref --short HEAD [1ms]
[2022-09-30T01:31:48.907Z] > git for-each-ref --format=%(refname)%00%(upstream:short)%00%(objectname)%00%(upstream:track)%00%(upstream:remotename)%00%(upstream:remoteref) refs/heads/master refs/remotes/master [1ms]
[2022-09-30T01:31:48.927Z] > git remote --verbose [1ms]
[2022-09-30T01:31:48.928Z] > git for-each-ref --sort -committerdate --format %(refname) %(objectname) %(*objectname) [11ms]
[2022-09-30T01:31:48.939Z] > git config --get commit.template [2ms]
[2022-09-30T01:31:53.961Z] > git status -z -uall [17ms]
[2022-09-30T01:31:53.968Z] > git symbolic-ref --short HEAD [1ms]
[2022-09-30T01:31:53.976Z] > git for-each-ref --format=%(refname)%00%(upstream:short)%00%(objectname)%00%(upstream:track)%00%(upstream:remotename)%00%(upstream:remoteref) refs/heads/master refs/remotes/master [1ms]
[2022-09-30T01:31:53.986Z] > git for-each-ref --sort -committerdate --format %(refname) %(objectname) %(*objectname) [5ms]
[2022-09-30T01:31:53.986Z] > git remote --verbose [0ms]
[2022-09-30T01:31:54.001Z] > git config --get commit.template [1ms]
[2022-09-30T01:31:59.021Z] > git status -z -uall [13ms]
[2022-09-30T01:31:59.029Z] > git symbolic-ref --short HEAD [2ms]
[2022-09-30T01:31:59.035Z] > git for-each-ref --format=%(refname)%00%(upstream:short)%00%(objectname)%00%(upstream:track)%00%(upstream:remotename)%00%(upstream:remoteref) refs/heads/master refs/remotes/master [1ms]
[2022-09-30T01:31:59.045Z] > git for-each-ref --sort -committerdate --format %(refname) %(objectname) %(*objectname) [6ms]
[2022-09-30T01:31:59.045Z] > git remote --verbose [1ms]
[2022-09-30T01:31:59.051Z] > git config --get commit.template [0ms]
[2022-09-30T01:32:04.075Z] > git status -z -uall [17ms]
[2022-09-30T01:32:04.080Z] > git symbolic-ref --short HEAD [1ms]
[2022-09-30T01:32:04.086Z] > git for-each-ref --format=%(refname)%00%(upstream:short)%00%(objectname)%00%(upstream:track)%00%(upstream:remotename)%00%(upstream:remoteref) refs/heads/master refs/remotes/master [1ms]
[2022-09-30T01:32:04.097Z] > git remote --verbose [1ms]
[2022-09-30T01:32:04.097Z] > git for-each-ref --sort -committerdate --format %(refname) %(objectname) %(*objectname) [5ms]
[2022-09-30T01:32:04.104Z] > git config --get commit.template [1ms]
[2022-09-30T01:32:13.109Z] > git status -z -uall [86ms]
[2022-09-30T01:32:13.119Z] > git symbolic-ref --short HEAD [1ms]
[2022-09-30T01:32:13.128Z] > git for-each-ref --format=%(refname)%00%(upstream:short)%00%(objectname)%00%(upstream:track)%00%(upstream:remotename)%00%(upstream:remoteref) refs/heads/master refs/remotes/master [1ms]
[2022-09-30T01:32:13.153Z] > git for-each-ref --sort -committerdate --format %(refname) %(objectname) %(*objectname) [11ms]
[2022-09-30T01:32:13.154Z] > git remote --verbose [2ms]
[2022-09-30T01:32:13.169Z] > git config --get commit.template [1ms]
[2022-09-30T01:32:18.187Z] > git status -z -uall [11ms]
[2022-09-30T01:32:18.194Z] > git symbolic-ref --short HEAD [1ms]
[2022-09-30T01:32:18.205Z] > git for-each-ref --format=%(refname)%00%(upstream:short)%00%(objectname)%00%(upstream:track)%00%(upstream:remotename)%00%(upstream:remoteref) refs/heads/master refs/remotes/master [6ms]
[2022-09-30T01:32:18.217Z] > git remote --verbose [1ms]
[2022-09-30T01:32:18.217Z] > git for-each-ref --sort -committerdate --format %(refname) %(objectname) %(*objectname) [7ms]
[2022-09-30T01:32:18.224Z] > git config --get commit.template [1ms]
[2022-09-30T01:32:23.241Z] > git status -z -uall [11ms]
[2022-09-30T01:32:23.245Z] > git symbolic-ref --short HEAD [0ms]
[2022-09-30T01:32:23.250Z] > git for-each-ref --format=%(refname)%00%(upstream:short)%00%(objectname)%00%(upstream:track)%00%(upstream:remotename)%00%(upstream:remoteref) refs/heads/master refs/remotes/master [0ms]
[2022-09-30T01:32:23.258Z] > git remote --verbose [0ms]
[2022-09-30T01:32:23.259Z] > git for-each-ref --sort -committerdate --format %(refname) %(objectname) %(*objectname) [5ms]
[2022-09-30T01:32:23.264Z] > git config --get commit.template [1ms]
[2022-09-30T01:32:28.282Z] > git status -z -uall [11ms]
[2022-09-30T01:32:28.288Z] > git symbolic-ref --short HEAD [1ms]
[2022-09-30T01:32:28.293Z] > git for-each-ref --format=%(refname)%00%(upstream:short)%00%(objectname)%00%(upstream:track)%00%(upstream:remotename)%00%(upstream:remoteref) refs/heads/master refs/remotes/master [0ms]
[2022-09-30T01:32:28.303Z] > git remote --verbose [1ms]
[2022-09-30T01:32:28.303Z] > git for-each-ref --sort -committerdate --format %(refname) %(objectname) %(*objectname) [5ms]
[2022-09-30T01:32:28.310Z] > git config --get commit.template [1ms]
[2022-09-30T01:32:33.329Z] > git status -z -uall [10ms]
[2022-09-30T01:32:33.334Z] > git symbolic-ref --short HEAD [0ms]
[2022-09-30T01:32:33.339Z] > git for-each-ref --format=%(refname)%00%(upstream:short)%00%(objectname)%00%(upstream:track)%00%(upstream:remotename)%00%(upstream:remoteref) refs/heads/master refs/remotes/master [1ms]
[2022-09-30T01:32:33.348Z] > git remote --verbose [1ms]
[2022-09-30T01:32:33.348Z] > git for-each-ref --sort -committerdate --format %(refname) %(objectname) %(*objectname) [5ms]
[2022-09-30T01:32:33.355Z] > git config --get commit.template [1ms]
[2022-09-30T01:32:38.370Z] > git status -z -uall [10ms]
[2022-09-30T01:32:38.374Z] > git symbolic-ref --short HEAD [0ms]
[2022-09-30T01:32:38.380Z] > git for-each-ref --format=%(refname)%00%(upstream:short)%00%(objectname)%00%(upstream:track)%00%(upstream:remotename)%00%(upstream:remoteref) refs/heads/master refs/remotes/master [1ms]
[2022-09-30T01:32:38.390Z] > git for-each-ref --sort -committerdate --format %(refname) %(objectname) %(*objectname) [6ms]
[2022-09-30T01:32:38.390Z] > git remote --verbose [1ms]
[2022-09-30T01:32:38.400Z] > git config --get commit.template [0ms]
[2022-09-30T01:33:53.295Z] > git status -z -uall [19ms]
[2022-09-30T01:33:53.302Z] > git symbolic-ref --short HEAD [1ms]
[2022-09-30T01:33:53.311Z] > git for-each-ref --format=%(refname)%00%(upstream:short)%00%(objectname)%00%(upstream:track)%00%(upstream:remotename)%00%(upstream:remoteref) refs/heads/master refs/remotes/master [0ms]
[2022-09-30T01:33:53.342Z] > git remote --verbose [3ms]
[2022-09-30T01:33:53.344Z] > git for-each-ref --sort -committerdate --format %(refname) %(objectname) %(*objectname) [26ms]
[2022-09-30T01:33:53.362Z] > git config --get commit.template [2ms]
[2022-09-30T01:33:58.378Z] > git status -z -uall [10ms]
[2022-09-30T01:33:58.383Z] > git symbolic-ref --short HEAD [1ms]
[2022-09-30T01:33:58.388Z] > git for-each-ref --format=%(refname)%00%(upstream:short)%00%(objectname)%00%(upstream:track)%00%(upstream:remotename)%00%(upstream:remoteref) refs/heads/master refs/remotes/master [0ms]
[2022-09-30T01:33:58.397Z] > git remote --verbose [1ms]
[2022-09-30T01:33:58.397Z] > git for-each-ref --sort -committerdate --format %(refname) %(objectname) %(*objectname) [5ms]
[2022-09-30T01:33:58.403Z] > git config --get commit.template [1ms]
