[2022-09-30T00:53:13.658Z] Log level: Info
[2022-09-30T00:53:13.701Z] [info] Validating found git in: git
[2022-09-30T00:53:13.880Z] [info] Using git 2.25.1 from git
[2022-09-30T00:53:13.995Z] > git rev-parse --show-toplevel [72ms]
[2022-09-30T00:53:14.019Z] > git rev-parse --git-dir --git-common-dir [5ms]
[2022-09-30T00:53:14.034Z] [info] Open repository: /home/vitor
[2022-09-30T00:53:14.474Z] > git status -z -uall [428ms]
[2022-09-30T00:53:14.583Z] > git symbolic-ref --short HEAD [96ms]
[2022-09-30T00:53:14.602Z] > git for-each-ref --format=%(refname)%00%(upstream:short)%00%(objectname)%00%(upstream:track)%00%(upstream:remotename)%00%(upstream:remoteref) refs/heads/master refs/remotes/master [11ms]
[2022-09-30T00:53:14.628Z] > git remote --verbose [10ms]
[2022-09-30T00:53:14.629Z] > git for-each-ref --sort -committerdate --format %(refname) %(objectname) %(*objectname) [20ms]
[2022-09-30T00:53:15.510Z] > git config --get commit.template [111ms]
[2022-09-30T00:53:15.533Z] > git check-ignore -v -z --stdin [38ms]
[2022-09-30T00:53:15.683Z] > git show --textconv :exer.cpp [28ms]
[2022-09-30T00:53:15.690Z] > git ls-files --stage -- /home/vitor/exer.cpp [19ms]
[2022-09-30T00:53:15.701Z] > git status -z -uall [172ms]
[2022-09-30T00:53:15.709Z] > git cat-file -s 4600dca39a5ca70895add4173fddb0bcb3c77e17 [12ms]
[2022-09-30T00:53:15.714Z] > git symbolic-ref --short HEAD [5ms]
[2022-09-30T00:53:15.732Z] > git for-each-ref --format=%(refname)%00%(upstream:short)%00%(objectname)%00%(upstream:track)%00%(upstream:remotename)%00%(upstream:remoteref) refs/heads/master refs/remotes/master [9ms]
[2022-09-30T00:53:15.765Z] > git remote --verbose [18ms]
[2022-09-30T00:53:15.765Z] > git for-each-ref --sort -committerdate --format %(refname) %(objectname) %(*objectname) [25ms]
[2022-09-30T00:53:15.828Z] > git config --get commit.template [8ms]
[2022-09-30T00:53:18.515Z] > git ls-files --stage -- /home/vitor/exer.cpp [6ms]
[2022-09-30T00:53:18.520Z] > git cat-file -s 4600dca39a5ca70895add4173fddb0bcb3c77e17 [0ms]
[2022-09-30T00:53:18.531Z] > git show --textconv :exer.cpp [2ms]
[2022-09-30T00:53:20.860Z] > git ls-files --stage -- /home/vitor/exer.cpp [1ms]
[2022-09-30T00:53:20.867Z] > git cat-file -s 4600dca39a5ca70895add4173fddb0bcb3c77e17 [1ms]
[2022-09-30T00:53:20.878Z] > git show --textconv :exer.cpp [2ms]
[2022-09-30T00:53:22.307Z] > git ls-files --stage -- /home/vitor/exer.cpp [2ms]
[2022-09-30T00:53:22.313Z] > git cat-file -s 4600dca39a5ca70895add4173fddb0bcb3c77e17 [1ms]
[2022-09-30T00:53:22.340Z] > git show --textconv :exer.cpp [2ms]
[2022-09-30T00:53:23.570Z] > git status -z -uall [15ms]
[2022-09-30T00:53:23.578Z] > git symbolic-ref --short HEAD [2ms]
[2022-09-30T00:53:23.585Z] > git for-each-ref --format=%(refname)%00%(upstream:short)%00%(objectname)%00%(upstream:track)%00%(upstream:remotename)%00%(upstream:remoteref) refs/heads/master refs/remotes/master [1ms]
[2022-09-30T00:53:23.600Z] > git remote --verbose [1ms]
[2022-09-30T00:53:23.600Z] > git for-each-ref --sort -committerdate --format %(refname) %(objectname) %(*objectname) [7ms]
[2022-09-30T00:53:23.664Z] > git config --get commit.template [2ms]
[2022-09-30T00:53:28.685Z] > git status -z -uall [13ms]
[2022-09-30T00:53:28.691Z] > git symbolic-ref --short HEAD [0ms]
[2022-09-30T00:53:28.697Z] > git for-each-ref --format=%(refname)%00%(upstream:short)%00%(objectname)%00%(upstream:track)%00%(upstream:remotename)%00%(upstream:remoteref) refs/heads/master refs/remotes/master [0ms]
[2022-09-30T00:53:28.708Z] > git remote --verbose [1ms]
[2022-09-30T00:53:28.708Z] > git for-each-ref --sort -committerdate --format %(refname) %(objectname) %(*objectname) [7ms]
[2022-09-30T00:53:28.750Z] > git config --get commit.template [5ms]
[2022-09-30T00:54:21.427Z] > git status -z -uall [52ms]
[2022-09-30T00:54:21.439Z] > git symbolic-ref --short HEAD [1ms]
[2022-09-30T00:54:21.451Z] > git for-each-ref --format=%(refname)%00%(upstream:short)%00%(objectname)%00%(upstream:track)%00%(upstream:remotename)%00%(upstream:remoteref) refs/heads/master refs/remotes/master [1ms]
[2022-09-30T00:54:21.470Z] > git remote --verbose [1ms]
[2022-09-30T00:54:21.471Z] > git for-each-ref --sort -committerdate --format %(refname) %(objectname) %(*objectname) [12ms]
[2022-09-30T00:54:22.143Z] > git config --get commit.template [9ms]
[2022-09-30T00:54:27.168Z] > git status -z -uall [17ms]
[2022-09-30T00:54:27.177Z] > git symbolic-ref --short HEAD [1ms]
[2022-09-30T00:54:27.186Z] > git for-each-ref --format=%(refname)%00%(upstream:short)%00%(objectname)%00%(upstream:track)%00%(upstream:remotename)%00%(upstream:remoteref) refs/heads/master refs/remotes/master [2ms]
[2022-09-30T00:54:27.200Z] > git remote --verbose [1ms]
[2022-09-30T00:54:27.200Z] > git for-each-ref --sort -committerdate --format %(refname) %(objectname) %(*objectname) [8ms]
[2022-09-30T00:54:27.235Z] > git config --get commit.template [0ms]
[2022-09-30T00:54:37.225Z] > git status -z -uall [53ms]
[2022-09-30T00:54:37.250Z] > git symbolic-ref --short HEAD [1ms]
[2022-09-30T00:54:37.259Z] > git for-each-ref --format=%(refname)%00%(upstream:short)%00%(objectname)%00%(upstream:track)%00%(upstream:remotename)%00%(upstream:remoteref) refs/heads/master refs/remotes/master [1ms]
[2022-09-30T00:54:37.278Z] > git remote --verbose [1ms]
[2022-09-30T00:54:37.278Z] > git for-each-ref --sort -committerdate --format %(refname) %(objectname) %(*objectname) [11ms]
[2022-09-30T00:54:37.350Z] > git config --get commit.template [17ms]
[2022-09-30T00:54:42.372Z] > git status -z -uall [15ms]
[2022-09-30T00:54:42.384Z] > git symbolic-ref --short HEAD [1ms]
[2022-09-30T00:54:42.393Z] > git for-each-ref --format=%(refname)%00%(upstream:short)%00%(objectname)%00%(upstream:track)%00%(upstream:remotename)%00%(upstream:remoteref) refs/heads/master refs/remotes/master [1ms]
[2022-09-30T00:54:42.422Z] > git remote --verbose [1ms]
[2022-09-30T00:54:42.423Z] > git for-each-ref --sort -committerdate --format %(refname) %(objectname) %(*objectname) [21ms]
[2022-09-30T00:54:42.489Z] > git config --get commit.template [12ms]
[2022-09-30T00:54:45.151Z] > git ls-files --stage -- /home/vitor/exer.cpp [2ms]
[2022-09-30T00:54:45.157Z] > git cat-file -s 4600dca39a5ca70895add4173fddb0bcb3c77e17 [1ms]
[2022-09-30T00:54:45.172Z] > git show --textconv :exer.cpp [4ms]
[2022-09-30T00:54:47.604Z] > git ls-files --stage -- /home/vitor/exer.cpp [2ms]
[2022-09-30T00:54:47.617Z] > git cat-file -s 4600dca39a5ca70895add4173fddb0bcb3c77e17 [2ms]
[2022-09-30T00:54:47.633Z] > git show --textconv :exer.cpp [2ms]
[2022-09-30T00:54:48.913Z] > git status -z -uall [18ms]
[2022-09-30T00:54:48.928Z] > git symbolic-ref --short HEAD [6ms]
[2022-09-30T00:54:48.942Z] > git for-each-ref --format=%(refname)%00%(upstream:short)%00%(objectname)%00%(upstream:track)%00%(upstream:remotename)%00%(upstream:remoteref) refs/heads/master refs/remotes/master [1ms]
[2022-09-30T00:54:48.966Z] > git remote --verbose [1ms]
[2022-09-30T00:54:48.967Z] > git for-each-ref --sort -committerdate --format %(refname) %(objectname) %(*objectname) [13ms]
[2022-09-30T00:54:49.015Z] > git config --get commit.template [8ms]
[2022-09-30T00:54:50.183Z] > git ls-files --stage -- /home/vitor/exer.cpp [1ms]
[2022-09-30T00:54:50.190Z] > git cat-file -s 4600dca39a5ca70895add4173fddb0bcb3c77e17 [1ms]
[2022-09-30T00:54:50.204Z] > git show --textconv :exer.cpp [3ms]
[2022-09-30T00:54:54.036Z] > git status -z -uall [14ms]
[2022-09-30T00:54:54.049Z] > git symbolic-ref --short HEAD [1ms]
[2022-09-30T00:54:54.056Z] > git for-each-ref --format=%(refname)%00%(upstream:short)%00%(objectname)%00%(upstream:track)%00%(upstream:remotename)%00%(upstream:remoteref) refs/heads/master refs/remotes/master [2ms]
[2022-09-30T00:54:54.071Z] > git remote --verbose [1ms]
[2022-09-30T00:54:54.071Z] > git for-each-ref --sort -committerdate --format %(refname) %(objectname) %(*objectname) [8ms]
[2022-09-30T00:54:54.114Z] > git config --get commit.template [0ms]
[2022-09-30T00:54:59.138Z] > git status -z -uall [16ms]
[2022-09-30T00:54:59.143Z] > git symbolic-ref --short HEAD [0ms]
[2022-09-30T00:54:59.149Z] > git for-each-ref --format=%(refname)%00%(upstream:short)%00%(objectname)%00%(upstream:track)%00%(upstream:remotename)%00%(upstream:remoteref) refs/heads/master refs/remotes/master [0ms]
[2022-09-30T00:54:59.160Z] > git remote --verbose [0ms]
[2022-09-30T00:54:59.161Z] > git for-each-ref --sort -committerdate --format %(refname) %(objectname) %(*objectname) [7ms]
[2022-09-30T00:54:59.199Z] > git config --get commit.template [1ms]
[2022-09-30T00:55:04.291Z] > git status -z -uall [51ms]
[2022-09-30T00:55:04.330Z] > git symbolic-ref --short HEAD [10ms]
[2022-09-30T00:55:04.355Z] > git for-each-ref --format=%(refname)%00%(upstream:short)%00%(objectname)%00%(upstream:track)%00%(upstream:remotename)%00%(upstream:remoteref) refs/heads/master refs/remotes/master [1ms]
[2022-09-30T00:55:04.389Z] > git remote --verbose [2ms]
[2022-09-30T00:55:04.389Z] > git for-each-ref --sort -committerdate --format %(refname) %(objectname) %(*objectname) [20ms]
[2022-09-30T00:55:05.021Z] > git config --get commit.template [24ms]
[2022-09-30T00:55:19.197Z] > git status -z -uall [79ms]
[2022-09-30T00:55:19.211Z] > git symbolic-ref --short HEAD [0ms]
[2022-09-30T00:55:19.218Z] > git for-each-ref --format=%(refname)%00%(upstream:short)%00%(objectname)%00%(upstream:track)%00%(upstream:remotename)%00%(upstream:remoteref) refs/heads/master refs/remotes/master [1ms]
[2022-09-30T00:55:19.234Z] > git remote --verbose [1ms]
[2022-09-30T00:55:19.234Z] > git for-each-ref --sort -committerdate --format %(refname) %(objectname) %(*objectname) [10ms]
[2022-09-30T00:55:19.286Z] > git config --get commit.template [6ms]
[2022-09-30T00:55:24.307Z] > git status -z -uall [15ms]
[2022-09-30T00:55:24.316Z] > git symbolic-ref --short HEAD [1ms]
[2022-09-30T00:55:24.325Z] > git for-each-ref --format=%(refname)%00%(upstream:short)%00%(objectname)%00%(upstream:track)%00%(upstream:remotename)%00%(upstream:remoteref) refs/heads/master refs/remotes/master [1ms]
[2022-09-30T00:55:24.344Z] > git remote --verbose [1ms]
[2022-09-30T00:55:24.345Z] > git for-each-ref --sort -committerdate --format %(refname) %(objectname) %(*objectname) [12ms]
[2022-09-30T00:55:24.411Z] > git config --get commit.template [12ms]
[2022-09-30T00:55:40.587Z] > git status -z -uall [47ms]
[2022-09-30T00:55:40.596Z] > git symbolic-ref --short HEAD [1ms]
[2022-09-30T00:55:40.609Z] > git for-each-ref --format=%(refname)%00%(upstream:short)%00%(objectname)%00%(upstream:track)%00%(upstream:remotename)%00%(upstream:remoteref) refs/heads/master refs/remotes/master [1ms]
[2022-09-30T00:55:40.641Z] > git remote --verbose [2ms]
[2022-09-30T00:55:40.642Z] > git for-each-ref --sort -committerdate --format %(refname) %(objectname) %(*objectname) [21ms]
[2022-09-30T00:55:40.750Z] > git config --get commit.template [2ms]
[2022-09-30T00:55:45.771Z] > git status -z -uall [13ms]
[2022-09-30T00:55:45.783Z] > git symbolic-ref --short HEAD [4ms]
[2022-09-30T00:55:45.791Z] > git for-each-ref --format=%(refname)%00%(upstream:short)%00%(objectname)%00%(upstream:track)%00%(upstream:remotename)%00%(upstream:remoteref) refs/heads/master refs/remotes/master [1ms]
[2022-09-30T00:55:45.809Z] > git for-each-ref --sort -committerdate --format %(refname) %(objectname) %(*objectname) [11ms]
[2022-09-30T00:55:45.809Z] > git remote --verbose [1ms]
[2022-09-30T00:55:45.881Z] > git config --get commit.template [17ms]
[2022-09-30T00:55:49.740Z] > git check-ignore -v -z --stdin [1ms]
[2022-09-30T00:55:50.933Z] > git status -z -uall [33ms]
[2022-09-30T00:55:50.952Z] > git symbolic-ref --short HEAD [2ms]
[2022-09-30T00:55:50.974Z] > git for-each-ref --format=%(refname)%00%(upstream:short)%00%(objectname)%00%(upstream:track)%00%(upstream:remotename)%00%(upstream:remoteref) refs/heads/master refs/remotes/master [5ms]
[2022-09-30T00:55:51.016Z] > git for-each-ref --sort -committerdate --format %(refname) %(objectname) %(*objectname) [23ms]
[2022-09-30T00:55:51.016Z] > git remote --verbose [1ms]
[2022-09-30T00:55:51.080Z] > git config --get commit.template [2ms]
[2022-09-30T00:56:01.405Z] > git status -z -uall [70ms]
[2022-09-30T00:56:01.429Z] > git symbolic-ref --short HEAD [4ms]
[2022-09-30T00:56:01.441Z] > git for-each-ref --format=%(refname)%00%(upstream:short)%00%(objectname)%00%(upstream:track)%00%(upstream:remotename)%00%(upstream:remoteref) refs/heads/master refs/remotes/master [1ms]
[2022-09-30T00:56:01.456Z] > git for-each-ref --sort -committerdate --format %(refname) %(objectname) %(*objectname) [7ms]
[2022-09-30T00:56:01.456Z] > git remote --verbose [1ms]
[2022-09-30T00:56:01.512Z] > git config --get commit.template [1ms]
[2022-09-30T00:56:06.536Z] > git status -z -uall [16ms]
[2022-09-30T00:56:06.545Z] > git symbolic-ref --short HEAD [1ms]
[2022-09-30T00:56:06.553Z] > git for-each-ref --format=%(refname)%00%(upstream:short)%00%(objectname)%00%(upstream:track)%00%(upstream:remotename)%00%(upstream:remoteref) refs/heads/master refs/remotes/master [1ms]
[2022-09-30T00:56:06.574Z] > git remote --verbose [1ms]
[2022-09-30T00:56:06.575Z] > git for-each-ref --sort -committerdate --format %(refname) %(objectname) %(*objectname) [13ms]
[2022-09-30T00:56:06.625Z] > git config --get commit.template [2ms]
[2022-09-30T00:56:16.632Z] > git status -z -uall [101ms]
[2022-09-30T00:56:16.658Z] > git symbolic-ref --short HEAD [2ms]
[2022-09-30T00:56:16.676Z] > git for-each-ref --format=%(refname)%00%(upstream:short)%00%(objectname)%00%(upstream:track)%00%(upstream:remotename)%00%(upstream:remoteref) refs/heads/master refs/remotes/master [1ms]
[2022-09-30T00:56:16.710Z] > git remote --verbose [2ms]
[2022-09-30T00:56:16.710Z] > git for-each-ref --sort -committerdate --format %(refname) %(objectname) %(*objectname) [21ms]
[2022-09-30T00:56:18.405Z] > git config --get commit.template [52ms]
[2022-09-30T00:56:20.940Z] > git show --textconv :exemplo.cpp [12ms]
[2022-09-30T00:56:20.941Z] > git ls-files --stage -- /home/vitor/exemplo.cpp [3ms]
[2022-09-30T00:56:20.950Z] > git cat-file -s b354b76453026155adb1027096edcf2dcb59c75c [1ms]
[2022-09-30T00:56:21.983Z] > git show --textconv :exemplo.cpp [9ms]
[2022-09-30T00:56:21.986Z] > git ls-files --stage -- /home/vitor/exemplo.cpp [3ms]
[2022-09-30T00:56:21.994Z] > git cat-file -s b354b76453026155adb1027096edcf2dcb59c75c [1ms]
[2022-09-30T00:56:23.214Z] > git show --textconv :exer.cpp [6ms]
[2022-09-30T00:56:23.215Z] > git ls-files --stage -- /home/vitor/exer.cpp [2ms]
[2022-09-30T00:56:23.222Z] > git cat-file -s 4600dca39a5ca70895add4173fddb0bcb3c77e17 [2ms]
[2022-09-30T00:56:23.800Z] > git show --textconv :Trabalhopronto.cpp [10ms]
[2022-09-30T00:56:23.803Z] > git ls-files --stage -- /home/vitor/Trabalhopronto.cpp [4ms]
[2022-09-30T00:56:23.811Z] > git cat-file -s 49985d60e27e38ca34034a31bb4694ba8402ea4c [1ms]
[2022-09-30T00:56:23.872Z] > git status -z -uall [450ms]
[2022-09-30T00:56:23.878Z] > git symbolic-ref --short HEAD [1ms]
[2022-09-30T00:56:23.884Z] > git for-each-ref --format=%(refname)%00%(upstream:short)%00%(objectname)%00%(upstream:track)%00%(upstream:remotename)%00%(upstream:remoteref) refs/heads/master refs/remotes/master [0ms]
[2022-09-30T00:56:23.896Z] > git remote --verbose [1ms]
[2022-09-30T00:56:23.896Z] > git for-each-ref --sort -committerdate --format %(refname) %(objectname) %(*objectname) [6ms]
[2022-09-30T00:56:23.946Z] > git config --get commit.template [0ms]
[2022-09-30T00:56:29.433Z] > git status -z -uall [478ms]
[2022-09-30T00:56:29.442Z] > git symbolic-ref --short HEAD [0ms]
[2022-09-30T00:56:29.450Z] > git for-each-ref --format=%(refname)%00%(upstream:short)%00%(objectname)%00%(upstream:track)%00%(upstream:remotename)%00%(upstream:remoteref) refs/heads/master refs/remotes/master [0ms]
[2022-09-30T00:56:29.466Z] > git for-each-ref --sort -committerdate --format %(refname) %(objectname) %(*objectname) [9ms]
[2022-09-30T00:56:29.467Z] > git remote --verbose [2ms]
[2022-09-30T00:56:29.513Z] > git config --get commit.template [1ms]
[2022-09-30T00:56:36.281Z] > git status -z -uall [661ms]
[2022-09-30T00:56:36.322Z] > git symbolic-ref --short HEAD [2ms]
[2022-09-30T00:56:36.349Z] > git for-each-ref --format=%(refname)%00%(upstream:short)%00%(objectname)%00%(upstream:track)%00%(upstream:remotename)%00%(upstream:remoteref) refs/heads/master refs/remotes/master [2ms]
[2022-09-30T00:56:36.402Z] > git for-each-ref --sort -committerdate --format %(refname) %(objectname) %(*objectname) [31ms]
[2022-09-30T00:56:36.404Z] > git remote --verbose [5ms]
[2022-09-30T00:56:36.524Z] > git config --get commit.template [2ms]
[2022-09-30T00:56:41.951Z] > git status -z -uall [416ms]
[2022-09-30T00:56:41.957Z] > git symbolic-ref --short HEAD [1ms]
[2022-09-30T00:56:41.964Z] > git for-each-ref --format=%(refname)%00%(upstream:short)%00%(objectname)%00%(upstream:track)%00%(upstream:remotename)%00%(upstream:remoteref) refs/heads/master refs/remotes/master [0ms]
[2022-09-30T00:56:41.979Z] > git remote --verbose [1ms]
[2022-09-30T00:56:41.979Z] > git for-each-ref --sort -committerdate --format %(refname) %(objectname) %(*objectname) [8ms]
[2022-09-30T00:56:42.014Z] > git config --get commit.template [1ms]
[2022-09-30T00:56:47.331Z] > git show --textconv :teste [10ms]
[2022-09-30T00:56:47.333Z] > git ls-files --stage -- /home/vitor/teste [3ms]
[2022-09-30T00:56:47.524Z] > git status -z -uall [503ms]
[2022-09-30T00:56:47.532Z] > git symbolic-ref --short HEAD [1ms]
[2022-09-30T00:56:47.541Z] > git for-each-ref --format=%(refname)%00%(upstream:short)%00%(objectname)%00%(upstream:track)%00%(upstream:remotename)%00%(upstream:remoteref) refs/heads/master refs/remotes/master [0ms]
[2022-09-30T00:56:47.554Z] > git for-each-ref --sort -committerdate --format %(refname) %(objectname) %(*objectname) [6ms]
[2022-09-30T00:56:47.554Z] > git remote --verbose [1ms]
[2022-09-30T00:56:47.593Z] > git config --get commit.template [1ms]
[2022-09-30T00:56:53.032Z] > git status -z -uall [432ms]
[2022-09-30T00:56:53.046Z] > git symbolic-ref --short HEAD [2ms]
[2022-09-30T00:56:53.057Z] > git for-each-ref --format=%(refname)%00%(upstream:short)%00%(objectname)%00%(upstream:track)%00%(upstream:remotename)%00%(upstream:remoteref) refs/heads/master refs/remotes/master [1ms]
[2022-09-30T00:56:53.076Z] > git remote --verbose [1ms]
[2022-09-30T00:56:53.076Z] > git for-each-ref --sort -committerdate --format %(refname) %(objectname) %(*objectname) [11ms]
[2022-09-30T00:56:53.127Z] > git config --get commit.template [2ms]
[2022-09-30T00:56:54.141Z] > git ls-files --stage -- /home/vitor/teste [1ms]
[2022-09-30T00:56:54.194Z] > git show --textconv :teste [2ms]
[2022-09-30T00:56:56.543Z] > git ls-files --stage -- /home/vitor/teste [2ms]
[2022-09-30T00:56:56.551Z] > git cat-file -s e69de29bb2d1d6434b8b29ae775ad8c2e48c5391 [1ms]
[2022-09-30T00:56:56.565Z] > git show --textconv :teste [2ms]
[2022-09-30T00:56:58.159Z] > git status -z -uall [17ms]
[2022-09-30T00:56:58.174Z] > git symbolic-ref --short HEAD [2ms]
[2022-09-30T00:56:58.184Z] > git for-each-ref --format=%(refname)%00%(upstream:short)%00%(objectname)%00%(upstream:track)%00%(upstream:remotename)%00%(upstream:remoteref) refs/heads/master refs/remotes/master [1ms]
[2022-09-30T00:56:58.234Z] > git for-each-ref --sort -committerdate --format %(refname) %(objectname) %(*objectname) [38ms]
[2022-09-30T00:56:58.235Z] > git remote --verbose [25ms]
[2022-09-30T00:56:58.312Z] > git ls-files --stage -- /home/vitor/teste [80ms]
[2022-09-30T00:56:58.322Z] > git config --get commit.template [32ms]
[2022-09-30T00:56:58.324Z] > git cat-file -s e69de29bb2d1d6434b8b29ae775ad8c2e48c5391 [2ms]
[2022-09-30T00:56:58.338Z] > git show --textconv :teste [3ms]
[2022-09-30T00:57:03.208Z] > git show --textconv :teste [28ms]
[2022-09-30T00:57:03.211Z] > git ls-files --stage -- /home/vitor/teste [5ms]
[2022-09-30T00:57:03.228Z] > git cat-file -s e69de29bb2d1d6434b8b29ae775ad8c2e48c5391 [1ms]
[2022-09-30T00:57:03.383Z] > git status -z -uall [34ms]
[2022-09-30T00:57:03.393Z] > git symbolic-ref --short HEAD [1ms]
[2022-09-30T00:57:03.414Z] > git for-each-ref --format=%(refname)%00%(upstream:short)%00%(objectname)%00%(upstream:track)%00%(upstream:remotename)%00%(upstream:remoteref) refs/heads/master refs/remotes/master [1ms]
[2022-09-30T00:57:03.454Z] > git remote --verbose [1ms]
[2022-09-30T00:57:03.454Z] > git for-each-ref --sort -committerdate --format %(refname) %(objectname) %(*objectname) [18ms]
[2022-09-30T00:57:03.571Z] > git config --get commit.template [3ms]
[2022-09-30T00:57:05.753Z] > git show --textconv :teste [7ms]
[2022-09-30T00:57:05.754Z] > git ls-files --stage -- /home/vitor/teste [1ms]
[2022-09-30T00:57:05.764Z] > git cat-file -s e69de29bb2d1d6434b8b29ae775ad8c2e48c5391 [1ms]
[2022-09-30T00:57:08.593Z] > git status -z -uall [15ms]
[2022-09-30T00:57:08.602Z] > git symbolic-ref --short HEAD [1ms]
[2022-09-30T00:57:08.611Z] > git for-each-ref --format=%(refname)%00%(upstream:short)%00%(objectname)%00%(upstream:track)%00%(upstream:remotename)%00%(upstream:remoteref) refs/heads/master refs/remotes/master [1ms]
[2022-09-30T00:57:08.624Z] > git remote --verbose [1ms]
[2022-09-30T00:57:08.624Z] > git for-each-ref --sort -committerdate --format %(refname) %(objectname) %(*objectname) [6ms]
[2022-09-30T00:57:08.668Z] > git config --get commit.template [2ms]
